Eigenvalues:
[0.8+0.17320508j 0.8-0.17320508j]
Is the system stable? -- True
Is the system controllable? True
Is the system observable? True
Edges: 18
vertex connectivity: 1
edge connectivity: 1
degree: 2
(60, 1)
(114, 1)
Shape of Hankel (160, 193)
The Hankel matrix spans the restricted behaviour:  rank(H) = Lm+n =  100
Shape of Hankel (304, 193)
The Hankel matrix does NOT span the restricted behavior: rank(H) = 100 
 mL+n = 244
Shape of Hankel (24, 193)
The Hankel matrix spans the restricted behaviour:  rank(H) = Lm+n =  18
Shape of Hankel (32, 193)
The Hankel matrix spans the restricted behaviour:  rank(H) = Lm+n =  26
Shape of Hankel (32, 193)
The Hankel matrix spans the restricted behaviour:  rank(H) = Lm+n =  26
Shape of Hankel (32, 193)
The Hankel matrix spans the restricted behaviour:  rank(H) = Lm+n =  26
Shape of Hankel (32, 193)
The Hankel matrix spans the restricted behaviour:  rank(H) = Lm+n =  26
Shape of Hankel (32, 193)
The Hankel matrix spans the restricted behaviour:  rank(H) = Lm+n =  26
Shape of Hankel (32, 193)
The Hankel matrix spans the restricted behaviour:  rank(H) = Lm+n =  26
Shape of Hankel (32, 193)
The Hankel matrix spans the restricted behaviour:  rank(H) = Lm+n =  26
Shape of Hankel (32, 193)
The Hankel matrix spans the restricted behaviour:  rank(H) = Lm+n =  26
Shape of Hankel (24, 193)
The Hankel matrix spans the restricted behaviour:  rank(H) = Lm+n =  18
rank 100
Running time of Alberto Algo with 100 iterations:  4.9948700950000005
[76]
Running time of distributed Algo with 100 outer iter and 5 alternating projection:  19.040766712
Running time of Worst case distributed Algo with 100 outer iter and 5 alternating projection:  12.490707844999985
rank 100
Running time of Alberto Algo with 100 iterations:  4.968473107999998
[76]
Running time of distributed Algo with 100 outer iter and 5 alternating projection:  19.263229309
Running time of Worst case distributed Algo with 100 outer iter and 5 alternating projection:  12.506387579000048
rank 100
Running time of Alberto Algo with 100 iterations:  4.965188058999999
[76]
Running time of distributed Algo with 100 outer iter and 5 alternating projection:  19.189789903000005
Running time of Worst case distributed Algo with 100 outer iter and 5 alternating projection:  12.367150517999825
rank 100
Running time of Alberto Algo with 100 iterations:  4.998407205000007
[76]
Running time of distributed Algo with 100 outer iter and 5 alternating projection:  19.12628417100001
Running time of Worst case distributed Algo with 100 outer iter and 5 alternating projection:  12.319415698999677
rank 100
Running time of Alberto Algo with 100 iterations:  4.918057848000004
[75]
Running time of distributed Algo with 100 outer iter and 5 alternating projection:  19.098634160000003
Running time of Worst case distributed Algo with 100 outer iter and 5 alternating projection:  12.32987956899997
Edges: 38
vertex connectivity: 1
edge connectivity: 1
degree: 2
(120, 1)
(234, 1)
Shape of Hankel (320, 293)
The Hankel matrix spans the restricted behaviour:  rank(H) = Lm+n =  200
Shape of Hankel (624, 293)
The Hankel matrix does NOT span the restricted behavior: rank(H) = 200 
 mL+n = 504
Shape of Hankel (24, 293)
The Hankel matrix spans the restricted behaviour:  rank(H) = Lm+n =  18
Shape of Hankel (32, 293)
The Hankel matrix spans the restricted behaviour:  rank(H) = Lm+n =  26
Shape of Hankel (32, 293)
The Hankel matrix spans the restricted behaviour:  rank(H) = Lm+n =  26
Shape of Hankel (32, 293)
The Hankel matrix spans the restricted behaviour:  rank(H) = Lm+n =  26
Shape of Hankel (32, 293)
The Hankel matrix spans the restricted behaviour:  rank(H) = Lm+n =  26
Shape of Hankel (32, 293)
The Hankel matrix spans the restricted behaviour:  rank(H) = Lm+n =  26
Shape of Hankel (32, 293)
The Hankel matrix spans the restricted behaviour:  rank(H) = Lm+n =  26
Shape of Hankel (32, 293)
The Hankel matrix spans the restricted behaviour:  rank(H) = Lm+n =  26
Shape of Hankel (32, 293)
The Hankel matrix spans the restricted behaviour:  rank(H) = Lm+n =  26
Shape of Hankel (32, 293)
The Hankel matrix spans the restricted behaviour:  rank(H) = Lm+n =  26
Shape of Hankel (32, 293)
The Hankel matrix spans the restricted behaviour:  rank(H) = Lm+n =  26
Shape of Hankel (32, 293)
The Hankel matrix spans the restricted behaviour:  rank(H) = Lm+n =  26
Shape of Hankel (32, 293)
The Hankel matrix spans the restricted behaviour:  rank(H) = Lm+n =  26
Shape of Hankel (32, 293)
The Hankel matrix spans the restricted behaviour:  rank(H) = Lm+n =  26
Shape of Hankel (32, 293)
The Hankel matrix spans the restricted behaviour:  rank(H) = Lm+n =  26
Shape of Hankel (32, 293)
The Hankel matrix spans the restricted behaviour:  rank(H) = Lm+n =  26
Shape of Hankel (32, 293)
The Hankel matrix spans the restricted behaviour:  rank(H) = Lm+n =  26
Shape of Hankel (32, 293)
The Hankel matrix spans the restricted behaviour:  rank(H) = Lm+n =  26
Shape of Hankel (32, 293)
The Hankel matrix spans the restricted behaviour:  rank(H) = Lm+n =  26
Shape of Hankel (24, 293)
The Hankel matrix spans the restricted behaviour:  rank(H) = Lm+n =  18
rank 200
Running time of Alberto Algo with 100 iterations:  20.363709096000008
[77]
Running time of distributed Algo with 100 outer iter and 5 alternating projection:  41.78089878099999
Running time of Worst case distributed Algo with 100 outer iter and 5 alternating projection:  27.395559733999733
rank 200
Running time of Alberto Algo with 100 iterations:  20.310912485000017
[77]
Running time of distributed Algo with 100 outer iter and 5 alternating projection:  41.66741714300002
Running time of Worst case distributed Algo with 100 outer iter and 5 alternating projection:  28.004362471000547
rank 200
Running time of Alberto Algo with 100 iterations:  20.048239496000036
[76]
Running time of distributed Algo with 100 outer iter and 5 alternating projection:  41.68816905399996
Running time of Worst case distributed Algo with 100 outer iter and 5 alternating projection:  27.864838871999837
rank 200
Running time of Alberto Algo with 100 iterations:  20.059478071
[76]
Running time of distributed Algo with 100 outer iter and 5 alternating projection:  41.89340590300003
Running time of Worst case distributed Algo with 100 outer iter and 5 alternating projection:  27.843177656000194
rank 200
Running time of Alberto Algo with 100 iterations:  20.40988705000001
[77]
Running time of distributed Algo with 100 outer iter and 5 alternating projection:  41.663113848999956
Running time of Worst case distributed Algo with 100 outer iter and 5 alternating projection:  27.494913587002145
Edges: 58
vertex connectivity: 1
edge connectivity: 1
degree: 2
(180, 1)
(354, 1)
Shape of Hankel (480, 393)
The Hankel matrix spans the restricted behaviour:  rank(H) = Lm+n =  300
Shape of Hankel (944, 393)
The Hankel matrix does NOT span the restricted behavior: rank(H) = 300 
 mL+n = 764
Shape of Hankel (24, 393)
The Hankel matrix spans the restricted behaviour:  rank(H) = Lm+n =  18
Shape of Hankel (32, 393)
The Hankel matrix spans the restricted behaviour:  rank(H) = Lm+n =  26
Shape of Hankel (32, 393)
The Hankel matrix spans the restricted behaviour:  rank(H) = Lm+n =  26
Shape of Hankel (32, 393)
The Hankel matrix spans the restricted behaviour:  rank(H) = Lm+n =  26
Shape of Hankel (32, 393)
The Hankel matrix spans the restricted behaviour:  rank(H) = Lm+n =  26
Shape of Hankel (32, 393)
The Hankel matrix spans the restricted behaviour:  rank(H) = Lm+n =  26
Shape of Hankel (32, 393)
The Hankel matrix spans the restricted behaviour:  rank(H) = Lm+n =  26
Shape of Hankel (32, 393)
The Hankel matrix spans the restricted behaviour:  rank(H) = Lm+n =  26
Shape of Hankel (32, 393)
The Hankel matrix spans the restricted behaviour:  rank(H) = Lm+n =  26
Shape of Hankel (32, 393)
The Hankel matrix spans the restricted behaviour:  rank(H) = Lm+n =  26
Shape of Hankel (32, 393)
The Hankel matrix spans the restricted behaviour:  rank(H) = Lm+n =  26
Shape of Hankel (32, 393)
The Hankel matrix spans the restricted behaviour:  rank(H) = Lm+n =  26
Shape of Hankel (32, 393)
The Hankel matrix spans the restricted behaviour:  rank(H) = Lm+n =  26
Shape of Hankel (32, 393)
The Hankel matrix spans the restricted behaviour:  rank(H) = Lm+n =  26
Shape of Hankel (32, 393)
The Hankel matrix spans the restricted behaviour:  rank(H) = Lm+n =  26
Shape of Hankel (32, 393)
The Hankel matrix spans the restricted behaviour:  rank(H) = Lm+n =  26
Shape of Hankel (32, 393)
The Hankel matrix spans the restricted behaviour:  rank(H) = Lm+n =  26
Shape of Hankel (32, 393)
The Hankel matrix spans the restricted behaviour:  rank(H) = Lm+n =  26
Shape of Hankel (32, 393)
The Hankel matrix spans the restricted behaviour:  rank(H) = Lm+n =  26
Shape of Hankel (32, 393)
The Hankel matrix spans the restricted behaviour:  rank(H) = Lm+n =  26
Shape of Hankel (32, 393)
The Hankel matrix spans the restricted behaviour:  rank(H) = Lm+n =  26
Shape of Hankel (32, 393)
The Hankel matrix spans the restricted behaviour:  rank(H) = Lm+n =  26
Shape of Hankel (32, 393)
The Hankel matrix spans the restricted behaviour:  rank(H) = Lm+n =  26
Shape of Hankel (32, 393)
The Hankel matrix spans the restricted behaviour:  rank(H) = Lm+n =  26
Shape of Hankel (32, 393)
The Hankel matrix spans the restricted behaviour:  rank(H) = Lm+n =  26
Shape of Hankel (32, 393)
The Hankel matrix spans the restricted behaviour:  rank(H) = Lm+n =  26
Shape of Hankel (32, 393)
The Hankel matrix spans the restricted behaviour:  rank(H) = Lm+n =  26
Shape of Hankel (32, 393)
The Hankel matrix spans the restricted behaviour:  rank(H) = Lm+n =  26
Shape of Hankel (32, 393)
The Hankel matrix spans the restricted behaviour:  rank(H) = Lm+n =  26
Shape of Hankel (24, 393)
The Hankel matrix spans the restricted behaviour:  rank(H) = Lm+n =  18
rank 300
Running time of Alberto Algo with 100 iterations:  45.46571673
[77]
Running time of distributed Algo with 100 outer iter and 5 alternating projection:  63.94223652400001
Running time of Worst case distributed Algo with 100 outer iter and 5 alternating projection:  41.75736376700047
rank 300
Running time of Alberto Algo with 100 iterations:  45.41602629199997
[77]
Running time of distributed Algo with 100 outer iter and 5 alternating projection:  64.20611429500002
Running time of Worst case distributed Algo with 100 outer iter and 5 alternating projection:  41.45732374599879
rank 300
Running time of Alberto Algo with 100 iterations:  45.764173916999994
[77]
Running time of distributed Algo with 100 outer iter and 5 alternating projection:  63.77198554100005
Running time of Worst case distributed Algo with 100 outer iter and 5 alternating projection:  41.7899866670009
rank 300
Running time of Alberto Algo with 100 iterations:  45.57435779599996
[77]
Running time of distributed Algo with 100 outer iter and 5 alternating projection:  63.325086725999995
Running time of Worst case distributed Algo with 100 outer iter and 5 alternating projection:  42.187968672002626
rank 300
Running time of Alberto Algo with 100 iterations:  45.597893142999965
[77]
Running time of distributed Algo with 100 outer iter and 5 alternating projection:  63.89867575599999
Running time of Worst case distributed Algo with 100 outer iter and 5 alternating projection:  41.26752157499868
Edges: 78
vertex connectivity: 1
edge connectivity: 1
degree: 2
(240, 1)
(474, 1)
Shape of Hankel (640, 493)
The Hankel matrix spans the restricted behaviour:  rank(H) = Lm+n =  400
Shape of Hankel (1264, 493)
The Hankel matrix does NOT span the restricted behavior: rank(H) = 400 
 mL+n = 1024
Shape of Hankel (24, 493)
The Hankel matrix spans the restricted behaviour:  rank(H) = Lm+n =  18
Shape of Hankel (32, 493)
The Hankel matrix spans the restricted behaviour:  rank(H) = Lm+n =  26
Shape of Hankel (32, 493)
The Hankel matrix spans the restricted behaviour:  rank(H) = Lm+n =  26
Shape of Hankel (32, 493)
The Hankel matrix spans the restricted behaviour:  rank(H) = Lm+n =  26
Shape of Hankel (32, 493)
The Hankel matrix spans the restricted behaviour:  rank(H) = Lm+n =  26
Shape of Hankel (32, 493)
The Hankel matrix spans the restricted behaviour:  rank(H) = Lm+n =  26
Shape of Hankel (32, 493)
The Hankel matrix spans the restricted behaviour:  rank(H) = Lm+n =  26
Shape of Hankel (32, 493)
The Hankel matrix spans the restricted behaviour:  rank(H) = Lm+n =  26
Shape of Hankel (32, 493)
The Hankel matrix spans the restricted behaviour:  rank(H) = Lm+n =  26
Shape of Hankel (32, 493)
The Hankel matrix spans the restricted behaviour:  rank(H) = Lm+n =  26
Shape of Hankel (32, 493)
The Hankel matrix spans the restricted behaviour:  rank(H) = Lm+n =  26
Shape of Hankel (32, 493)
The Hankel matrix spans the restricted behaviour:  rank(H) = Lm+n =  26
Shape of Hankel (32, 493)
The Hankel matrix spans the restricted behaviour:  rank(H) = Lm+n =  26
Shape of Hankel (32, 493)
The Hankel matrix spans the restricted behaviour:  rank(H) = Lm+n =  26
Shape of Hankel (32, 493)
The Hankel matrix spans the restricted behaviour:  rank(H) = Lm+n =  26
Shape of Hankel (32, 493)
The Hankel matrix spans the restricted behaviour:  rank(H) = Lm+n =  26
Shape of Hankel (32, 493)
The Hankel matrix spans the restricted behaviour:  rank(H) = Lm+n =  26
Shape of Hankel (32, 493)
The Hankel matrix spans the restricted behaviour:  rank(H) = Lm+n =  26
Shape of Hankel (32, 493)
The Hankel matrix spans the restricted behaviour:  rank(H) = Lm+n =  26
Shape of Hankel (32, 493)
The Hankel matrix spans the restricted behaviour:  rank(H) = Lm+n =  26
Shape of Hankel (32, 493)
The Hankel matrix spans the restricted behaviour:  rank(H) = Lm+n =  26
Shape of Hankel (32, 493)
The Hankel matrix spans the restricted behaviour:  rank(H) = Lm+n =  26
Shape of Hankel (32, 493)
The Hankel matrix spans the restricted behaviour:  rank(H) = Lm+n =  26
Shape of Hankel (32, 493)
The Hankel matrix spans the restricted behaviour:  rank(H) = Lm+n =  26
Shape of Hankel (32, 493)
The Hankel matrix spans the restricted behaviour:  rank(H) = Lm+n =  26
Shape of Hankel (32, 493)
The Hankel matrix spans the restricted behaviour:  rank(H) = Lm+n =  26
Shape of Hankel (32, 493)
The Hankel matrix spans the restricted behaviour:  rank(H) = Lm+n =  26
Shape of Hankel (32, 493)
The Hankel matrix spans the restricted behaviour:  rank(H) = Lm+n =  26
Shape of Hankel (32, 493)
The Hankel matrix spans the restricted behaviour:  rank(H) = Lm+n =  26
Shape of Hankel (32, 493)
The Hankel matrix spans the restricted behaviour:  rank(H) = Lm+n =  26
Shape of Hankel (32, 493)
The Hankel matrix spans the restricted behaviour:  rank(H) = Lm+n =  26
Shape of Hankel (32, 493)
The Hankel matrix spans the restricted behaviour:  rank(H) = Lm+n =  26
Shape of Hankel (32, 493)
The Hankel matrix spans the restricted behaviour:  rank(H) = Lm+n =  26
Shape of Hankel (32, 493)
The Hankel matrix spans the restricted behaviour:  rank(H) = Lm+n =  26
Shape of Hankel (32, 493)
The Hankel matrix spans the restricted behaviour:  rank(H) = Lm+n =  26
Shape of Hankel (32, 493)
The Hankel matrix spans the restricted behaviour:  rank(H) = Lm+n =  26
Shape of Hankel (32, 493)
The Hankel matrix spans the restricted behaviour:  rank(H) = Lm+n =  26
Shape of Hankel (32, 493)
The Hankel matrix spans the restricted behaviour:  rank(H) = Lm+n =  26
Shape of Hankel (32, 493)
The Hankel matrix spans the restricted behaviour:  rank(H) = Lm+n =  26
Shape of Hankel (24, 493)
The Hankel matrix spans the restricted behaviour:  rank(H) = Lm+n =  18
rank 400
Running time of Alberto Algo with 100 iterations:  79.73744565699997
[78]
Running time of distributed Algo with 100 outer iter and 5 alternating projection:  86.64271431299994
Running time of Worst case distributed Algo with 100 outer iter and 5 alternating projection:  54.28863396899237
rank 400
Running time of Alberto Algo with 100 iterations:  80.47266330599996
[78]
Running time of distributed Algo with 100 outer iter and 5 alternating projection:  86.603515217
Running time of Worst case distributed Algo with 100 outer iter and 5 alternating projection:  53.539626486998486
rank 400
Running time of Alberto Algo with 100 iterations:  80.39654441699986
[78]
Running time of distributed Algo with 100 outer iter and 5 alternating projection:  85.83126656399986
Running time of Worst case distributed Algo with 100 outer iter and 5 alternating projection:  53.182074112004784
rank 400
Running time of Alberto Algo with 100 iterations:  80.45562498900017
[78]
Running time of distributed Algo with 100 outer iter and 5 alternating projection:  85.78072936100011
Running time of Worst case distributed Algo with 100 outer iter and 5 alternating projection:  54.773377208004376
rank 400
Running time of Alberto Algo with 100 iterations:  79.75565662199983
[78]
Running time of distributed Algo with 100 outer iter and 5 alternating projection:  85.80117326599998
Running time of Worst case distributed Algo with 100 outer iter and 5 alternating projection:  54.45865440099374
Edges: 98
vertex connectivity: 1
edge connectivity: 1
degree: 2
(300, 1)
(594, 1)
Shape of Hankel (800, 593)
The Hankel matrix spans the restricted behaviour:  rank(H) = Lm+n =  500
Shape of Hankel (1584, 593)
The Hankel matrix does NOT span the restricted behavior: rank(H) = 500 
 mL+n = 1284
Shape of Hankel (24, 593)
The Hankel matrix spans the restricted behaviour:  rank(H) = Lm+n =  18
Shape of Hankel (32, 593)
The Hankel matrix spans the restricted behaviour:  rank(H) = Lm+n =  26
Shape of Hankel (32, 593)
The Hankel matrix spans the restricted behaviour:  rank(H) = Lm+n =  26
Shape of Hankel (32, 593)
The Hankel matrix spans the restricted behaviour:  rank(H) = Lm+n =  26
Shape of Hankel (32, 593)
The Hankel matrix spans the restricted behaviour:  rank(H) = Lm+n =  26
Shape of Hankel (32, 593)
The Hankel matrix spans the restricted behaviour:  rank(H) = Lm+n =  26
Shape of Hankel (32, 593)
The Hankel matrix spans the restricted behaviour:  rank(H) = Lm+n =  26
Shape of Hankel (32, 593)
The Hankel matrix spans the restricted behaviour:  rank(H) = Lm+n =  26
Shape of Hankel (32, 593)
The Hankel matrix spans the restricted behaviour:  rank(H) = Lm+n =  26
Shape of Hankel (32, 593)
The Hankel matrix spans the restricted behaviour:  rank(H) = Lm+n =  26
Shape of Hankel (32, 593)
The Hankel matrix spans the restricted behaviour:  rank(H) = Lm+n =  26
Shape of Hankel (32, 593)
The Hankel matrix spans the restricted behaviour:  rank(H) = Lm+n =  26
Shape of Hankel (32, 593)
The Hankel matrix spans the restricted behaviour:  rank(H) = Lm+n =  26
Shape of Hankel (32, 593)
The Hankel matrix spans the restricted behaviour:  rank(H) = Lm+n =  26
Shape of Hankel (32, 593)
The Hankel matrix spans the restricted behaviour:  rank(H) = Lm+n =  26
Shape of Hankel (32, 593)
The Hankel matrix spans the restricted behaviour:  rank(H) = Lm+n =  26
Shape of Hankel (32, 593)
The Hankel matrix spans the restricted behaviour:  rank(H) = Lm+n =  26
Shape of Hankel (32, 593)
The Hankel matrix spans the restricted behaviour:  rank(H) = Lm+n =  26
Shape of Hankel (32, 593)
The Hankel matrix spans the restricted behaviour:  rank(H) = Lm+n =  26
Shape of Hankel (32, 593)
The Hankel matrix spans the restricted behaviour:  rank(H) = Lm+n =  26
Shape of Hankel (32, 593)
The Hankel matrix spans the restricted behaviour:  rank(H) = Lm+n =  26
Shape of Hankel (32, 593)
The Hankel matrix spans the restricted behaviour:  rank(H) = Lm+n =  26
Shape of Hankel (32, 593)
The Hankel matrix spans the restricted behaviour:  rank(H) = Lm+n =  26
Shape of Hankel (32, 593)
The Hankel matrix spans the restricted behaviour:  rank(H) = Lm+n =  26
Shape of Hankel (32, 593)
The Hankel matrix spans the restricted behaviour:  rank(H) = Lm+n =  26
Shape of Hankel (32, 593)
The Hankel matrix spans the restricted behaviour:  rank(H) = Lm+n =  26
Shape of Hankel (32, 593)
The Hankel matrix spans the restricted behaviour:  rank(H) = Lm+n =  26
Shape of Hankel (32, 593)
The Hankel matrix spans the restricted behaviour:  rank(H) = Lm+n =  26
Shape of Hankel (32, 593)
The Hankel matrix spans the restricted behaviour:  rank(H) = Lm+n =  26
Shape of Hankel (32, 593)
The Hankel matrix spans the restricted behaviour:  rank(H) = Lm+n =  26
Shape of Hankel (32, 593)
The Hankel matrix spans the restricted behaviour:  rank(H) = Lm+n =  26
Shape of Hankel (32, 593)
The Hankel matrix spans the restricted behaviour:  rank(H) = Lm+n =  26
Shape of Hankel (32, 593)
The Hankel matrix spans the restricted behaviour:  rank(H) = Lm+n =  26
Shape of Hankel (32, 593)
The Hankel matrix spans the restricted behaviour:  rank(H) = Lm+n =  26
Shape of Hankel (32, 593)
The Hankel matrix spans the restricted behaviour:  rank(H) = Lm+n =  26
Shape of Hankel (32, 593)
The Hankel matrix spans the restricted behaviour:  rank(H) = Lm+n =  26
Shape of Hankel (32, 593)
The Hankel matrix spans the restricted behaviour:  rank(H) = Lm+n =  26
Shape of Hankel (32, 593)
The Hankel matrix spans the restricted behaviour:  rank(H) = Lm+n =  26
Shape of Hankel (32, 593)
The Hankel matrix spans the restricted behaviour:  rank(H) = Lm+n =  26
Shape of Hankel (32, 593)
The Hankel matrix spans the restricted behaviour:  rank(H) = Lm+n =  26
Shape of Hankel (32, 593)
The Hankel matrix spans the restricted behaviour:  rank(H) = Lm+n =  26
Shape of Hankel (32, 593)
The Hankel matrix spans the restricted behaviour:  rank(H) = Lm+n =  26
Shape of Hankel (32, 593)
The Hankel matrix spans the restricted behaviour:  rank(H) = Lm+n =  26
Shape of Hankel (32, 593)
The Hankel matrix spans the restricted behaviour:  rank(H) = Lm+n =  26
Shape of Hankel (32, 593)
The Hankel matrix spans the restricted behaviour:  rank(H) = Lm+n =  26
Shape of Hankel (32, 593)
The Hankel matrix spans the restricted behaviour:  rank(H) = Lm+n =  26
Shape of Hankel (32, 593)
The Hankel matrix spans the restricted behaviour:  rank(H) = Lm+n =  26
Shape of Hankel (32, 593)
The Hankel matrix spans the restricted behaviour:  rank(H) = Lm+n =  26
Shape of Hankel (32, 593)
The Hankel matrix spans the restricted behaviour:  rank(H) = Lm+n =  26
Shape of Hankel (24, 593)
The Hankel matrix spans the restricted behaviour:  rank(H) = Lm+n =  18
rank 500
Running time of Alberto Algo with 100 iterations:  128.52179984999998
[78]
Running time of distributed Algo with 100 outer iter and 5 alternating projection:  109.18264062800017
Running time of Worst case distributed Algo with 100 outer iter and 5 alternating projection:  65.08028398999636
rank 500
Running time of Alberto Algo with 100 iterations:  128.51912704799997
[78]
Running time of distributed Algo with 100 outer iter and 5 alternating projection:  109.24346647699986
Running time of Worst case distributed Algo with 100 outer iter and 5 alternating projection:  64.3953820800034
rank 500
Running time of Alberto Algo with 100 iterations:  128.55398179800022
[78]
Running time of distributed Algo with 100 outer iter and 5 alternating projection:  109.3810113970003
Running time of Worst case distributed Algo with 100 outer iter and 5 alternating projection:  65.40842777600483
rank 500
Running time of Alberto Algo with 100 iterations:  128.46315361400002
[78]
Running time of distributed Algo with 100 outer iter and 5 alternating projection:  109.08626982000033
Running time of Worst case distributed Algo with 100 outer iter and 5 alternating projection:  66.07710468901905
rank 500
Running time of Alberto Algo with 100 iterations:  129.05490354400035
[78]
Running time of distributed Algo with 100 outer iter and 5 alternating projection:  109.28672902399967
Running time of Worst case distributed Algo with 100 outer iter and 5 alternating projection:  65.20675141900529
Edges: 118
vertex connectivity: 1
edge connectivity: 1
degree: 2
(360, 1)
(714, 1)
Shape of Hankel (960, 693)
The Hankel matrix spans the restricted behaviour:  rank(H) = Lm+n =  600
Shape of Hankel (1904, 693)
The Hankel matrix does NOT span the restricted behavior: rank(H) = 600 
 mL+n = 1544
Shape of Hankel (24, 693)
The Hankel matrix spans the restricted behaviour:  rank(H) = Lm+n =  18
Shape of Hankel (32, 693)
The Hankel matrix spans the restricted behaviour:  rank(H) = Lm+n =  26
Shape of Hankel (32, 693)
The Hankel matrix spans the restricted behaviour:  rank(H) = Lm+n =  26
Shape of Hankel (32, 693)
The Hankel matrix spans the restricted behaviour:  rank(H) = Lm+n =  26
Shape of Hankel (32, 693)
The Hankel matrix spans the restricted behaviour:  rank(H) = Lm+n =  26
Shape of Hankel (32, 693)
The Hankel matrix spans the restricted behaviour:  rank(H) = Lm+n =  26
Shape of Hankel (32, 693)
The Hankel matrix spans the restricted behaviour:  rank(H) = Lm+n =  26
Shape of Hankel (32, 693)
The Hankel matrix spans the restricted behaviour:  rank(H) = Lm+n =  26
Shape of Hankel (32, 693)
The Hankel matrix spans the restricted behaviour:  rank(H) = Lm+n =  26
Shape of Hankel (32, 693)
The Hankel matrix spans the restricted behaviour:  rank(H) = Lm+n =  26
Shape of Hankel (32, 693)
The Hankel matrix spans the restricted behaviour:  rank(H) = Lm+n =  26
Shape of Hankel (32, 693)
The Hankel matrix spans the restricted behaviour:  rank(H) = Lm+n =  26
Shape of Hankel (32, 693)
The Hankel matrix spans the restricted behaviour:  rank(H) = Lm+n =  26
Shape of Hankel (32, 693)
The Hankel matrix spans the restricted behaviour:  rank(H) = Lm+n =  26
Shape of Hankel (32, 693)
The Hankel matrix spans the restricted behaviour:  rank(H) = Lm+n =  26
Shape of Hankel (32, 693)
The Hankel matrix spans the restricted behaviour:  rank(H) = Lm+n =  26
Shape of Hankel (32, 693)
The Hankel matrix spans the restricted behaviour:  rank(H) = Lm+n =  26
Shape of Hankel (32, 693)
The Hankel matrix spans the restricted behaviour:  rank(H) = Lm+n =  26
Shape of Hankel (32, 693)
The Hankel matrix spans the restricted behaviour:  rank(H) = Lm+n =  26
Shape of Hankel (32, 693)
The Hankel matrix spans the restricted behaviour:  rank(H) = Lm+n =  26
Shape of Hankel (32, 693)
The Hankel matrix spans the restricted behaviour:  rank(H) = Lm+n =  26
Shape of Hankel (32, 693)
The Hankel matrix spans the restricted behaviour:  rank(H) = Lm+n =  26
Shape of Hankel (32, 693)
The Hankel matrix spans the restricted behaviour:  rank(H) = Lm+n =  26
Shape of Hankel (32, 693)
The Hankel matrix spans the restricted behaviour:  rank(H) = Lm+n =  26
Shape of Hankel (32, 693)
The Hankel matrix spans the restricted behaviour:  rank(H) = Lm+n =  26
Shape of Hankel (32, 693)
The Hankel matrix spans the restricted behaviour:  rank(H) = Lm+n =  26
Shape of Hankel (32, 693)
The Hankel matrix spans the restricted behaviour:  rank(H) = Lm+n =  26
Shape of Hankel (32, 693)
The Hankel matrix spans the restricted behaviour:  rank(H) = Lm+n =  26
Shape of Hankel (32, 693)
The Hankel matrix spans the restricted behaviour:  rank(H) = Lm+n =  26
Shape of Hankel (32, 693)
The Hankel matrix spans the restricted behaviour:  rank(H) = Lm+n =  26
Shape of Hankel (32, 693)
The Hankel matrix spans the restricted behaviour:  rank(H) = Lm+n =  26
Shape of Hankel (32, 693)
The Hankel matrix spans the restricted behaviour:  rank(H) = Lm+n =  26
Shape of Hankel (32, 693)
The Hankel matrix spans the restricted behaviour:  rank(H) = Lm+n =  26
Shape of Hankel (32, 693)
The Hankel matrix spans the restricted behaviour:  rank(H) = Lm+n =  26
Shape of Hankel (32, 693)
The Hankel matrix spans the restricted behaviour:  rank(H) = Lm+n =  26
Shape of Hankel (32, 693)
The Hankel matrix spans the restricted behaviour:  rank(H) = Lm+n =  26
Shape of Hankel (32, 693)
The Hankel matrix spans the restricted behaviour:  rank(H) = Lm+n =  26
Shape of Hankel (32, 693)
The Hankel matrix spans the restricted behaviour:  rank(H) = Lm+n =  26
Shape of Hankel (32, 693)
The Hankel matrix spans the restricted behaviour:  rank(H) = Lm+n =  26
Shape of Hankel (32, 693)
The Hankel matrix spans the restricted behaviour:  rank(H) = Lm+n =  26
Shape of Hankel (32, 693)
The Hankel matrix spans the restricted behaviour:  rank(H) = Lm+n =  26
Shape of Hankel (32, 693)
The Hankel matrix spans the restricted behaviour:  rank(H) = Lm+n =  26
Shape of Hankel (32, 693)
The Hankel matrix spans the restricted behaviour:  rank(H) = Lm+n =  26
Shape of Hankel (32, 693)
The Hankel matrix spans the restricted behaviour:  rank(H) = Lm+n =  26
Shape of Hankel (32, 693)
The Hankel matrix spans the restricted behaviour:  rank(H) = Lm+n =  26
Shape of Hankel (32, 693)
The Hankel matrix spans the restricted behaviour:  rank(H) = Lm+n =  26
Shape of Hankel (32, 693)
The Hankel matrix spans the restricted behaviour:  rank(H) = Lm+n =  26
Shape of Hankel (32, 693)
The Hankel matrix spans the restricted behaviour:  rank(H) = Lm+n =  26
Shape of Hankel (32, 693)
The Hankel matrix spans the restricted behaviour:  rank(H) = Lm+n =  26
Shape of Hankel (32, 693)
The Hankel matrix spans the restricted behaviour:  rank(H) = Lm+n =  26
Shape of Hankel (32, 693)
The Hankel matrix spans the restricted behaviour:  rank(H) = Lm+n =  26
Shape of Hankel (32, 693)
The Hankel matrix spans the restricted behaviour:  rank(H) = Lm+n =  26
Shape of Hankel (32, 693)
The Hankel matrix spans the restricted behaviour:  rank(H) = Lm+n =  26
Shape of Hankel (32, 693)
The Hankel matrix spans the restricted behaviour:  rank(H) = Lm+n =  26
Shape of Hankel (32, 693)
The Hankel matrix spans the restricted behaviour:  rank(H) = Lm+n =  26
Shape of Hankel (32, 693)
The Hankel matrix spans the restricted behaviour:  rank(H) = Lm+n =  26
Shape of Hankel (32, 693)
The Hankel matrix spans the restricted behaviour:  rank(H) = Lm+n =  26
Shape of Hankel (32, 693)
The Hankel matrix spans the restricted behaviour:  rank(H) = Lm+n =  26
Shape of Hankel (32, 693)
The Hankel matrix spans the restricted behaviour:  rank(H) = Lm+n =  26
Shape of Hankel (24, 693)
The Hankel matrix spans the restricted behaviour:  rank(H) = Lm+n =  18
rank 600
Running time of Alberto Algo with 100 iterations:  187.98090330100013
[79]
Running time of distributed Algo with 100 outer iter and 5 alternating projection:  132.47820308200016
Running time of Worst case distributed Algo with 100 outer iter and 5 alternating projection:  75.40649786700487
rank 600
Running time of Alberto Algo with 100 iterations:  187.34609635800007
[79]
Running time of distributed Algo with 100 outer iter and 5 alternating projection:  131.69766286799995
Running time of Worst case distributed Algo with 100 outer iter and 5 alternating projection:  73.98493087399356
rank 600
Running time of Alberto Algo with 100 iterations:  187.18277482199983
[79]
Running time of distributed Algo with 100 outer iter and 5 alternating projection:  131.43083347599986
Running time of Worst case distributed Algo with 100 outer iter and 5 alternating projection:  74.25221206099695
rank 600
Running time of Alberto Algo with 100 iterations:  189.02613984899972
[79]
Running time of distributed Algo with 100 outer iter and 5 alternating projection:  131.94473818700044
Running time of Worst case distributed Algo with 100 outer iter and 5 alternating projection:  74.50508198402076
rank 600
Running time of Alberto Algo with 100 iterations:  187.5803198579997
[79]
Running time of distributed Algo with 100 outer iter and 5 alternating projection:  131.85502698500022
Running time of Worst case distributed Algo with 100 outer iter and 5 alternating projection:  74.6105837469895
Edges: 138
vertex connectivity: 1
edge connectivity: 1
degree: 2
(420, 1)
(834, 1)
Shape of Hankel (1120, 793)
The Hankel matrix spans the restricted behaviour:  rank(H) = Lm+n =  700
Shape of Hankel (2224, 793)
The Hankel matrix does NOT span the restricted behavior: rank(H) = 700 
 mL+n = 1804
Shape of Hankel (24, 793)
The Hankel matrix spans the restricted behaviour:  rank(H) = Lm+n =  18
Shape of Hankel (32, 793)
The Hankel matrix spans the restricted behaviour:  rank(H) = Lm+n =  26
Shape of Hankel (32, 793)
The Hankel matrix spans the restricted behaviour:  rank(H) = Lm+n =  26
Shape of Hankel (32, 793)
The Hankel matrix spans the restricted behaviour:  rank(H) = Lm+n =  26
Shape of Hankel (32, 793)
The Hankel matrix spans the restricted behaviour:  rank(H) = Lm+n =  26
Shape of Hankel (32, 793)
The Hankel matrix spans the restricted behaviour:  rank(H) = Lm+n =  26
Shape of Hankel (32, 793)
The Hankel matrix spans the restricted behaviour:  rank(H) = Lm+n =  26
Shape of Hankel (32, 793)
The Hankel matrix spans the restricted behaviour:  rank(H) = Lm+n =  26
Shape of Hankel (32, 793)
The Hankel matrix spans the restricted behaviour:  rank(H) = Lm+n =  26
Shape of Hankel (32, 793)
The Hankel matrix spans the restricted behaviour:  rank(H) = Lm+n =  26
Shape of Hankel (32, 793)
The Hankel matrix spans the restricted behaviour:  rank(H) = Lm+n =  26
Shape of Hankel (32, 793)
The Hankel matrix spans the restricted behaviour:  rank(H) = Lm+n =  26
Shape of Hankel (32, 793)
The Hankel matrix spans the restricted behaviour:  rank(H) = Lm+n =  26
Shape of Hankel (32, 793)
The Hankel matrix spans the restricted behaviour:  rank(H) = Lm+n =  26
Shape of Hankel (32, 793)
The Hankel matrix spans the restricted behaviour:  rank(H) = Lm+n =  26
Shape of Hankel (32, 793)
The Hankel matrix spans the restricted behaviour:  rank(H) = Lm+n =  26
Shape of Hankel (32, 793)
The Hankel matrix spans the restricted behaviour:  rank(H) = Lm+n =  26
Shape of Hankel (32, 793)
The Hankel matrix spans the restricted behaviour:  rank(H) = Lm+n =  26
Shape of Hankel (32, 793)
The Hankel matrix spans the restricted behaviour:  rank(H) = Lm+n =  26
Shape of Hankel (32, 793)
The Hankel matrix spans the restricted behaviour:  rank(H) = Lm+n =  26
Shape of Hankel (32, 793)
The Hankel matrix spans the restricted behaviour:  rank(H) = Lm+n =  26
Shape of Hankel (32, 793)
The Hankel matrix spans the restricted behaviour:  rank(H) = Lm+n =  26
Shape of Hankel (32, 793)
The Hankel matrix spans the restricted behaviour:  rank(H) = Lm+n =  26
Shape of Hankel (32, 793)
The Hankel matrix spans the restricted behaviour:  rank(H) = Lm+n =  26
Shape of Hankel (32, 793)
The Hankel matrix spans the restricted behaviour:  rank(H) = Lm+n =  26
Shape of Hankel (32, 793)
The Hankel matrix spans the restricted behaviour:  rank(H) = Lm+n =  26
Shape of Hankel (32, 793)
The Hankel matrix spans the restricted behaviour:  rank(H) = Lm+n =  26
Shape of Hankel (32, 793)
The Hankel matrix spans the restricted behaviour:  rank(H) = Lm+n =  26
Shape of Hankel (32, 793)
The Hankel matrix spans the restricted behaviour:  rank(H) = Lm+n =  26
Shape of Hankel (32, 793)
The Hankel matrix spans the restricted behaviour:  rank(H) = Lm+n =  26
Shape of Hankel (32, 793)
The Hankel matrix spans the restricted behaviour:  rank(H) = Lm+n =  26
Shape of Hankel (32, 793)
The Hankel matrix spans the restricted behaviour:  rank(H) = Lm+n =  26
Shape of Hankel (32, 793)
The Hankel matrix spans the restricted behaviour:  rank(H) = Lm+n =  26
Shape of Hankel (32, 793)
The Hankel matrix spans the restricted behaviour:  rank(H) = Lm+n =  26
Shape of Hankel (32, 793)
The Hankel matrix spans the restricted behaviour:  rank(H) = Lm+n =  26
Shape of Hankel (32, 793)
The Hankel matrix spans the restricted behaviour:  rank(H) = Lm+n =  26
Shape of Hankel (32, 793)
The Hankel matrix spans the restricted behaviour:  rank(H) = Lm+n =  26
Shape of Hankel (32, 793)
The Hankel matrix spans the restricted behaviour:  rank(H) = Lm+n =  26
Shape of Hankel (32, 793)
The Hankel matrix spans the restricted behaviour:  rank(H) = Lm+n =  26
Shape of Hankel (32, 793)
The Hankel matrix spans the restricted behaviour:  rank(H) = Lm+n =  26
Shape of Hankel (32, 793)
The Hankel matrix spans the restricted behaviour:  rank(H) = Lm+n =  26
Shape of Hankel (32, 793)
The Hankel matrix spans the restricted behaviour:  rank(H) = Lm+n =  26
Shape of Hankel (32, 793)
The Hankel matrix spans the restricted behaviour:  rank(H) = Lm+n =  26
Shape of Hankel (32, 793)
The Hankel matrix spans the restricted behaviour:  rank(H) = Lm+n =  26
Shape of Hankel (32, 793)
The Hankel matrix spans the restricted behaviour:  rank(H) = Lm+n =  26
Shape of Hankel (32, 793)
The Hankel matrix spans the restricted behaviour:  rank(H) = Lm+n =  26
Shape of Hankel (32, 793)
The Hankel matrix spans the restricted behaviour:  rank(H) = Lm+n =  26
Shape of Hankel (32, 793)
The Hankel matrix spans the restricted behaviour:  rank(H) = Lm+n =  26
Shape of Hankel (32, 793)
The Hankel matrix spans the restricted behaviour:  rank(H) = Lm+n =  26
Shape of Hankel (32, 793)
The Hankel matrix spans the restricted behaviour:  rank(H) = Lm+n =  26
Shape of Hankel (32, 793)
The Hankel matrix spans the restricted behaviour:  rank(H) = Lm+n =  26
Shape of Hankel (32, 793)
The Hankel matrix spans the restricted behaviour:  rank(H) = Lm+n =  26
Shape of Hankel (32, 793)
The Hankel matrix spans the restricted behaviour:  rank(H) = Lm+n =  26
Shape of Hankel (32, 793)
The Hankel matrix spans the restricted behaviour:  rank(H) = Lm+n =  26
Shape of Hankel (32, 793)
The Hankel matrix spans the restricted behaviour:  rank(H) = Lm+n =  26
Shape of Hankel (32, 793)
The Hankel matrix spans the restricted behaviour:  rank(H) = Lm+n =  26
Shape of Hankel (32, 793)
The Hankel matrix spans the restricted behaviour:  rank(H) = Lm+n =  26
Shape of Hankel (32, 793)
The Hankel matrix spans the restricted behaviour:  rank(H) = Lm+n =  26
Shape of Hankel (32, 793)
The Hankel matrix spans the restricted behaviour:  rank(H) = Lm+n =  26
Shape of Hankel (32, 793)
The Hankel matrix spans the restricted behaviour:  rank(H) = Lm+n =  26
Shape of Hankel (32, 793)
The Hankel matrix spans the restricted behaviour:  rank(H) = Lm+n =  26
Shape of Hankel (32, 793)
The Hankel matrix spans the restricted behaviour:  rank(H) = Lm+n =  26
Shape of Hankel (32, 793)
The Hankel matrix spans the restricted behaviour:  rank(H) = Lm+n =  26
Shape of Hankel (32, 793)
The Hankel matrix spans the restricted behaviour:  rank(H) = Lm+n =  26
Shape of Hankel (32, 793)
The Hankel matrix spans the restricted behaviour:  rank(H) = Lm+n =  26
Shape of Hankel (32, 793)
The Hankel matrix spans the restricted behaviour:  rank(H) = Lm+n =  26
Shape of Hankel (32, 793)
The Hankel matrix spans the restricted behaviour:  rank(H) = Lm+n =  26
Shape of Hankel (32, 793)
The Hankel matrix spans the restricted behaviour:  rank(H) = Lm+n =  26
Shape of Hankel (32, 793)
The Hankel matrix spans the restricted behaviour:  rank(H) = Lm+n =  26
Shape of Hankel (24, 793)
The Hankel matrix spans the restricted behaviour:  rank(H) = Lm+n =  18
rank 700
Running time of Alberto Algo with 100 iterations:  257.11904326700005
[79]
Running time of distributed Algo with 100 outer iter and 5 alternating projection:  152.4774977699999
Running time of Worst case distributed Algo with 100 outer iter and 5 alternating projection:  88.65823282598103
rank 700
Running time of Alberto Algo with 100 iterations:  257.04243132900046
[79]
Running time of distributed Algo with 100 outer iter and 5 alternating projection:  152.8214445930007
Running time of Worst case distributed Algo with 100 outer iter and 5 alternating projection:  85.93318329998874
rank 700
Running time of Alberto Algo with 100 iterations:  256.9008644400001
[79]
Running time of distributed Algo with 100 outer iter and 5 alternating projection:  153.41556370099988
Running time of Worst case distributed Algo with 100 outer iter and 5 alternating projection:  86.51194286698228
rank 700
Running time of Alberto Algo with 100 iterations:  257.2207535759999
[79]
Running time of distributed Algo with 100 outer iter and 5 alternating projection:  152.9115649690002
Running time of Worst case distributed Algo with 100 outer iter and 5 alternating projection:  87.61329293000017
rank 700
Running time of Alberto Algo with 100 iterations:  255.00216019600066
[79]
Running time of distributed Algo with 100 outer iter and 5 alternating projection:  152.72273523700005
Running time of Worst case distributed Algo with 100 outer iter and 5 alternating projection:  89.49124448199927
Edges: 158
vertex connectivity: 1
edge connectivity: 1
degree: 2
(480, 1)
(954, 1)
Shape of Hankel (1280, 893)
The Hankel matrix spans the restricted behaviour:  rank(H) = Lm+n =  800
Shape of Hankel (2544, 893)
The Hankel matrix does NOT span the restricted behavior: rank(H) = 800 
 mL+n = 2064
Shape of Hankel (24, 893)
The Hankel matrix spans the restricted behaviour:  rank(H) = Lm+n =  18
Shape of Hankel (32, 893)
The Hankel matrix spans the restricted behaviour:  rank(H) = Lm+n =  26
Shape of Hankel (32, 893)
The Hankel matrix spans the restricted behaviour:  rank(H) = Lm+n =  26
Shape of Hankel (32, 893)
The Hankel matrix spans the restricted behaviour:  rank(H) = Lm+n =  26
Shape of Hankel (32, 893)
The Hankel matrix spans the restricted behaviour:  rank(H) = Lm+n =  26
Shape of Hankel (32, 893)
The Hankel matrix spans the restricted behaviour:  rank(H) = Lm+n =  26
Shape of Hankel (32, 893)
The Hankel matrix spans the restricted behaviour:  rank(H) = Lm+n =  26
Shape of Hankel (32, 893)
The Hankel matrix spans the restricted behaviour:  rank(H) = Lm+n =  26
Shape of Hankel (32, 893)
The Hankel matrix spans the restricted behaviour:  rank(H) = Lm+n =  26
Shape of Hankel (32, 893)
The Hankel matrix spans the restricted behaviour:  rank(H) = Lm+n =  26
Shape of Hankel (32, 893)
The Hankel matrix spans the restricted behaviour:  rank(H) = Lm+n =  26
Shape of Hankel (32, 893)
The Hankel matrix spans the restricted behaviour:  rank(H) = Lm+n =  26
Shape of Hankel (32, 893)
The Hankel matrix spans the restricted behaviour:  rank(H) = Lm+n =  26
Shape of Hankel (32, 893)
The Hankel matrix spans the restricted behaviour:  rank(H) = Lm+n =  26
Shape of Hankel (32, 893)
The Hankel matrix spans the restricted behaviour:  rank(H) = Lm+n =  26
Shape of Hankel (32, 893)
The Hankel matrix spans the restricted behaviour:  rank(H) = Lm+n =  26
Shape of Hankel (32, 893)
The Hankel matrix spans the restricted behaviour:  rank(H) = Lm+n =  26
Shape of Hankel (32, 893)
The Hankel matrix spans the restricted behaviour:  rank(H) = Lm+n =  26
Shape of Hankel (32, 893)
The Hankel matrix spans the restricted behaviour:  rank(H) = Lm+n =  26
Shape of Hankel (32, 893)
The Hankel matrix spans the restricted behaviour:  rank(H) = Lm+n =  26
Shape of Hankel (32, 893)
The Hankel matrix spans the restricted behaviour:  rank(H) = Lm+n =  26
Shape of Hankel (32, 893)
The Hankel matrix spans the restricted behaviour:  rank(H) = Lm+n =  26
Shape of Hankel (32, 893)
The Hankel matrix spans the restricted behaviour:  rank(H) = Lm+n =  26
Shape of Hankel (32, 893)
The Hankel matrix spans the restricted behaviour:  rank(H) = Lm+n =  26
Shape of Hankel (32, 893)
The Hankel matrix spans the restricted behaviour:  rank(H) = Lm+n =  26
Shape of Hankel (32, 893)
The Hankel matrix spans the restricted behaviour:  rank(H) = Lm+n =  26
Shape of Hankel (32, 893)
The Hankel matrix spans the restricted behaviour:  rank(H) = Lm+n =  26
Shape of Hankel (32, 893)
The Hankel matrix spans the restricted behaviour:  rank(H) = Lm+n =  26
Shape of Hankel (32, 893)
The Hankel matrix spans the restricted behaviour:  rank(H) = Lm+n =  26
Shape of Hankel (32, 893)
The Hankel matrix spans the restricted behaviour:  rank(H) = Lm+n =  26
Shape of Hankel (32, 893)
The Hankel matrix spans the restricted behaviour:  rank(H) = Lm+n =  26
Shape of Hankel (32, 893)
The Hankel matrix spans the restricted behaviour:  rank(H) = Lm+n =  26
Shape of Hankel (32, 893)
The Hankel matrix spans the restricted behaviour:  rank(H) = Lm+n =  26
Shape of Hankel (32, 893)
The Hankel matrix spans the restricted behaviour:  rank(H) = Lm+n =  26
Shape of Hankel (32, 893)
The Hankel matrix spans the restricted behaviour:  rank(H) = Lm+n =  26
Shape of Hankel (32, 893)
The Hankel matrix spans the restricted behaviour:  rank(H) = Lm+n =  26
Shape of Hankel (32, 893)
The Hankel matrix spans the restricted behaviour:  rank(H) = Lm+n =  26
Shape of Hankel (32, 893)
The Hankel matrix spans the restricted behaviour:  rank(H) = Lm+n =  26
Shape of Hankel (32, 893)
The Hankel matrix spans the restricted behaviour:  rank(H) = Lm+n =  26
Shape of Hankel (32, 893)
The Hankel matrix spans the restricted behaviour:  rank(H) = Lm+n =  26
Shape of Hankel (32, 893)
The Hankel matrix spans the restricted behaviour:  rank(H) = Lm+n =  26
Shape of Hankel (32, 893)
The Hankel matrix spans the restricted behaviour:  rank(H) = Lm+n =  26
Shape of Hankel (32, 893)
The Hankel matrix spans the restricted behaviour:  rank(H) = Lm+n =  26
Shape of Hankel (32, 893)
The Hankel matrix spans the restricted behaviour:  rank(H) = Lm+n =  26
Shape of Hankel (32, 893)
The Hankel matrix spans the restricted behaviour:  rank(H) = Lm+n =  26
Shape of Hankel (32, 893)
The Hankel matrix spans the restricted behaviour:  rank(H) = Lm+n =  26
Shape of Hankel (32, 893)
The Hankel matrix spans the restricted behaviour:  rank(H) = Lm+n =  26
Shape of Hankel (32, 893)
The Hankel matrix spans the restricted behaviour:  rank(H) = Lm+n =  26
Shape of Hankel (32, 893)
The Hankel matrix spans the restricted behaviour:  rank(H) = Lm+n =  26
Shape of Hankel (32, 893)
The Hankel matrix spans the restricted behaviour:  rank(H) = Lm+n =  26
Shape of Hankel (32, 893)
The Hankel matrix spans the restricted behaviour:  rank(H) = Lm+n =  26
Shape of Hankel (32, 893)
The Hankel matrix spans the restricted behaviour:  rank(H) = Lm+n =  26
Shape of Hankel (32, 893)
The Hankel matrix spans the restricted behaviour:  rank(H) = Lm+n =  26
Shape of Hankel (32, 893)
The Hankel matrix spans the restricted behaviour:  rank(H) = Lm+n =  26
Shape of Hankel (32, 893)
The Hankel matrix spans the restricted behaviour:  rank(H) = Lm+n =  26
Shape of Hankel (32, 893)
The Hankel matrix spans the restricted behaviour:  rank(H) = Lm+n =  26
Shape of Hankel (32, 893)
The Hankel matrix spans the restricted behaviour:  rank(H) = Lm+n =  26
Shape of Hankel (32, 893)
The Hankel matrix spans the restricted behaviour:  rank(H) = Lm+n =  26
Shape of Hankel (32, 893)
The Hankel matrix spans the restricted behaviour:  rank(H) = Lm+n =  26
Shape of Hankel (32, 893)
The Hankel matrix spans the restricted behaviour:  rank(H) = Lm+n =  26
Shape of Hankel (32, 893)
The Hankel matrix spans the restricted behaviour:  rank(H) = Lm+n =  26
Shape of Hankel (32, 893)
The Hankel matrix spans the restricted behaviour:  rank(H) = Lm+n =  26
Shape of Hankel (32, 893)
The Hankel matrix spans the restricted behaviour:  rank(H) = Lm+n =  26
Shape of Hankel (32, 893)
The Hankel matrix spans the restricted behaviour:  rank(H) = Lm+n =  26
Shape of Hankel (32, 893)
The Hankel matrix spans the restricted behaviour:  rank(H) = Lm+n =  26
Shape of Hankel (32, 893)
The Hankel matrix spans the restricted behaviour:  rank(H) = Lm+n =  26
Shape of Hankel (32, 893)
The Hankel matrix spans the restricted behaviour:  rank(H) = Lm+n =  26
Shape of Hankel (32, 893)
The Hankel matrix spans the restricted behaviour:  rank(H) = Lm+n =  26
Shape of Hankel (32, 893)
The Hankel matrix spans the restricted behaviour:  rank(H) = Lm+n =  26
Shape of Hankel (32, 893)
The Hankel matrix spans the restricted behaviour:  rank(H) = Lm+n =  26
Shape of Hankel (32, 893)
The Hankel matrix spans the restricted behaviour:  rank(H) = Lm+n =  26
Shape of Hankel (32, 893)
The Hankel matrix spans the restricted behaviour:  rank(H) = Lm+n =  26
Shape of Hankel (32, 893)
The Hankel matrix spans the restricted behaviour:  rank(H) = Lm+n =  26
Shape of Hankel (32, 893)
The Hankel matrix spans the restricted behaviour:  rank(H) = Lm+n =  26
Shape of Hankel (32, 893)
The Hankel matrix spans the restricted behaviour:  rank(H) = Lm+n =  26
Shape of Hankel (32, 893)
The Hankel matrix spans the restricted behaviour:  rank(H) = Lm+n =  26
Shape of Hankel (32, 893)
The Hankel matrix spans the restricted behaviour:  rank(H) = Lm+n =  26
Shape of Hankel (32, 893)
The Hankel matrix spans the restricted behaviour:  rank(H) = Lm+n =  26
Shape of Hankel (32, 893)
The Hankel matrix spans the restricted behaviour:  rank(H) = Lm+n =  26
Shape of Hankel (24, 893)
The Hankel matrix spans the restricted behaviour:  rank(H) = Lm+n =  18
rank 800
Running time of Alberto Algo with 100 iterations:  338.4256477890003
[80]
Running time of distributed Algo with 100 outer iter and 5 alternating projection:  175.69618033900042
Running time of Worst case distributed Algo with 100 outer iter and 5 alternating projection:  97.00013739401766
rank 800
Running time of Alberto Algo with 100 iterations:  335.9902129410002
[80]
Running time of distributed Algo with 100 outer iter and 5 alternating projection:  175.71165656199992
Running time of Worst case distributed Algo with 100 outer iter and 5 alternating projection:  95.93310616301187
rank 800
Running time of Alberto Algo with 100 iterations:  328.90525360799984
[80]
Running time of distributed Algo with 100 outer iter and 5 alternating projection:  176.2958290309998
Running time of Worst case distributed Algo with 100 outer iter and 5 alternating projection:  96.64097113001117
rank 800
Running time of Alberto Algo with 100 iterations:  334.6991267000003
[80]
Running time of distributed Algo with 100 outer iter and 5 alternating projection:  175.11027681999985
Running time of Worst case distributed Algo with 100 outer iter and 5 alternating projection:  95.49571153701618
rank 800
Running time of Alberto Algo with 100 iterations:  334.4659341629995
[80]
Running time of distributed Algo with 100 outer iter and 5 alternating projection:  176.54270218700003
Running time of Worst case distributed Algo with 100 outer iter and 5 alternating projection:  96.39340115803134
Edges: 178
vertex connectivity: 1
edge connectivity: 1
degree: 2
(540, 1)
(1074, 1)
Shape of Hankel (1440, 993)
The Hankel matrix spans the restricted behaviour:  rank(H) = Lm+n =  900
Shape of Hankel (2864, 993)
The Hankel matrix does NOT span the restricted behavior: rank(H) = 900 
 mL+n = 2324
Shape of Hankel (24, 993)
The Hankel matrix spans the restricted behaviour:  rank(H) = Lm+n =  18
Shape of Hankel (32, 993)
The Hankel matrix spans the restricted behaviour:  rank(H) = Lm+n =  26
Shape of Hankel (32, 993)
The Hankel matrix spans the restricted behaviour:  rank(H) = Lm+n =  26
Shape of Hankel (32, 993)
The Hankel matrix spans the restricted behaviour:  rank(H) = Lm+n =  26
Shape of Hankel (32, 993)
The Hankel matrix spans the restricted behaviour:  rank(H) = Lm+n =  26
Shape of Hankel (32, 993)
The Hankel matrix spans the restricted behaviour:  rank(H) = Lm+n =  26
Shape of Hankel (32, 993)
The Hankel matrix spans the restricted behaviour:  rank(H) = Lm+n =  26
Shape of Hankel (32, 993)
The Hankel matrix spans the restricted behaviour:  rank(H) = Lm+n =  26
Shape of Hankel (32, 993)
The Hankel matrix spans the restricted behaviour:  rank(H) = Lm+n =  26
Shape of Hankel (32, 993)
The Hankel matrix spans the restricted behaviour:  rank(H) = Lm+n =  26
Shape of Hankel (32, 993)
The Hankel matrix spans the restricted behaviour:  rank(H) = Lm+n =  26
Shape of Hankel (32, 993)
The Hankel matrix spans the restricted behaviour:  rank(H) = Lm+n =  26
Shape of Hankel (32, 993)
The Hankel matrix spans the restricted behaviour:  rank(H) = Lm+n =  26
Shape of Hankel (32, 993)
The Hankel matrix spans the restricted behaviour:  rank(H) = Lm+n =  26
Shape of Hankel (32, 993)
The Hankel matrix spans the restricted behaviour:  rank(H) = Lm+n =  26
Shape of Hankel (32, 993)
The Hankel matrix spans the restricted behaviour:  rank(H) = Lm+n =  26
Shape of Hankel (32, 993)
The Hankel matrix spans the restricted behaviour:  rank(H) = Lm+n =  26
Shape of Hankel (32, 993)
The Hankel matrix spans the restricted behaviour:  rank(H) = Lm+n =  26
Shape of Hankel (32, 993)
The Hankel matrix spans the restricted behaviour:  rank(H) = Lm+n =  26
Shape of Hankel (32, 993)
The Hankel matrix spans the restricted behaviour:  rank(H) = Lm+n =  26
Shape of Hankel (32, 993)
The Hankel matrix spans the restricted behaviour:  rank(H) = Lm+n =  26
Shape of Hankel (32, 993)
The Hankel matrix spans the restricted behaviour:  rank(H) = Lm+n =  26
Shape of Hankel (32, 993)
The Hankel matrix spans the restricted behaviour:  rank(H) = Lm+n =  26
Shape of Hankel (32, 993)
The Hankel matrix spans the restricted behaviour:  rank(H) = Lm+n =  26
Shape of Hankel (32, 993)
The Hankel matrix spans the restricted behaviour:  rank(H) = Lm+n =  26
Shape of Hankel (32, 993)
The Hankel matrix spans the restricted behaviour:  rank(H) = Lm+n =  26
Shape of Hankel (32, 993)
The Hankel matrix spans the restricted behaviour:  rank(H) = Lm+n =  26
Shape of Hankel (32, 993)
The Hankel matrix spans the restricted behaviour:  rank(H) = Lm+n =  26
Shape of Hankel (32, 993)
The Hankel matrix spans the restricted behaviour:  rank(H) = Lm+n =  26
Shape of Hankel (32, 993)
The Hankel matrix spans the restricted behaviour:  rank(H) = Lm+n =  26
Shape of Hankel (32, 993)
The Hankel matrix spans the restricted behaviour:  rank(H) = Lm+n =  26
Shape of Hankel (32, 993)
The Hankel matrix spans the restricted behaviour:  rank(H) = Lm+n =  26
Shape of Hankel (32, 993)
The Hankel matrix spans the restricted behaviour:  rank(H) = Lm+n =  26
Shape of Hankel (32, 993)
The Hankel matrix spans the restricted behaviour:  rank(H) = Lm+n =  26
Shape of Hankel (32, 993)
The Hankel matrix spans the restricted behaviour:  rank(H) = Lm+n =  26
Shape of Hankel (32, 993)
The Hankel matrix spans the restricted behaviour:  rank(H) = Lm+n =  26
Shape of Hankel (32, 993)
The Hankel matrix spans the restricted behaviour:  rank(H) = Lm+n =  26
Shape of Hankel (32, 993)
The Hankel matrix spans the restricted behaviour:  rank(H) = Lm+n =  26
Shape of Hankel (32, 993)
The Hankel matrix spans the restricted behaviour:  rank(H) = Lm+n =  26
Shape of Hankel (32, 993)
The Hankel matrix spans the restricted behaviour:  rank(H) = Lm+n =  26
Shape of Hankel (32, 993)
The Hankel matrix spans the restricted behaviour:  rank(H) = Lm+n =  26
Shape of Hankel (32, 993)
The Hankel matrix spans the restricted behaviour:  rank(H) = Lm+n =  26
Shape of Hankel (32, 993)
The Hankel matrix spans the restricted behaviour:  rank(H) = Lm+n =  26
Shape of Hankel (32, 993)
The Hankel matrix spans the restricted behaviour:  rank(H) = Lm+n =  26
Shape of Hankel (32, 993)
The Hankel matrix spans the restricted behaviour:  rank(H) = Lm+n =  26
Shape of Hankel (32, 993)
The Hankel matrix spans the restricted behaviour:  rank(H) = Lm+n =  26
Shape of Hankel (32, 993)
The Hankel matrix spans the restricted behaviour:  rank(H) = Lm+n =  26
Shape of Hankel (32, 993)
The Hankel matrix spans the restricted behaviour:  rank(H) = Lm+n =  26
Shape of Hankel (32, 993)
The Hankel matrix spans the restricted behaviour:  rank(H) = Lm+n =  26
Shape of Hankel (32, 993)
The Hankel matrix spans the restricted behaviour:  rank(H) = Lm+n =  26
Shape of Hankel (32, 993)
The Hankel matrix spans the restricted behaviour:  rank(H) = Lm+n =  26
Shape of Hankel (32, 993)
The Hankel matrix spans the restricted behaviour:  rank(H) = Lm+n =  26
Shape of Hankel (32, 993)
The Hankel matrix spans the restricted behaviour:  rank(H) = Lm+n =  26
Shape of Hankel (32, 993)
The Hankel matrix spans the restricted behaviour:  rank(H) = Lm+n =  26
Shape of Hankel (32, 993)
The Hankel matrix spans the restricted behaviour:  rank(H) = Lm+n =  26
Shape of Hankel (32, 993)
The Hankel matrix spans the restricted behaviour:  rank(H) = Lm+n =  26
Shape of Hankel (32, 993)
The Hankel matrix spans the restricted behaviour:  rank(H) = Lm+n =  26
Shape of Hankel (32, 993)
The Hankel matrix spans the restricted behaviour:  rank(H) = Lm+n =  26
Shape of Hankel (32, 993)
The Hankel matrix spans the restricted behaviour:  rank(H) = Lm+n =  26
Shape of Hankel (32, 993)
The Hankel matrix spans the restricted behaviour:  rank(H) = Lm+n =  26
Shape of Hankel (32, 993)
The Hankel matrix spans the restricted behaviour:  rank(H) = Lm+n =  26
Shape of Hankel (32, 993)
The Hankel matrix spans the restricted behaviour:  rank(H) = Lm+n =  26
Shape of Hankel (32, 993)
The Hankel matrix spans the restricted behaviour:  rank(H) = Lm+n =  26
Shape of Hankel (32, 993)
The Hankel matrix spans the restricted behaviour:  rank(H) = Lm+n =  26
Shape of Hankel (32, 993)
The Hankel matrix spans the restricted behaviour:  rank(H) = Lm+n =  26
Shape of Hankel (32, 993)
The Hankel matrix spans the restricted behaviour:  rank(H) = Lm+n =  26
Shape of Hankel (32, 993)
The Hankel matrix spans the restricted behaviour:  rank(H) = Lm+n =  26
Shape of Hankel (32, 993)
The Hankel matrix spans the restricted behaviour:  rank(H) = Lm+n =  26
Shape of Hankel (32, 993)
The Hankel matrix spans the restricted behaviour:  rank(H) = Lm+n =  26
Shape of Hankel (32, 993)
The Hankel matrix spans the restricted behaviour:  rank(H) = Lm+n =  26
Shape of Hankel (32, 993)
The Hankel matrix spans the restricted behaviour:  rank(H) = Lm+n =  26
Shape of Hankel (32, 993)
The Hankel matrix spans the restricted behaviour:  rank(H) = Lm+n =  26
Shape of Hankel (32, 993)
The Hankel matrix spans the restricted behaviour:  rank(H) = Lm+n =  26
Shape of Hankel (32, 993)
The Hankel matrix spans the restricted behaviour:  rank(H) = Lm+n =  26
Shape of Hankel (32, 993)
The Hankel matrix spans the restricted behaviour:  rank(H) = Lm+n =  26
Shape of Hankel (32, 993)
The Hankel matrix spans the restricted behaviour:  rank(H) = Lm+n =  26
Shape of Hankel (32, 993)
The Hankel matrix spans the restricted behaviour:  rank(H) = Lm+n =  26
Shape of Hankel (32, 993)
The Hankel matrix spans the restricted behaviour:  rank(H) = Lm+n =  26
Shape of Hankel (32, 993)
The Hankel matrix spans the restricted behaviour:  rank(H) = Lm+n =  26
Shape of Hankel (32, 993)
The Hankel matrix spans the restricted behaviour:  rank(H) = Lm+n =  26
Shape of Hankel (32, 993)
The Hankel matrix spans the restricted behaviour:  rank(H) = Lm+n =  26
Shape of Hankel (32, 993)
The Hankel matrix spans the restricted behaviour:  rank(H) = Lm+n =  26
Shape of Hankel (32, 993)
The Hankel matrix spans the restricted behaviour:  rank(H) = Lm+n =  26
Shape of Hankel (32, 993)
The Hankel matrix spans the restricted behaviour:  rank(H) = Lm+n =  26
Shape of Hankel (32, 993)
The Hankel matrix spans the restricted behaviour:  rank(H) = Lm+n =  26
Shape of Hankel (32, 993)
The Hankel matrix spans the restricted behaviour:  rank(H) = Lm+n =  26
Shape of Hankel (32, 993)
The Hankel matrix spans the restricted behaviour:  rank(H) = Lm+n =  26
Shape of Hankel (32, 993)
The Hankel matrix spans the restricted behaviour:  rank(H) = Lm+n =  26
Shape of Hankel (32, 993)
The Hankel matrix spans the restricted behaviour:  rank(H) = Lm+n =  26
Shape of Hankel (24, 993)
The Hankel matrix spans the restricted behaviour:  rank(H) = Lm+n =  18
rank 900
Running time of Alberto Algo with 100 iterations:  434.55855391299883
[81]
Running time of distributed Algo with 100 outer iter and 5 alternating projection:  199.9193925290001
Running time of Worst case distributed Algo with 100 outer iter and 5 alternating projection:  107.41382428794532
rank 900
Running time of Alberto Algo with 100 iterations:  423.35999121199893
[81]
Running time of distributed Algo with 100 outer iter and 5 alternating projection:  198.1706626340001
Running time of Worst case distributed Algo with 100 outer iter and 5 alternating projection:  106.34507710395155
rank 900
Running time of Alberto Algo with 100 iterations:  423.1432975890002
[81]
Running time of distributed Algo with 100 outer iter and 5 alternating projection:  198.7993482239999
Running time of Worst case distributed Algo with 100 outer iter and 5 alternating projection:  107.56777019597394
rank 900
Running time of Alberto Algo with 100 iterations:  420.81745457799843
[81]
Running time of distributed Algo with 100 outer iter and 5 alternating projection:  197.7548485920015
Running time of Worst case distributed Algo with 100 outer iter and 5 alternating projection:  106.5240538560156
rank 900
Running time of Alberto Algo with 100 iterations:  422.9082265199995
[81]
Running time of distributed Algo with 100 outer iter and 5 alternating projection:  197.9245210779991
Running time of Worst case distributed Algo with 100 outer iter and 5 alternating projection:  107.05484605105084
Edges: 198
vertex connectivity: 1
edge connectivity: 1
degree: 2
(600, 1)
(1194, 1)
Shape of Hankel (1600, 1093)
The Hankel matrix spans the restricted behaviour:  rank(H) = Lm+n =  1000
Shape of Hankel (3184, 1093)
The Hankel matrix does NOT span the restricted behavior: rank(H) = 1000 
 mL+n = 2584
Shape of Hankel (24, 1093)
The Hankel matrix spans the restricted behaviour:  rank(H) = Lm+n =  18
Shape of Hankel (32, 1093)
The Hankel matrix spans the restricted behaviour:  rank(H) = Lm+n =  26
Shape of Hankel (32, 1093)
The Hankel matrix spans the restricted behaviour:  rank(H) = Lm+n =  26
Shape of Hankel (32, 1093)
The Hankel matrix spans the restricted behaviour:  rank(H) = Lm+n =  26
Shape of Hankel (32, 1093)
The Hankel matrix spans the restricted behaviour:  rank(H) = Lm+n =  26
Shape of Hankel (32, 1093)
The Hankel matrix spans the restricted behaviour:  rank(H) = Lm+n =  26
Shape of Hankel (32, 1093)
The Hankel matrix spans the restricted behaviour:  rank(H) = Lm+n =  26
Shape of Hankel (32, 1093)
The Hankel matrix spans the restricted behaviour:  rank(H) = Lm+n =  26
Shape of Hankel (32, 1093)
The Hankel matrix spans the restricted behaviour:  rank(H) = Lm+n =  26
Shape of Hankel (32, 1093)
The Hankel matrix spans the restricted behaviour:  rank(H) = Lm+n =  26
Shape of Hankel (32, 1093)
The Hankel matrix spans the restricted behaviour:  rank(H) = Lm+n =  26
Shape of Hankel (32, 1093)
The Hankel matrix spans the restricted behaviour:  rank(H) = Lm+n =  26
Shape of Hankel (32, 1093)
The Hankel matrix spans the restricted behaviour:  rank(H) = Lm+n =  26
Shape of Hankel (32, 1093)
The Hankel matrix spans the restricted behaviour:  rank(H) = Lm+n =  26
Shape of Hankel (32, 1093)
The Hankel matrix spans the restricted behaviour:  rank(H) = Lm+n =  26
Shape of Hankel (32, 1093)
The Hankel matrix spans the restricted behaviour:  rank(H) = Lm+n =  26
Shape of Hankel (32, 1093)
The Hankel matrix spans the restricted behaviour:  rank(H) = Lm+n =  26
Shape of Hankel (32, 1093)
The Hankel matrix spans the restricted behaviour:  rank(H) = Lm+n =  26
Shape of Hankel (32, 1093)
The Hankel matrix spans the restricted behaviour:  rank(H) = Lm+n =  26
Shape of Hankel (32, 1093)
The Hankel matrix spans the restricted behaviour:  rank(H) = Lm+n =  26
Shape of Hankel (32, 1093)
The Hankel matrix spans the restricted behaviour:  rank(H) = Lm+n =  26
Shape of Hankel (32, 1093)
The Hankel matrix spans the restricted behaviour:  rank(H) = Lm+n =  26
Shape of Hankel (32, 1093)
The Hankel matrix spans the restricted behaviour:  rank(H) = Lm+n =  26
Shape of Hankel (32, 1093)
The Hankel matrix spans the restricted behaviour:  rank(H) = Lm+n =  26
Shape of Hankel (32, 1093)
The Hankel matrix spans the restricted behaviour:  rank(H) = Lm+n =  26
Shape of Hankel (32, 1093)
The Hankel matrix spans the restricted behaviour:  rank(H) = Lm+n =  26
Shape of Hankel (32, 1093)
The Hankel matrix spans the restricted behaviour:  rank(H) = Lm+n =  26
Shape of Hankel (32, 1093)
The Hankel matrix spans the restricted behaviour:  rank(H) = Lm+n =  26
Shape of Hankel (32, 1093)
The Hankel matrix spans the restricted behaviour:  rank(H) = Lm+n =  26
Shape of Hankel (32, 1093)
The Hankel matrix spans the restricted behaviour:  rank(H) = Lm+n =  26
Shape of Hankel (32, 1093)
The Hankel matrix spans the restricted behaviour:  rank(H) = Lm+n =  26
Shape of Hankel (32, 1093)
The Hankel matrix spans the restricted behaviour:  rank(H) = Lm+n =  26
Shape of Hankel (32, 1093)
The Hankel matrix spans the restricted behaviour:  rank(H) = Lm+n =  26
Shape of Hankel (32, 1093)
The Hankel matrix spans the restricted behaviour:  rank(H) = Lm+n =  26
Shape of Hankel (32, 1093)
The Hankel matrix spans the restricted behaviour:  rank(H) = Lm+n =  26
Shape of Hankel (32, 1093)
The Hankel matrix spans the restricted behaviour:  rank(H) = Lm+n =  26
Shape of Hankel (32, 1093)
The Hankel matrix spans the restricted behaviour:  rank(H) = Lm+n =  26
Shape of Hankel (32, 1093)
The Hankel matrix spans the restricted behaviour:  rank(H) = Lm+n =  26
Shape of Hankel (32, 1093)
The Hankel matrix spans the restricted behaviour:  rank(H) = Lm+n =  26
Shape of Hankel (32, 1093)
The Hankel matrix spans the restricted behaviour:  rank(H) = Lm+n =  26
Shape of Hankel (32, 1093)
The Hankel matrix spans the restricted behaviour:  rank(H) = Lm+n =  26
Shape of Hankel (32, 1093)
The Hankel matrix spans the restricted behaviour:  rank(H) = Lm+n =  26
Shape of Hankel (32, 1093)
The Hankel matrix spans the restricted behaviour:  rank(H) = Lm+n =  26
Shape of Hankel (32, 1093)
The Hankel matrix spans the restricted behaviour:  rank(H) = Lm+n =  26
Shape of Hankel (32, 1093)
The Hankel matrix spans the restricted behaviour:  rank(H) = Lm+n =  26
Shape of Hankel (32, 1093)
The Hankel matrix spans the restricted behaviour:  rank(H) = Lm+n =  26
Shape of Hankel (32, 1093)
The Hankel matrix spans the restricted behaviour:  rank(H) = Lm+n =  26
Shape of Hankel (32, 1093)
The Hankel matrix spans the restricted behaviour:  rank(H) = Lm+n =  26
Shape of Hankel (32, 1093)
The Hankel matrix spans the restricted behaviour:  rank(H) = Lm+n =  26
Shape of Hankel (32, 1093)
The Hankel matrix spans the restricted behaviour:  rank(H) = Lm+n =  26
Shape of Hankel (32, 1093)
The Hankel matrix spans the restricted behaviour:  rank(H) = Lm+n =  26
Shape of Hankel (32, 1093)
The Hankel matrix spans the restricted behaviour:  rank(H) = Lm+n =  26
Shape of Hankel (32, 1093)
The Hankel matrix spans the restricted behaviour:  rank(H) = Lm+n =  26
Shape of Hankel (32, 1093)
The Hankel matrix spans the restricted behaviour:  rank(H) = Lm+n =  26
Shape of Hankel (32, 1093)
The Hankel matrix spans the restricted behaviour:  rank(H) = Lm+n =  26
Shape of Hankel (32, 1093)
The Hankel matrix spans the restricted behaviour:  rank(H) = Lm+n =  26
Shape of Hankel (32, 1093)
The Hankel matrix spans the restricted behaviour:  rank(H) = Lm+n =  26
Shape of Hankel (32, 1093)
The Hankel matrix spans the restricted behaviour:  rank(H) = Lm+n =  26
Shape of Hankel (32, 1093)
The Hankel matrix spans the restricted behaviour:  rank(H) = Lm+n =  26
Shape of Hankel (32, 1093)
The Hankel matrix spans the restricted behaviour:  rank(H) = Lm+n =  26
Shape of Hankel (32, 1093)
The Hankel matrix spans the restricted behaviour:  rank(H) = Lm+n =  26
Shape of Hankel (32, 1093)
The Hankel matrix spans the restricted behaviour:  rank(H) = Lm+n =  26
Shape of Hankel (32, 1093)
The Hankel matrix spans the restricted behaviour:  rank(H) = Lm+n =  26
Shape of Hankel (32, 1093)
The Hankel matrix spans the restricted behaviour:  rank(H) = Lm+n =  26
Shape of Hankel (32, 1093)
The Hankel matrix spans the restricted behaviour:  rank(H) = Lm+n =  26
Shape of Hankel (32, 1093)
The Hankel matrix spans the restricted behaviour:  rank(H) = Lm+n =  26
Shape of Hankel (32, 1093)
The Hankel matrix spans the restricted behaviour:  rank(H) = Lm+n =  26
Shape of Hankel (32, 1093)
The Hankel matrix spans the restricted behaviour:  rank(H) = Lm+n =  26
Shape of Hankel (32, 1093)
The Hankel matrix spans the restricted behaviour:  rank(H) = Lm+n =  26
Shape of Hankel (32, 1093)
The Hankel matrix spans the restricted behaviour:  rank(H) = Lm+n =  26
Shape of Hankel (32, 1093)
The Hankel matrix spans the restricted behaviour:  rank(H) = Lm+n =  26
Shape of Hankel (32, 1093)
The Hankel matrix spans the restricted behaviour:  rank(H) = Lm+n =  26
Shape of Hankel (32, 1093)
The Hankel matrix spans the restricted behaviour:  rank(H) = Lm+n =  26
Shape of Hankel (32, 1093)
The Hankel matrix spans the restricted behaviour:  rank(H) = Lm+n =  26
Shape of Hankel (32, 1093)
The Hankel matrix spans the restricted behaviour:  rank(H) = Lm+n =  26
Shape of Hankel (32, 1093)
The Hankel matrix spans the restricted behaviour:  rank(H) = Lm+n =  26
Shape of Hankel (32, 1093)
The Hankel matrix spans the restricted behaviour:  rank(H) = Lm+n =  26
Shape of Hankel (32, 1093)
The Hankel matrix spans the restricted behaviour:  rank(H) = Lm+n =  26
Shape of Hankel (32, 1093)
The Hankel matrix spans the restricted behaviour:  rank(H) = Lm+n =  26
Shape of Hankel (32, 1093)
The Hankel matrix spans the restricted behaviour:  rank(H) = Lm+n =  26
Shape of Hankel (32, 1093)
The Hankel matrix spans the restricted behaviour:  rank(H) = Lm+n =  26
Shape of Hankel (32, 1093)
The Hankel matrix spans the restricted behaviour:  rank(H) = Lm+n =  26
Shape of Hankel (32, 1093)
The Hankel matrix spans the restricted behaviour:  rank(H) = Lm+n =  26
Shape of Hankel (32, 1093)
The Hankel matrix spans the restricted behaviour:  rank(H) = Lm+n =  26
Shape of Hankel (32, 1093)
The Hankel matrix spans the restricted behaviour:  rank(H) = Lm+n =  26
Shape of Hankel (32, 1093)
The Hankel matrix spans the restricted behaviour:  rank(H) = Lm+n =  26
Shape of Hankel (32, 1093)
The Hankel matrix spans the restricted behaviour:  rank(H) = Lm+n =  26
Shape of Hankel (32, 1093)
The Hankel matrix spans the restricted behaviour:  rank(H) = Lm+n =  26
Shape of Hankel (32, 1093)
The Hankel matrix spans the restricted behaviour:  rank(H) = Lm+n =  26
Shape of Hankel (32, 1093)
The Hankel matrix spans the restricted behaviour:  rank(H) = Lm+n =  26
Shape of Hankel (32, 1093)
The Hankel matrix spans the restricted behaviour:  rank(H) = Lm+n =  26
Shape of Hankel (32, 1093)
The Hankel matrix spans the restricted behaviour:  rank(H) = Lm+n =  26
Shape of Hankel (32, 1093)
The Hankel matrix spans the restricted behaviour:  rank(H) = Lm+n =  26
Shape of Hankel (32, 1093)
The Hankel matrix spans the restricted behaviour:  rank(H) = Lm+n =  26
Shape of Hankel (32, 1093)
The Hankel matrix spans the restricted behaviour:  rank(H) = Lm+n =  26
Shape of Hankel (32, 1093)
The Hankel matrix spans the restricted behaviour:  rank(H) = Lm+n =  26
Shape of Hankel (32, 1093)
The Hankel matrix spans the restricted behaviour:  rank(H) = Lm+n =  26
Shape of Hankel (32, 1093)
The Hankel matrix spans the restricted behaviour:  rank(H) = Lm+n =  26
Shape of Hankel (32, 1093)
The Hankel matrix spans the restricted behaviour:  rank(H) = Lm+n =  26
Shape of Hankel (24, 1093)
The Hankel matrix spans the restricted behaviour:  rank(H) = Lm+n =  18
rank 1000
Running time of Alberto Algo with 100 iterations:  527.4365424890002
[81]
Running time of distributed Algo with 100 outer iter and 5 alternating projection:  220.9716713710004
Running time of Worst case distributed Algo with 100 outer iter and 5 alternating projection:  114.90354214002946
rank 1000
Running time of Alberto Algo with 100 iterations:  532.5340755149991
[81]
Running time of distributed Algo with 100 outer iter and 5 alternating projection:  221.52779301999908
Running time of Worst case distributed Algo with 100 outer iter and 5 alternating projection:  113.9923038319721
rank 1000
Running time of Alberto Algo with 100 iterations:  529.374194768001
[81]
Running time of distributed Algo with 100 outer iter and 5 alternating projection:  220.65610365700013
Running time of Worst case distributed Algo with 100 outer iter and 5 alternating projection:  114.52238879703145
rank 1000
Running time of Alberto Algo with 100 iterations:  538.4930042590004
[82]
Running time of distributed Algo with 100 outer iter and 5 alternating projection:  221.2327723519993
Running time of Worst case distributed Algo with 100 outer iter and 5 alternating projection:  115.97571918200265
rank 1000
Running time of Alberto Algo with 100 iterations:  540.2329542589996
[82]
Running time of distributed Algo with 100 outer iter and 5 alternating projection:  222.14474349400007
Running time of Worst case distributed Algo with 100 outer iter and 5 alternating projection:  116.47938334395621
