Eigenvalues:
[0.5+0.05j 0.5-0.05j]
Is the system stable? -- True
Is the system controllable? True
Is the system observable? True
vertex connectivity: 1
edge connectivity: 1
(600, 1)
(1194, 1)
Shape of Hankel (1600, 1093)
The Hankel matrix spans the restricted behaviour:  rank(H) = Lm+n =  1000
Shape of Hankel (3184, 1093)
The Hankel matrix does NOT span the restricted behavior: rank(H) = 1000 
 mL+n = 2584
Shape of Hankel (24, 1093)
The Hankel matrix spans the restricted behaviour:  rank(H) = Lm+n =  18
Shape of Hankel (32, 1093)
The Hankel matrix spans the restricted behaviour:  rank(H) = Lm+n =  26
Shape of Hankel (32, 1093)
The Hankel matrix spans the restricted behaviour:  rank(H) = Lm+n =  26
Shape of Hankel (32, 1093)
The Hankel matrix spans the restricted behaviour:  rank(H) = Lm+n =  26
Shape of Hankel (32, 1093)
The Hankel matrix spans the restricted behaviour:  rank(H) = Lm+n =  26
Shape of Hankel (32, 1093)
The Hankel matrix spans the restricted behaviour:  rank(H) = Lm+n =  26
Shape of Hankel (32, 1093)
The Hankel matrix spans the restricted behaviour:  rank(H) = Lm+n =  26
Shape of Hankel (32, 1093)
The Hankel matrix spans the restricted behaviour:  rank(H) = Lm+n =  26
Shape of Hankel (32, 1093)
The Hankel matrix spans the restricted behaviour:  rank(H) = Lm+n =  26
Shape of Hankel (32, 1093)
The Hankel matrix spans the restricted behaviour:  rank(H) = Lm+n =  26
Shape of Hankel (32, 1093)
The Hankel matrix spans the restricted behaviour:  rank(H) = Lm+n =  26
Shape of Hankel (32, 1093)
The Hankel matrix spans the restricted behaviour:  rank(H) = Lm+n =  26
Shape of Hankel (32, 1093)
The Hankel matrix spans the restricted behaviour:  rank(H) = Lm+n =  26
Shape of Hankel (32, 1093)
The Hankel matrix spans the restricted behaviour:  rank(H) = Lm+n =  26
Shape of Hankel (32, 1093)
The Hankel matrix spans the restricted behaviour:  rank(H) = Lm+n =  26
Shape of Hankel (32, 1093)
The Hankel matrix spans the restricted behaviour:  rank(H) = Lm+n =  26
Shape of Hankel (32, 1093)
The Hankel matrix spans the restricted behaviour:  rank(H) = Lm+n =  26
Shape of Hankel (32, 1093)
The Hankel matrix spans the restricted behaviour:  rank(H) = Lm+n =  26
Shape of Hankel (32, 1093)
The Hankel matrix spans the restricted behaviour:  rank(H) = Lm+n =  26
Shape of Hankel (32, 1093)
The Hankel matrix spans the restricted behaviour:  rank(H) = Lm+n =  26
Shape of Hankel (32, 1093)
The Hankel matrix spans the restricted behaviour:  rank(H) = Lm+n =  26
Shape of Hankel (32, 1093)
The Hankel matrix spans the restricted behaviour:  rank(H) = Lm+n =  26
Shape of Hankel (32, 1093)
The Hankel matrix spans the restricted behaviour:  rank(H) = Lm+n =  26
Shape of Hankel (32, 1093)
The Hankel matrix spans the restricted behaviour:  rank(H) = Lm+n =  26
Shape of Hankel (32, 1093)
The Hankel matrix spans the restricted behaviour:  rank(H) = Lm+n =  26
Shape of Hankel (32, 1093)
The Hankel matrix spans the restricted behaviour:  rank(H) = Lm+n =  26
Shape of Hankel (32, 1093)
The Hankel matrix spans the restricted behaviour:  rank(H) = Lm+n =  26
Shape of Hankel (32, 1093)
The Hankel matrix spans the restricted behaviour:  rank(H) = Lm+n =  26
Shape of Hankel (32, 1093)
The Hankel matrix spans the restricted behaviour:  rank(H) = Lm+n =  26
Shape of Hankel (32, 1093)
The Hankel matrix spans the restricted behaviour:  rank(H) = Lm+n =  26
Shape of Hankel (32, 1093)
The Hankel matrix spans the restricted behaviour:  rank(H) = Lm+n =  26
Shape of Hankel (32, 1093)
The Hankel matrix spans the restricted behaviour:  rank(H) = Lm+n =  26
Shape of Hankel (32, 1093)
The Hankel matrix spans the restricted behaviour:  rank(H) = Lm+n =  26
Shape of Hankel (32, 1093)
The Hankel matrix spans the restricted behaviour:  rank(H) = Lm+n =  26
Shape of Hankel (32, 1093)
The Hankel matrix spans the restricted behaviour:  rank(H) = Lm+n =  26
Shape of Hankel (32, 1093)
The Hankel matrix spans the restricted behaviour:  rank(H) = Lm+n =  26
Shape of Hankel (32, 1093)
The Hankel matrix spans the restricted behaviour:  rank(H) = Lm+n =  26
Shape of Hankel (32, 1093)
The Hankel matrix spans the restricted behaviour:  rank(H) = Lm+n =  26
Shape of Hankel (32, 1093)
The Hankel matrix spans the restricted behaviour:  rank(H) = Lm+n =  26
Shape of Hankel (32, 1093)
The Hankel matrix spans the restricted behaviour:  rank(H) = Lm+n =  26
Shape of Hankel (32, 1093)
The Hankel matrix spans the restricted behaviour:  rank(H) = Lm+n =  26
Shape of Hankel (32, 1093)
The Hankel matrix spans the restricted behaviour:  rank(H) = Lm+n =  26
Shape of Hankel (32, 1093)
The Hankel matrix spans the restricted behaviour:  rank(H) = Lm+n =  26
Shape of Hankel (32, 1093)
The Hankel matrix spans the restricted behaviour:  rank(H) = Lm+n =  26
Shape of Hankel (32, 1093)
The Hankel matrix spans the restricted behaviour:  rank(H) = Lm+n =  26
Shape of Hankel (32, 1093)
The Hankel matrix spans the restricted behaviour:  rank(H) = Lm+n =  26
Shape of Hankel (32, 1093)
The Hankel matrix spans the restricted behaviour:  rank(H) = Lm+n =  26
Shape of Hankel (32, 1093)
The Hankel matrix spans the restricted behaviour:  rank(H) = Lm+n =  26
Shape of Hankel (32, 1093)
The Hankel matrix spans the restricted behaviour:  rank(H) = Lm+n =  26
Shape of Hankel (32, 1093)
The Hankel matrix spans the restricted behaviour:  rank(H) = Lm+n =  26
Shape of Hankel (32, 1093)
The Hankel matrix spans the restricted behaviour:  rank(H) = Lm+n =  26
Shape of Hankel (32, 1093)
The Hankel matrix spans the restricted behaviour:  rank(H) = Lm+n =  26
Shape of Hankel (32, 1093)
The Hankel matrix spans the restricted behaviour:  rank(H) = Lm+n =  26
Shape of Hankel (32, 1093)
The Hankel matrix spans the restricted behaviour:  rank(H) = Lm+n =  26
Shape of Hankel (32, 1093)
The Hankel matrix spans the restricted behaviour:  rank(H) = Lm+n =  26
Shape of Hankel (32, 1093)
The Hankel matrix spans the restricted behaviour:  rank(H) = Lm+n =  26
Shape of Hankel (32, 1093)
The Hankel matrix spans the restricted behaviour:  rank(H) = Lm+n =  26
Shape of Hankel (32, 1093)
The Hankel matrix spans the restricted behaviour:  rank(H) = Lm+n =  26
Shape of Hankel (32, 1093)
The Hankel matrix spans the restricted behaviour:  rank(H) = Lm+n =  26
Shape of Hankel (32, 1093)
The Hankel matrix spans the restricted behaviour:  rank(H) = Lm+n =  26
Shape of Hankel (32, 1093)
The Hankel matrix spans the restricted behaviour:  rank(H) = Lm+n =  26
Shape of Hankel (32, 1093)
The Hankel matrix spans the restricted behaviour:  rank(H) = Lm+n =  26
Shape of Hankel (32, 1093)
The Hankel matrix spans the restricted behaviour:  rank(H) = Lm+n =  26
Shape of Hankel (32, 1093)
The Hankel matrix spans the restricted behaviour:  rank(H) = Lm+n =  26
Shape of Hankel (32, 1093)
The Hankel matrix spans the restricted behaviour:  rank(H) = Lm+n =  26
Shape of Hankel (32, 1093)
The Hankel matrix spans the restricted behaviour:  rank(H) = Lm+n =  26
Shape of Hankel (32, 1093)
The Hankel matrix spans the restricted behaviour:  rank(H) = Lm+n =  26
Shape of Hankel (32, 1093)
The Hankel matrix spans the restricted behaviour:  rank(H) = Lm+n =  26
Shape of Hankel (32, 1093)
The Hankel matrix spans the restricted behaviour:  rank(H) = Lm+n =  26
Shape of Hankel (32, 1093)
The Hankel matrix spans the restricted behaviour:  rank(H) = Lm+n =  26
Shape of Hankel (32, 1093)
The Hankel matrix spans the restricted behaviour:  rank(H) = Lm+n =  26
Shape of Hankel (32, 1093)
The Hankel matrix spans the restricted behaviour:  rank(H) = Lm+n =  26
Shape of Hankel (32, 1093)
The Hankel matrix spans the restricted behaviour:  rank(H) = Lm+n =  26
Shape of Hankel (32, 1093)
The Hankel matrix spans the restricted behaviour:  rank(H) = Lm+n =  26
Shape of Hankel (32, 1093)
The Hankel matrix spans the restricted behaviour:  rank(H) = Lm+n =  26
Shape of Hankel (32, 1093)
The Hankel matrix spans the restricted behaviour:  rank(H) = Lm+n =  26
Shape of Hankel (32, 1093)
The Hankel matrix spans the restricted behaviour:  rank(H) = Lm+n =  26
Shape of Hankel (32, 1093)
The Hankel matrix spans the restricted behaviour:  rank(H) = Lm+n =  26
Shape of Hankel (32, 1093)
The Hankel matrix spans the restricted behaviour:  rank(H) = Lm+n =  26
Shape of Hankel (32, 1093)
The Hankel matrix spans the restricted behaviour:  rank(H) = Lm+n =  26
Shape of Hankel (32, 1093)
The Hankel matrix spans the restricted behaviour:  rank(H) = Lm+n =  26
Shape of Hankel (32, 1093)
The Hankel matrix spans the restricted behaviour:  rank(H) = Lm+n =  26
Shape of Hankel (32, 1093)
The Hankel matrix spans the restricted behaviour:  rank(H) = Lm+n =  26
Shape of Hankel (32, 1093)
The Hankel matrix spans the restricted behaviour:  rank(H) = Lm+n =  26
Shape of Hankel (32, 1093)
The Hankel matrix spans the restricted behaviour:  rank(H) = Lm+n =  26
Shape of Hankel (32, 1093)
The Hankel matrix spans the restricted behaviour:  rank(H) = Lm+n =  26
Shape of Hankel (32, 1093)
The Hankel matrix spans the restricted behaviour:  rank(H) = Lm+n =  26
Shape of Hankel (32, 1093)
The Hankel matrix spans the restricted behaviour:  rank(H) = Lm+n =  26
Shape of Hankel (32, 1093)
The Hankel matrix spans the restricted behaviour:  rank(H) = Lm+n =  26
Shape of Hankel (32, 1093)
The Hankel matrix spans the restricted behaviour:  rank(H) = Lm+n =  26
Shape of Hankel (32, 1093)
The Hankel matrix spans the restricted behaviour:  rank(H) = Lm+n =  26
Shape of Hankel (32, 1093)
The Hankel matrix spans the restricted behaviour:  rank(H) = Lm+n =  26
Shape of Hankel (32, 1093)
The Hankel matrix spans the restricted behaviour:  rank(H) = Lm+n =  26
Shape of Hankel (32, 1093)
The Hankel matrix spans the restricted behaviour:  rank(H) = Lm+n =  26
Shape of Hankel (32, 1093)
The Hankel matrix spans the restricted behaviour:  rank(H) = Lm+n =  26
Shape of Hankel (32, 1093)
The Hankel matrix spans the restricted behaviour:  rank(H) = Lm+n =  26
Shape of Hankel (32, 1093)
The Hankel matrix spans the restricted behaviour:  rank(H) = Lm+n =  26
Shape of Hankel (32, 1093)
The Hankel matrix spans the restricted behaviour:  rank(H) = Lm+n =  26
Shape of Hankel (32, 1093)
The Hankel matrix spans the restricted behaviour:  rank(H) = Lm+n =  26
Shape of Hankel (24, 1093)
The Hankel matrix spans the restricted behaviour:  rank(H) = Lm+n =  18
Running time of Alberto Algo with 50 iterations:  328.950220483
Running time of distributed Algo with 50 outer iter and 5 alternating projection:  114.97790309100003
Running time of Alberto Algo with 50 iterations:  329.52885434300003
Running time of distributed Algo with 50 outer iter and 5 alternating projection:  114.66705438500003
Running time of Alberto Algo with 50 iterations:  331.29674310999997
Running time of distributed Algo with 50 outer iter and 5 alternating projection:  115.34802735999983
mean projection time of each subspace:  0.03229766480001445
Max projection time of each subspace:  0.20654743599993708
Minimum projection time of each subspace:  0.0014504400000987516
150
Projection time of total space:  6.66621160700015
Projection time of alternating projection:  2.2996662741666722
750
Projection time of inter projection:  0.0014571476519995485
Projection onto Cartisian of subspaces time:  0.4584725164693313
vertex connectivity: 1
edge connectivity: 1
(600, 1)
(1434, 1)
Shape of Hankel (1600, 1093)
The Hankel matrix spans the restricted behaviour:  rank(H) = Lm+n =  1000
Shape of Hankel (3824, 1093)
The Hankel matrix does NOT span the restricted behavior: rank(H) = 1000 
 mL+n = 3224
Shape of Hankel (32, 1093)
The Hankel matrix spans the restricted behaviour:  rank(H) = Lm+n =  26
Shape of Hankel (40, 1093)
The Hankel matrix spans the restricted behaviour:  rank(H) = Lm+n =  34
Shape of Hankel (40, 1093)
The Hankel matrix spans the restricted behaviour:  rank(H) = Lm+n =  34
Shape of Hankel (32, 1093)
The Hankel matrix spans the restricted behaviour:  rank(H) = Lm+n =  26
Shape of Hankel (32, 1093)
The Hankel matrix spans the restricted behaviour:  rank(H) = Lm+n =  26
Shape of Hankel (32, 1093)
The Hankel matrix spans the restricted behaviour:  rank(H) = Lm+n =  26
Shape of Hankel (32, 1093)
The Hankel matrix spans the restricted behaviour:  rank(H) = Lm+n =  26
Shape of Hankel (48, 1093)
The Hankel matrix spans the restricted behaviour:  rank(H) = Lm+n =  42
Shape of Hankel (48, 1093)
The Hankel matrix spans the restricted behaviour:  rank(H) = Lm+n =  42
Shape of Hankel (32, 1093)
The Hankel matrix spans the restricted behaviour:  rank(H) = Lm+n =  26
Shape of Hankel (40, 1093)
The Hankel matrix spans the restricted behaviour:  rank(H) = Lm+n =  34
Shape of Hankel (32, 1093)
The Hankel matrix spans the restricted behaviour:  rank(H) = Lm+n =  26
Shape of Hankel (40, 1093)
The Hankel matrix spans the restricted behaviour:  rank(H) = Lm+n =  34
Shape of Hankel (32, 1093)
The Hankel matrix spans the restricted behaviour:  rank(H) = Lm+n =  26
Shape of Hankel (40, 1093)
The Hankel matrix spans the restricted behaviour:  rank(H) = Lm+n =  34
Shape of Hankel (40, 1093)
The Hankel matrix spans the restricted behaviour:  rank(H) = Lm+n =  34
Shape of Hankel (56, 1093)
The Hankel matrix spans the restricted behaviour:  rank(H) = Lm+n =  50
Shape of Hankel (32, 1093)
The Hankel matrix spans the restricted behaviour:  rank(H) = Lm+n =  26
Shape of Hankel (48, 1093)
The Hankel matrix spans the restricted behaviour:  rank(H) = Lm+n =  42
Shape of Hankel (40, 1093)
The Hankel matrix spans the restricted behaviour:  rank(H) = Lm+n =  34
Shape of Hankel (48, 1093)
The Hankel matrix spans the restricted behaviour:  rank(H) = Lm+n =  42
Shape of Hankel (40, 1093)
The Hankel matrix spans the restricted behaviour:  rank(H) = Lm+n =  34
Shape of Hankel (40, 1093)
The Hankel matrix spans the restricted behaviour:  rank(H) = Lm+n =  34
Shape of Hankel (48, 1093)
The Hankel matrix spans the restricted behaviour:  rank(H) = Lm+n =  42
Shape of Hankel (32, 1093)
The Hankel matrix spans the restricted behaviour:  rank(H) = Lm+n =  26
Shape of Hankel (32, 1093)
The Hankel matrix spans the restricted behaviour:  rank(H) = Lm+n =  26
Shape of Hankel (40, 1093)
The Hankel matrix spans the restricted behaviour:  rank(H) = Lm+n =  34
Shape of Hankel (40, 1093)
The Hankel matrix spans the restricted behaviour:  rank(H) = Lm+n =  34
Shape of Hankel (48, 1093)
The Hankel matrix spans the restricted behaviour:  rank(H) = Lm+n =  42
Shape of Hankel (56, 1093)
The Hankel matrix spans the restricted behaviour:  rank(H) = Lm+n =  50
Shape of Hankel (32, 1093)
The Hankel matrix spans the restricted behaviour:  rank(H) = Lm+n =  26
Shape of Hankel (40, 1093)
The Hankel matrix spans the restricted behaviour:  rank(H) = Lm+n =  34
Shape of Hankel (32, 1093)
The Hankel matrix spans the restricted behaviour:  rank(H) = Lm+n =  26
Shape of Hankel (32, 1093)
The Hankel matrix spans the restricted behaviour:  rank(H) = Lm+n =  26
Shape of Hankel (32, 1093)
The Hankel matrix spans the restricted behaviour:  rank(H) = Lm+n =  26
Shape of Hankel (32, 1093)
The Hankel matrix spans the restricted behaviour:  rank(H) = Lm+n =  26
Shape of Hankel (48, 1093)
The Hankel matrix spans the restricted behaviour:  rank(H) = Lm+n =  42
Shape of Hankel (40, 1093)
The Hankel matrix spans the restricted behaviour:  rank(H) = Lm+n =  34
Shape of Hankel (32, 1093)
The Hankel matrix spans the restricted behaviour:  rank(H) = Lm+n =  26
Shape of Hankel (48, 1093)
The Hankel matrix spans the restricted behaviour:  rank(H) = Lm+n =  42
Shape of Hankel (40, 1093)
The Hankel matrix spans the restricted behaviour:  rank(H) = Lm+n =  34
Shape of Hankel (40, 1093)
The Hankel matrix spans the restricted behaviour:  rank(H) = Lm+n =  34
Shape of Hankel (32, 1093)
The Hankel matrix spans the restricted behaviour:  rank(H) = Lm+n =  26
Shape of Hankel (32, 1093)
The Hankel matrix spans the restricted behaviour:  rank(H) = Lm+n =  26
Shape of Hankel (48, 1093)
The Hankel matrix spans the restricted behaviour:  rank(H) = Lm+n =  42
Shape of Hankel (48, 1093)
The Hankel matrix spans the restricted behaviour:  rank(H) = Lm+n =  42
Shape of Hankel (32, 1093)
The Hankel matrix spans the restricted behaviour:  rank(H) = Lm+n =  26
Shape of Hankel (40, 1093)
The Hankel matrix spans the restricted behaviour:  rank(H) = Lm+n =  34
Shape of Hankel (32, 1093)
The Hankel matrix spans the restricted behaviour:  rank(H) = Lm+n =  26
Shape of Hankel (32, 1093)
The Hankel matrix spans the restricted behaviour:  rank(H) = Lm+n =  26
Shape of Hankel (40, 1093)
The Hankel matrix spans the restricted behaviour:  rank(H) = Lm+n =  34
Shape of Hankel (40, 1093)
The Hankel matrix spans the restricted behaviour:  rank(H) = Lm+n =  34
Shape of Hankel (40, 1093)
The Hankel matrix spans the restricted behaviour:  rank(H) = Lm+n =  34
Shape of Hankel (32, 1093)
The Hankel matrix spans the restricted behaviour:  rank(H) = Lm+n =  26
Shape of Hankel (32, 1093)
The Hankel matrix spans the restricted behaviour:  rank(H) = Lm+n =  26
Shape of Hankel (40, 1093)
The Hankel matrix spans the restricted behaviour:  rank(H) = Lm+n =  34
Shape of Hankel (32, 1093)
The Hankel matrix spans the restricted behaviour:  rank(H) = Lm+n =  26
Shape of Hankel (48, 1093)
The Hankel matrix spans the restricted behaviour:  rank(H) = Lm+n =  42
Shape of Hankel (32, 1093)
The Hankel matrix spans the restricted behaviour:  rank(H) = Lm+n =  26
Shape of Hankel (48, 1093)
The Hankel matrix spans the restricted behaviour:  rank(H) = Lm+n =  42
Shape of Hankel (32, 1093)
The Hankel matrix spans the restricted behaviour:  rank(H) = Lm+n =  26
Shape of Hankel (32, 1093)
The Hankel matrix spans the restricted behaviour:  rank(H) = Lm+n =  26
Shape of Hankel (40, 1093)
The Hankel matrix spans the restricted behaviour:  rank(H) = Lm+n =  34
Shape of Hankel (48, 1093)
The Hankel matrix spans the restricted behaviour:  rank(H) = Lm+n =  42
Shape of Hankel (32, 1093)
The Hankel matrix spans the restricted behaviour:  rank(H) = Lm+n =  26
Shape of Hankel (40, 1093)
The Hankel matrix spans the restricted behaviour:  rank(H) = Lm+n =  34
Shape of Hankel (40, 1093)
The Hankel matrix spans the restricted behaviour:  rank(H) = Lm+n =  34
Shape of Hankel (40, 1093)
The Hankel matrix spans the restricted behaviour:  rank(H) = Lm+n =  34
Shape of Hankel (40, 1093)
The Hankel matrix spans the restricted behaviour:  rank(H) = Lm+n =  34
Shape of Hankel (40, 1093)
The Hankel matrix spans the restricted behaviour:  rank(H) = Lm+n =  34
Shape of Hankel (48, 1093)
The Hankel matrix spans the restricted behaviour:  rank(H) = Lm+n =  42
Shape of Hankel (40, 1093)
The Hankel matrix spans the restricted behaviour:  rank(H) = Lm+n =  34
Shape of Hankel (32, 1093)
The Hankel matrix spans the restricted behaviour:  rank(H) = Lm+n =  26
Shape of Hankel (48, 1093)
The Hankel matrix spans the restricted behaviour:  rank(H) = Lm+n =  42
Shape of Hankel (32, 1093)
The Hankel matrix spans the restricted behaviour:  rank(H) = Lm+n =  26
Shape of Hankel (40, 1093)
The Hankel matrix spans the restricted behaviour:  rank(H) = Lm+n =  34
Shape of Hankel (32, 1093)
The Hankel matrix spans the restricted behaviour:  rank(H) = Lm+n =  26
Shape of Hankel (32, 1093)
The Hankel matrix spans the restricted behaviour:  rank(H) = Lm+n =  26
Shape of Hankel (40, 1093)
The Hankel matrix spans the restricted behaviour:  rank(H) = Lm+n =  34
Shape of Hankel (40, 1093)
The Hankel matrix spans the restricted behaviour:  rank(H) = Lm+n =  34
Shape of Hankel (32, 1093)
The Hankel matrix spans the restricted behaviour:  rank(H) = Lm+n =  26
Shape of Hankel (32, 1093)
The Hankel matrix spans the restricted behaviour:  rank(H) = Lm+n =  26
Shape of Hankel (32, 1093)
The Hankel matrix spans the restricted behaviour:  rank(H) = Lm+n =  26
Shape of Hankel (32, 1093)
The Hankel matrix spans the restricted behaviour:  rank(H) = Lm+n =  26
Shape of Hankel (48, 1093)
The Hankel matrix spans the restricted behaviour:  rank(H) = Lm+n =  42
Shape of Hankel (48, 1093)
The Hankel matrix spans the restricted behaviour:  rank(H) = Lm+n =  42
Shape of Hankel (32, 1093)
The Hankel matrix spans the restricted behaviour:  rank(H) = Lm+n =  26
Shape of Hankel (40, 1093)
The Hankel matrix spans the restricted behaviour:  rank(H) = Lm+n =  34
Shape of Hankel (40, 1093)
The Hankel matrix spans the restricted behaviour:  rank(H) = Lm+n =  34
Shape of Hankel (48, 1093)
The Hankel matrix spans the restricted behaviour:  rank(H) = Lm+n =  42
Shape of Hankel (40, 1093)
The Hankel matrix spans the restricted behaviour:  rank(H) = Lm+n =  34
Shape of Hankel (40, 1093)
The Hankel matrix spans the restricted behaviour:  rank(H) = Lm+n =  34
Shape of Hankel (32, 1093)
The Hankel matrix spans the restricted behaviour:  rank(H) = Lm+n =  26
Shape of Hankel (32, 1093)
The Hankel matrix spans the restricted behaviour:  rank(H) = Lm+n =  26
Shape of Hankel (40, 1093)
The Hankel matrix spans the restricted behaviour:  rank(H) = Lm+n =  34
Shape of Hankel (32, 1093)
The Hankel matrix spans the restricted behaviour:  rank(H) = Lm+n =  26
Shape of Hankel (40, 1093)
The Hankel matrix spans the restricted behaviour:  rank(H) = Lm+n =  34
Shape of Hankel (32, 1093)
The Hankel matrix spans the restricted behaviour:  rank(H) = Lm+n =  26
Shape of Hankel (40, 1093)
The Hankel matrix spans the restricted behaviour:  rank(H) = Lm+n =  34
Shape of Hankel (24, 1093)
The Hankel matrix spans the restricted behaviour:  rank(H) = Lm+n =  18
Running time of Alberto Algo with 50 iterations:  331.28306953599986
Running time of distributed Algo with 50 outer iter and 5 alternating projection:  174.5038031649999
Running time of Alberto Algo with 50 iterations:  331.77235430999986
Running time of distributed Algo with 50 outer iter and 5 alternating projection:  173.31330776699997
Running time of Alberto Algo with 50 iterations:  334.0488653090001
Running time of distributed Algo with 50 outer iter and 5 alternating projection:  174.30738078800005
mean projection time of each subspace:  0.044424465409979345
Max projection time of each subspace:  0.20389972400016632
Minimum projection time of each subspace:  0.0025032509997799934
150
Projection time of total space:  6.728528401000403
Projection time of alternating projection:  3.480560040846681
750
Projection time of inter projection:  0.0015158756533255656
Projection onto Cartisian of subspaces time:  0.6945924477533363
vertex connectivity: 2
edge connectivity: 2
(600, 1)
(1668, 1)
Shape of Hankel (1600, 1093)
The Hankel matrix spans the restricted behaviour:  rank(H) = Lm+n =  1000
Shape of Hankel (4448, 1093)
The Hankel matrix does NOT span the restricted behavior: rank(H) = 1000 
 mL+n = 3848
Shape of Hankel (32, 1093)
The Hankel matrix spans the restricted behaviour:  rank(H) = Lm+n =  26
Shape of Hankel (40, 1093)
The Hankel matrix spans the restricted behaviour:  rank(H) = Lm+n =  34
Shape of Hankel (48, 1093)
The Hankel matrix spans the restricted behaviour:  rank(H) = Lm+n =  42
Shape of Hankel (32, 1093)
The Hankel matrix spans the restricted behaviour:  rank(H) = Lm+n =  26
Shape of Hankel (32, 1093)
The Hankel matrix spans the restricted behaviour:  rank(H) = Lm+n =  26
Shape of Hankel (32, 1093)
The Hankel matrix spans the restricted behaviour:  rank(H) = Lm+n =  26
Shape of Hankel (40, 1093)
The Hankel matrix spans the restricted behaviour:  rank(H) = Lm+n =  34
Shape of Hankel (72, 1093)
The Hankel matrix spans the restricted behaviour:  rank(H) = Lm+n =  66
Shape of Hankel (64, 1093)
The Hankel matrix spans the restricted behaviour:  rank(H) = Lm+n =  58
Shape of Hankel (32, 1093)
The Hankel matrix spans the restricted behaviour:  rank(H) = Lm+n =  26
Shape of Hankel (56, 1093)
The Hankel matrix spans the restricted behaviour:  rank(H) = Lm+n =  50
Shape of Hankel (40, 1093)
The Hankel matrix spans the restricted behaviour:  rank(H) = Lm+n =  34
Shape of Hankel (40, 1093)
The Hankel matrix spans the restricted behaviour:  rank(H) = Lm+n =  34
Shape of Hankel (48, 1093)
The Hankel matrix spans the restricted behaviour:  rank(H) = Lm+n =  42
Shape of Hankel (40, 1093)
The Hankel matrix spans the restricted behaviour:  rank(H) = Lm+n =  34
Shape of Hankel (48, 1093)
The Hankel matrix spans the restricted behaviour:  rank(H) = Lm+n =  42
Shape of Hankel (56, 1093)
The Hankel matrix spans the restricted behaviour:  rank(H) = Lm+n =  50
Shape of Hankel (48, 1093)
The Hankel matrix spans the restricted behaviour:  rank(H) = Lm+n =  42
Shape of Hankel (48, 1093)
The Hankel matrix spans the restricted behaviour:  rank(H) = Lm+n =  42
Shape of Hankel (40, 1093)
The Hankel matrix spans the restricted behaviour:  rank(H) = Lm+n =  34
Shape of Hankel (56, 1093)
The Hankel matrix spans the restricted behaviour:  rank(H) = Lm+n =  50
Shape of Hankel (56, 1093)
The Hankel matrix spans the restricted behaviour:  rank(H) = Lm+n =  50
Shape of Hankel (48, 1093)
The Hankel matrix spans the restricted behaviour:  rank(H) = Lm+n =  42
Shape of Hankel (48, 1093)
The Hankel matrix spans the restricted behaviour:  rank(H) = Lm+n =  42
Shape of Hankel (48, 1093)
The Hankel matrix spans the restricted behaviour:  rank(H) = Lm+n =  42
Shape of Hankel (40, 1093)
The Hankel matrix spans the restricted behaviour:  rank(H) = Lm+n =  34
Shape of Hankel (40, 1093)
The Hankel matrix spans the restricted behaviour:  rank(H) = Lm+n =  34
Shape of Hankel (40, 1093)
The Hankel matrix spans the restricted behaviour:  rank(H) = Lm+n =  34
Shape of Hankel (56, 1093)
The Hankel matrix spans the restricted behaviour:  rank(H) = Lm+n =  50
Shape of Hankel (72, 1093)
The Hankel matrix spans the restricted behaviour:  rank(H) = Lm+n =  66
Shape of Hankel (40, 1093)
The Hankel matrix spans the restricted behaviour:  rank(H) = Lm+n =  34
Shape of Hankel (48, 1093)
The Hankel matrix spans the restricted behaviour:  rank(H) = Lm+n =  42
Shape of Hankel (32, 1093)
The Hankel matrix spans the restricted behaviour:  rank(H) = Lm+n =  26
Shape of Hankel (40, 1093)
The Hankel matrix spans the restricted behaviour:  rank(H) = Lm+n =  34
Shape of Hankel (40, 1093)
The Hankel matrix spans the restricted behaviour:  rank(H) = Lm+n =  34
Shape of Hankel (40, 1093)
The Hankel matrix spans the restricted behaviour:  rank(H) = Lm+n =  34
Shape of Hankel (48, 1093)
The Hankel matrix spans the restricted behaviour:  rank(H) = Lm+n =  42
Shape of Hankel (40, 1093)
The Hankel matrix spans the restricted behaviour:  rank(H) = Lm+n =  34
Shape of Hankel (40, 1093)
The Hankel matrix spans the restricted behaviour:  rank(H) = Lm+n =  34
Shape of Hankel (56, 1093)
The Hankel matrix spans the restricted behaviour:  rank(H) = Lm+n =  50
Shape of Hankel (40, 1093)
The Hankel matrix spans the restricted behaviour:  rank(H) = Lm+n =  34
Shape of Hankel (48, 1093)
The Hankel matrix spans the restricted behaviour:  rank(H) = Lm+n =  42
Shape of Hankel (40, 1093)
The Hankel matrix spans the restricted behaviour:  rank(H) = Lm+n =  34
Shape of Hankel (40, 1093)
The Hankel matrix spans the restricted behaviour:  rank(H) = Lm+n =  34
Shape of Hankel (48, 1093)
The Hankel matrix spans the restricted behaviour:  rank(H) = Lm+n =  42
Shape of Hankel (64, 1093)
The Hankel matrix spans the restricted behaviour:  rank(H) = Lm+n =  58
Shape of Hankel (40, 1093)
The Hankel matrix spans the restricted behaviour:  rank(H) = Lm+n =  34
Shape of Hankel (48, 1093)
The Hankel matrix spans the restricted behaviour:  rank(H) = Lm+n =  42
Shape of Hankel (40, 1093)
The Hankel matrix spans the restricted behaviour:  rank(H) = Lm+n =  34
Shape of Hankel (40, 1093)
The Hankel matrix spans the restricted behaviour:  rank(H) = Lm+n =  34
Shape of Hankel (48, 1093)
The Hankel matrix spans the restricted behaviour:  rank(H) = Lm+n =  42
Shape of Hankel (40, 1093)
The Hankel matrix spans the restricted behaviour:  rank(H) = Lm+n =  34
Shape of Hankel (56, 1093)
The Hankel matrix spans the restricted behaviour:  rank(H) = Lm+n =  50
Shape of Hankel (32, 1093)
The Hankel matrix spans the restricted behaviour:  rank(H) = Lm+n =  26
Shape of Hankel (32, 1093)
The Hankel matrix spans the restricted behaviour:  rank(H) = Lm+n =  26
Shape of Hankel (56, 1093)
The Hankel matrix spans the restricted behaviour:  rank(H) = Lm+n =  50
Shape of Hankel (40, 1093)
The Hankel matrix spans the restricted behaviour:  rank(H) = Lm+n =  34
Shape of Hankel (56, 1093)
The Hankel matrix spans the restricted behaviour:  rank(H) = Lm+n =  50
Shape of Hankel (32, 1093)
The Hankel matrix spans the restricted behaviour:  rank(H) = Lm+n =  26
Shape of Hankel (56, 1093)
The Hankel matrix spans the restricted behaviour:  rank(H) = Lm+n =  50
Shape of Hankel (40, 1093)
The Hankel matrix spans the restricted behaviour:  rank(H) = Lm+n =  34
Shape of Hankel (40, 1093)
The Hankel matrix spans the restricted behaviour:  rank(H) = Lm+n =  34
Shape of Hankel (40, 1093)
The Hankel matrix spans the restricted behaviour:  rank(H) = Lm+n =  34
Shape of Hankel (48, 1093)
The Hankel matrix spans the restricted behaviour:  rank(H) = Lm+n =  42
Shape of Hankel (32, 1093)
The Hankel matrix spans the restricted behaviour:  rank(H) = Lm+n =  26
Shape of Hankel (40, 1093)
The Hankel matrix spans the restricted behaviour:  rank(H) = Lm+n =  34
Shape of Hankel (56, 1093)
The Hankel matrix spans the restricted behaviour:  rank(H) = Lm+n =  50
Shape of Hankel (40, 1093)
The Hankel matrix spans the restricted behaviour:  rank(H) = Lm+n =  34
Shape of Hankel (40, 1093)
The Hankel matrix spans the restricted behaviour:  rank(H) = Lm+n =  34
Shape of Hankel (56, 1093)
The Hankel matrix spans the restricted behaviour:  rank(H) = Lm+n =  50
Shape of Hankel (56, 1093)
The Hankel matrix spans the restricted behaviour:  rank(H) = Lm+n =  50
Shape of Hankel (48, 1093)
The Hankel matrix spans the restricted behaviour:  rank(H) = Lm+n =  42
Shape of Hankel (40, 1093)
The Hankel matrix spans the restricted behaviour:  rank(H) = Lm+n =  34
Shape of Hankel (56, 1093)
The Hankel matrix spans the restricted behaviour:  rank(H) = Lm+n =  50
Shape of Hankel (48, 1093)
The Hankel matrix spans the restricted behaviour:  rank(H) = Lm+n =  42
Shape of Hankel (48, 1093)
The Hankel matrix spans the restricted behaviour:  rank(H) = Lm+n =  42
Shape of Hankel (32, 1093)
The Hankel matrix spans the restricted behaviour:  rank(H) = Lm+n =  26
Shape of Hankel (32, 1093)
The Hankel matrix spans the restricted behaviour:  rank(H) = Lm+n =  26
Shape of Hankel (40, 1093)
The Hankel matrix spans the restricted behaviour:  rank(H) = Lm+n =  34
Shape of Hankel (40, 1093)
The Hankel matrix spans the restricted behaviour:  rank(H) = Lm+n =  34
Shape of Hankel (32, 1093)
The Hankel matrix spans the restricted behaviour:  rank(H) = Lm+n =  26
Shape of Hankel (40, 1093)
The Hankel matrix spans the restricted behaviour:  rank(H) = Lm+n =  34
Shape of Hankel (32, 1093)
The Hankel matrix spans the restricted behaviour:  rank(H) = Lm+n =  26
Shape of Hankel (40, 1093)
The Hankel matrix spans the restricted behaviour:  rank(H) = Lm+n =  34
Shape of Hankel (48, 1093)
The Hankel matrix spans the restricted behaviour:  rank(H) = Lm+n =  42
Shape of Hankel (56, 1093)
The Hankel matrix spans the restricted behaviour:  rank(H) = Lm+n =  50
Shape of Hankel (32, 1093)
The Hankel matrix spans the restricted behaviour:  rank(H) = Lm+n =  26
Shape of Hankel (48, 1093)
The Hankel matrix spans the restricted behaviour:  rank(H) = Lm+n =  42
Shape of Hankel (40, 1093)
The Hankel matrix spans the restricted behaviour:  rank(H) = Lm+n =  34
Shape of Hankel (56, 1093)
The Hankel matrix spans the restricted behaviour:  rank(H) = Lm+n =  50
Shape of Hankel (48, 1093)
The Hankel matrix spans the restricted behaviour:  rank(H) = Lm+n =  42
Shape of Hankel (64, 1093)
The Hankel matrix spans the restricted behaviour:  rank(H) = Lm+n =  58
Shape of Hankel (32, 1093)
The Hankel matrix spans the restricted behaviour:  rank(H) = Lm+n =  26
Shape of Hankel (32, 1093)
The Hankel matrix spans the restricted behaviour:  rank(H) = Lm+n =  26
Shape of Hankel (56, 1093)
The Hankel matrix spans the restricted behaviour:  rank(H) = Lm+n =  50
Shape of Hankel (40, 1093)
The Hankel matrix spans the restricted behaviour:  rank(H) = Lm+n =  34
Shape of Hankel (40, 1093)
The Hankel matrix spans the restricted behaviour:  rank(H) = Lm+n =  34
Shape of Hankel (32, 1093)
The Hankel matrix spans the restricted behaviour:  rank(H) = Lm+n =  26
Shape of Hankel (56, 1093)
The Hankel matrix spans the restricted behaviour:  rank(H) = Lm+n =  50
Shape of Hankel (40, 1093)
The Hankel matrix spans the restricted behaviour:  rank(H) = Lm+n =  34
Running time of Alberto Algo with 50 iterations:  331.4556207739997
Running time of distributed Algo with 50 outer iter and 5 alternating projection:  240.7736287800003
Running time of Alberto Algo with 50 iterations:  332.34688429300013
Running time of distributed Algo with 50 outer iter and 5 alternating projection:  241.03632809699957
Running time of Alberto Algo with 50 iterations:  332.1433214150002
Running time of distributed Algo with 50 outer iter and 5 alternating projection:  241.39993225699982
mean projection time of each subspace:  0.07240643258998716
Max projection time of each subspace:  0.25347154599967325
Minimum projection time of each subspace:  0.002572891000454547
150
Projection time of total space:  6.705764280000039
Projection time of alternating projection:  4.821089188639983
750
Projection time of inter projection:  0.0015404668520010698
Projection onto Cartisian of subspaces time:  0.9626735901826747
vertex connectivity: 2
edge connectivity: 2
(600, 1)
(1908, 1)
Shape of Hankel (1600, 1093)
The Hankel matrix spans the restricted behaviour:  rank(H) = Lm+n =  1000
Shape of Hankel (5088, 1093)
The Hankel matrix does NOT span the restricted behavior: rank(H) = 1000 
 mL+n = 4488
Shape of Hankel (40, 1093)
The Hankel matrix spans the restricted behaviour:  rank(H) = Lm+n =  34
Shape of Hankel (56, 1093)
The Hankel matrix spans the restricted behaviour:  rank(H) = Lm+n =  50
Shape of Hankel (64, 1093)
The Hankel matrix spans the restricted behaviour:  rank(H) = Lm+n =  58
Shape of Hankel (40, 1093)
The Hankel matrix spans the restricted behaviour:  rank(H) = Lm+n =  34
Shape of Hankel (48, 1093)
The Hankel matrix spans the restricted behaviour:  rank(H) = Lm+n =  42
Shape of Hankel (32, 1093)
The Hankel matrix spans the restricted behaviour:  rank(H) = Lm+n =  26
Shape of Hankel (48, 1093)
The Hankel matrix spans the restricted behaviour:  rank(H) = Lm+n =  42
Shape of Hankel (72, 1093)
The Hankel matrix spans the restricted behaviour:  rank(H) = Lm+n =  66
Shape of Hankel (80, 1093)
The Hankel matrix spans the restricted behaviour:  rank(H) = Lm+n =  74
Shape of Hankel (32, 1093)
The Hankel matrix spans the restricted behaviour:  rank(H) = Lm+n =  26
Shape of Hankel (64, 1093)
The Hankel matrix spans the restricted behaviour:  rank(H) = Lm+n =  58
Shape of Hankel (56, 1093)
The Hankel matrix spans the restricted behaviour:  rank(H) = Lm+n =  50
Shape of Hankel (48, 1093)
The Hankel matrix spans the restricted behaviour:  rank(H) = Lm+n =  42
Shape of Hankel (56, 1093)
The Hankel matrix spans the restricted behaviour:  rank(H) = Lm+n =  50
Shape of Hankel (40, 1093)
The Hankel matrix spans the restricted behaviour:  rank(H) = Lm+n =  34
Shape of Hankel (64, 1093)
The Hankel matrix spans the restricted behaviour:  rank(H) = Lm+n =  58
Shape of Hankel (56, 1093)
The Hankel matrix spans the restricted behaviour:  rank(H) = Lm+n =  50
Shape of Hankel (64, 1093)
The Hankel matrix spans the restricted behaviour:  rank(H) = Lm+n =  58
Shape of Hankel (48, 1093)
The Hankel matrix spans the restricted behaviour:  rank(H) = Lm+n =  42
Shape of Hankel (48, 1093)
The Hankel matrix spans the restricted behaviour:  rank(H) = Lm+n =  42
Shape of Hankel (56, 1093)
The Hankel matrix spans the restricted behaviour:  rank(H) = Lm+n =  50
Shape of Hankel (56, 1093)
The Hankel matrix spans the restricted behaviour:  rank(H) = Lm+n =  50
Shape of Hankel (48, 1093)
The Hankel matrix spans the restricted behaviour:  rank(H) = Lm+n =  42
Shape of Hankel (48, 1093)
The Hankel matrix spans the restricted behaviour:  rank(H) = Lm+n =  42
Shape of Hankel (48, 1093)
The Hankel matrix spans the restricted behaviour:  rank(H) = Lm+n =  42
Shape of Hankel (40, 1093)
The Hankel matrix spans the restricted behaviour:  rank(H) = Lm+n =  34
Shape of Hankel (48, 1093)
The Hankel matrix spans the restricted behaviour:  rank(H) = Lm+n =  42
Shape of Hankel (40, 1093)
The Hankel matrix spans the restricted behaviour:  rank(H) = Lm+n =  34
Shape of Hankel (56, 1093)
The Hankel matrix spans the restricted behaviour:  rank(H) = Lm+n =  50
Shape of Hankel (80, 1093)
The Hankel matrix spans the restricted behaviour:  rank(H) = Lm+n =  74
Shape of Hankel (48, 1093)
The Hankel matrix spans the restricted behaviour:  rank(H) = Lm+n =  42
Shape of Hankel (56, 1093)
The Hankel matrix spans the restricted behaviour:  rank(H) = Lm+n =  50
Shape of Hankel (32, 1093)
The Hankel matrix spans the restricted behaviour:  rank(H) = Lm+n =  26
Shape of Hankel (40, 1093)
The Hankel matrix spans the restricted behaviour:  rank(H) = Lm+n =  34
Shape of Hankel (48, 1093)
The Hankel matrix spans the restricted behaviour:  rank(H) = Lm+n =  42
Shape of Hankel (40, 1093)
The Hankel matrix spans the restricted behaviour:  rank(H) = Lm+n =  34
Shape of Hankel (48, 1093)
The Hankel matrix spans the restricted behaviour:  rank(H) = Lm+n =  42
Shape of Hankel (40, 1093)
The Hankel matrix spans the restricted behaviour:  rank(H) = Lm+n =  34
Shape of Hankel (40, 1093)
The Hankel matrix spans the restricted behaviour:  rank(H) = Lm+n =  34
Shape of Hankel (64, 1093)
The Hankel matrix spans the restricted behaviour:  rank(H) = Lm+n =  58
Shape of Hankel (40, 1093)
The Hankel matrix spans the restricted behaviour:  rank(H) = Lm+n =  34
Shape of Hankel (56, 1093)
The Hankel matrix spans the restricted behaviour:  rank(H) = Lm+n =  50
Shape of Hankel (56, 1093)
The Hankel matrix spans the restricted behaviour:  rank(H) = Lm+n =  50
Shape of Hankel (48, 1093)
The Hankel matrix spans the restricted behaviour:  rank(H) = Lm+n =  42
Shape of Hankel (64, 1093)
The Hankel matrix spans the restricted behaviour:  rank(H) = Lm+n =  58
Shape of Hankel (72, 1093)
The Hankel matrix spans the restricted behaviour:  rank(H) = Lm+n =  66
Shape of Hankel (48, 1093)
The Hankel matrix spans the restricted behaviour:  rank(H) = Lm+n =  42
Shape of Hankel (48, 1093)
The Hankel matrix spans the restricted behaviour:  rank(H) = Lm+n =  42
Shape of Hankel (48, 1093)
The Hankel matrix spans the restricted behaviour:  rank(H) = Lm+n =  42
Shape of Hankel (40, 1093)
The Hankel matrix spans the restricted behaviour:  rank(H) = Lm+n =  34
Shape of Hankel (64, 1093)
The Hankel matrix spans the restricted behaviour:  rank(H) = Lm+n =  58
Shape of Hankel (40, 1093)
The Hankel matrix spans the restricted behaviour:  rank(H) = Lm+n =  34
Shape of Hankel (64, 1093)
The Hankel matrix spans the restricted behaviour:  rank(H) = Lm+n =  58
Shape of Hankel (40, 1093)
The Hankel matrix spans the restricted behaviour:  rank(H) = Lm+n =  34
Shape of Hankel (32, 1093)
The Hankel matrix spans the restricted behaviour:  rank(H) = Lm+n =  26
Shape of Hankel (56, 1093)
The Hankel matrix spans the restricted behaviour:  rank(H) = Lm+n =  50
Shape of Hankel (40, 1093)
The Hankel matrix spans the restricted behaviour:  rank(H) = Lm+n =  34
Shape of Hankel (56, 1093)
The Hankel matrix spans the restricted behaviour:  rank(H) = Lm+n =  50
Shape of Hankel (32, 1093)
The Hankel matrix spans the restricted behaviour:  rank(H) = Lm+n =  26
Shape of Hankel (72, 1093)
The Hankel matrix spans the restricted behaviour:  rank(H) = Lm+n =  66
Shape of Hankel (40, 1093)
The Hankel matrix spans the restricted behaviour:  rank(H) = Lm+n =  34
Shape of Hankel (40, 1093)
The Hankel matrix spans the restricted behaviour:  rank(H) = Lm+n =  34
Shape of Hankel (56, 1093)
The Hankel matrix spans the restricted behaviour:  rank(H) = Lm+n =  50
Shape of Hankel (64, 1093)
The Hankel matrix spans the restricted behaviour:  rank(H) = Lm+n =  58
Shape of Hankel (32, 1093)
The Hankel matrix spans the restricted behaviour:  rank(H) = Lm+n =  26
Shape of Hankel (48, 1093)
The Hankel matrix spans the restricted behaviour:  rank(H) = Lm+n =  42
Shape of Hankel (56, 1093)
The Hankel matrix spans the restricted behaviour:  rank(H) = Lm+n =  50
Shape of Hankel (40, 1093)
The Hankel matrix spans the restricted behaviour:  rank(H) = Lm+n =  34
Shape of Hankel (40, 1093)
The Hankel matrix spans the restricted behaviour:  rank(H) = Lm+n =  34
Shape of Hankel (72, 1093)
The Hankel matrix spans the restricted behaviour:  rank(H) = Lm+n =  66
Shape of Hankel (72, 1093)
The Hankel matrix spans the restricted behaviour:  rank(H) = Lm+n =  66
Shape of Hankel (72, 1093)
The Hankel matrix spans the restricted behaviour:  rank(H) = Lm+n =  66
Shape of Hankel (56, 1093)
The Hankel matrix spans the restricted behaviour:  rank(H) = Lm+n =  50
Shape of Hankel (64, 1093)
The Hankel matrix spans the restricted behaviour:  rank(H) = Lm+n =  58
Shape of Hankel (48, 1093)
The Hankel matrix spans the restricted behaviour:  rank(H) = Lm+n =  42
Shape of Hankel (56, 1093)
The Hankel matrix spans the restricted behaviour:  rank(H) = Lm+n =  50
Shape of Hankel (32, 1093)
The Hankel matrix spans the restricted behaviour:  rank(H) = Lm+n =  26
Shape of Hankel (32, 1093)
The Hankel matrix spans the restricted behaviour:  rank(H) = Lm+n =  26
Shape of Hankel (40, 1093)
The Hankel matrix spans the restricted behaviour:  rank(H) = Lm+n =  34
Shape of Hankel (48, 1093)
The Hankel matrix spans the restricted behaviour:  rank(H) = Lm+n =  42
Shape of Hankel (40, 1093)
The Hankel matrix spans the restricted behaviour:  rank(H) = Lm+n =  34
Shape of Hankel (64, 1093)
The Hankel matrix spans the restricted behaviour:  rank(H) = Lm+n =  58
Shape of Hankel (40, 1093)
The Hankel matrix spans the restricted behaviour:  rank(H) = Lm+n =  34
Shape of Hankel (64, 1093)
The Hankel matrix spans the restricted behaviour:  rank(H) = Lm+n =  58
Shape of Hankel (48, 1093)
The Hankel matrix spans the restricted behaviour:  rank(H) = Lm+n =  42
Shape of Hankel (56, 1093)
The Hankel matrix spans the restricted behaviour:  rank(H) = Lm+n =  50
Shape of Hankel (40, 1093)
The Hankel matrix spans the restricted behaviour:  rank(H) = Lm+n =  34
Shape of Hankel (48, 1093)
The Hankel matrix spans the restricted behaviour:  rank(H) = Lm+n =  42
Shape of Hankel (48, 1093)
The Hankel matrix spans the restricted behaviour:  rank(H) = Lm+n =  42
Shape of Hankel (64, 1093)
The Hankel matrix spans the restricted behaviour:  rank(H) = Lm+n =  58
Shape of Hankel (64, 1093)
The Hankel matrix spans the restricted behaviour:  rank(H) = Lm+n =  58
Shape of Hankel (64, 1093)
The Hankel matrix spans the restricted behaviour:  rank(H) = Lm+n =  58
Shape of Hankel (48, 1093)
The Hankel matrix spans the restricted behaviour:  rank(H) = Lm+n =  42
Shape of Hankel (48, 1093)
The Hankel matrix spans the restricted behaviour:  rank(H) = Lm+n =  42
Shape of Hankel (64, 1093)
The Hankel matrix spans the restricted behaviour:  rank(H) = Lm+n =  58
Shape of Hankel (48, 1093)
The Hankel matrix spans the restricted behaviour:  rank(H) = Lm+n =  42
Shape of Hankel (48, 1093)
The Hankel matrix spans the restricted behaviour:  rank(H) = Lm+n =  42
Shape of Hankel (32, 1093)
The Hankel matrix spans the restricted behaviour:  rank(H) = Lm+n =  26
Shape of Hankel (56, 1093)
The Hankel matrix spans the restricted behaviour:  rank(H) = Lm+n =  50
Shape of Hankel (48, 1093)
The Hankel matrix spans the restricted behaviour:  rank(H) = Lm+n =  42
Running time of Alberto Algo with 50 iterations:  323.44319850400007
Running time of distributed Algo with 50 outer iter and 5 alternating projection:  321.1703682520001
Running time of Alberto Algo with 50 iterations:  323.6634296760003
Running time of distributed Algo with 50 outer iter and 5 alternating projection:  321.64381874300034
Running time of Alberto Algo with 50 iterations:  327.174762525
Running time of distributed Algo with 50 outer iter and 5 alternating projection:  321.57248694100053
mean projection time of each subspace:  0.09229718057998071
Max projection time of each subspace:  0.29651550200014753
Minimum projection time of each subspace:  0.002527620999899227
150
Projection time of total space:  6.657990314000017
Projection time of alternating projection:  6.428862424400049
750
Projection time of inter projection:  0.0015781673266659104
Projection onto Cartisian of subspaces time:  1.2841903051360035
vertex connectivity: 2
edge connectivity: 2
(600, 1)
(2148, 1)
Shape of Hankel (1600, 1093)
The Hankel matrix spans the restricted behaviour:  rank(H) = Lm+n =  1000
Shape of Hankel (5728, 1093)
The Hankel matrix does NOT span the restricted behavior: rank(H) = 1000 
 mL+n = 5128
Shape of Hankel (40, 1093)
The Hankel matrix spans the restricted behaviour:  rank(H) = Lm+n =  34
Shape of Hankel (64, 1093)
The Hankel matrix spans the restricted behaviour:  rank(H) = Lm+n =  58
Shape of Hankel (64, 1093)
The Hankel matrix spans the restricted behaviour:  rank(H) = Lm+n =  58
Shape of Hankel (48, 1093)
The Hankel matrix spans the restricted behaviour:  rank(H) = Lm+n =  42
Shape of Hankel (56, 1093)
The Hankel matrix spans the restricted behaviour:  rank(H) = Lm+n =  50
Shape of Hankel (32, 1093)
The Hankel matrix spans the restricted behaviour:  rank(H) = Lm+n =  26
Shape of Hankel (56, 1093)
The Hankel matrix spans the restricted behaviour:  rank(H) = Lm+n =  50
Shape of Hankel (88, 1093)
The Hankel matrix spans the restricted behaviour:  rank(H) = Lm+n =  82
Shape of Hankel (88, 1093)
The Hankel matrix spans the restricted behaviour:  rank(H) = Lm+n =  82
Shape of Hankel (32, 1093)
The Hankel matrix spans the restricted behaviour:  rank(H) = Lm+n =  26
Shape of Hankel (72, 1093)
The Hankel matrix spans the restricted behaviour:  rank(H) = Lm+n =  66
Shape of Hankel (64, 1093)
The Hankel matrix spans the restricted behaviour:  rank(H) = Lm+n =  58
Shape of Hankel (56, 1093)
The Hankel matrix spans the restricted behaviour:  rank(H) = Lm+n =  50
Shape of Hankel (56, 1093)
The Hankel matrix spans the restricted behaviour:  rank(H) = Lm+n =  50
Shape of Hankel (64, 1093)
The Hankel matrix spans the restricted behaviour:  rank(H) = Lm+n =  58
Shape of Hankel (64, 1093)
The Hankel matrix spans the restricted behaviour:  rank(H) = Lm+n =  58
Shape of Hankel (56, 1093)
The Hankel matrix spans the restricted behaviour:  rank(H) = Lm+n =  50
Shape of Hankel (64, 1093)
The Hankel matrix spans the restricted behaviour:  rank(H) = Lm+n =  58
Shape of Hankel (64, 1093)
The Hankel matrix spans the restricted behaviour:  rank(H) = Lm+n =  58
Shape of Hankel (48, 1093)
The Hankel matrix spans the restricted behaviour:  rank(H) = Lm+n =  42
Shape of Hankel (80, 1093)
The Hankel matrix spans the restricted behaviour:  rank(H) = Lm+n =  74
Shape of Hankel (88, 1093)
The Hankel matrix spans the restricted behaviour:  rank(H) = Lm+n =  82
Shape of Hankel (56, 1093)
The Hankel matrix spans the restricted behaviour:  rank(H) = Lm+n =  50
Shape of Hankel (48, 1093)
The Hankel matrix spans the restricted behaviour:  rank(H) = Lm+n =  42
Shape of Hankel (48, 1093)
The Hankel matrix spans the restricted behaviour:  rank(H) = Lm+n =  42
Shape of Hankel (48, 1093)
The Hankel matrix spans the restricted behaviour:  rank(H) = Lm+n =  42
Shape of Hankel (48, 1093)
The Hankel matrix spans the restricted behaviour:  rank(H) = Lm+n =  42
Shape of Hankel (40, 1093)
The Hankel matrix spans the restricted behaviour:  rank(H) = Lm+n =  34
Shape of Hankel (72, 1093)
The Hankel matrix spans the restricted behaviour:  rank(H) = Lm+n =  66
Shape of Hankel (80, 1093)
The Hankel matrix spans the restricted behaviour:  rank(H) = Lm+n =  74
Shape of Hankel (48, 1093)
The Hankel matrix spans the restricted behaviour:  rank(H) = Lm+n =  42
Shape of Hankel (72, 1093)
The Hankel matrix spans the restricted behaviour:  rank(H) = Lm+n =  66
Shape of Hankel (40, 1093)
The Hankel matrix spans the restricted behaviour:  rank(H) = Lm+n =  34
Shape of Hankel (40, 1093)
The Hankel matrix spans the restricted behaviour:  rank(H) = Lm+n =  34
Shape of Hankel (48, 1093)
The Hankel matrix spans the restricted behaviour:  rank(H) = Lm+n =  42
Shape of Hankel (48, 1093)
The Hankel matrix spans the restricted behaviour:  rank(H) = Lm+n =  42
Shape of Hankel (48, 1093)
The Hankel matrix spans the restricted behaviour:  rank(H) = Lm+n =  42
Shape of Hankel (40, 1093)
The Hankel matrix spans the restricted behaviour:  rank(H) = Lm+n =  34
Shape of Hankel (40, 1093)
The Hankel matrix spans the restricted behaviour:  rank(H) = Lm+n =  34
Shape of Hankel (64, 1093)
The Hankel matrix spans the restricted behaviour:  rank(H) = Lm+n =  58
Shape of Hankel (48, 1093)
The Hankel matrix spans the restricted behaviour:  rank(H) = Lm+n =  42
Shape of Hankel (72, 1093)
The Hankel matrix spans the restricted behaviour:  rank(H) = Lm+n =  66
Shape of Hankel (64, 1093)
The Hankel matrix spans the restricted behaviour:  rank(H) = Lm+n =  58
Shape of Hankel (48, 1093)
The Hankel matrix spans the restricted behaviour:  rank(H) = Lm+n =  42
Shape of Hankel (64, 1093)
The Hankel matrix spans the restricted behaviour:  rank(H) = Lm+n =  58
Shape of Hankel (72, 1093)
The Hankel matrix spans the restricted behaviour:  rank(H) = Lm+n =  66
Shape of Hankel (72, 1093)
The Hankel matrix spans the restricted behaviour:  rank(H) = Lm+n =  66
Shape of Hankel (56, 1093)
The Hankel matrix spans the restricted behaviour:  rank(H) = Lm+n =  50
Shape of Hankel (48, 1093)
The Hankel matrix spans the restricted behaviour:  rank(H) = Lm+n =  42
Shape of Hankel (48, 1093)
The Hankel matrix spans the restricted behaviour:  rank(H) = Lm+n =  42
Shape of Hankel (80, 1093)
The Hankel matrix spans the restricted behaviour:  rank(H) = Lm+n =  74
Shape of Hankel (40, 1093)
The Hankel matrix spans the restricted behaviour:  rank(H) = Lm+n =  34
Shape of Hankel (96, 1093)
The Hankel matrix spans the restricted behaviour:  rank(H) = Lm+n =  90
Shape of Hankel (48, 1093)
The Hankel matrix spans the restricted behaviour:  rank(H) = Lm+n =  42
Shape of Hankel (32, 1093)
The Hankel matrix spans the restricted behaviour:  rank(H) = Lm+n =  26
Shape of Hankel (56, 1093)
The Hankel matrix spans the restricted behaviour:  rank(H) = Lm+n =  50
Shape of Hankel (56, 1093)
The Hankel matrix spans the restricted behaviour:  rank(H) = Lm+n =  50
Shape of Hankel (64, 1093)
The Hankel matrix spans the restricted behaviour:  rank(H) = Lm+n =  58
Shape of Hankel (40, 1093)
The Hankel matrix spans the restricted behaviour:  rank(H) = Lm+n =  34
Shape of Hankel (80, 1093)
The Hankel matrix spans the restricted behaviour:  rank(H) = Lm+n =  74
Shape of Hankel (48, 1093)
The Hankel matrix spans the restricted behaviour:  rank(H) = Lm+n =  42
Shape of Hankel (48, 1093)
The Hankel matrix spans the restricted behaviour:  rank(H) = Lm+n =  42
Shape of Hankel (64, 1093)
The Hankel matrix spans the restricted behaviour:  rank(H) = Lm+n =  58
Shape of Hankel (80, 1093)
The Hankel matrix spans the restricted behaviour:  rank(H) = Lm+n =  74
Shape of Hankel (32, 1093)
The Hankel matrix spans the restricted behaviour:  rank(H) = Lm+n =  26
Shape of Hankel (56, 1093)
The Hankel matrix spans the restricted behaviour:  rank(H) = Lm+n =  50
Shape of Hankel (56, 1093)
The Hankel matrix spans the restricted behaviour:  rank(H) = Lm+n =  50
Shape of Hankel (48, 1093)
The Hankel matrix spans the restricted behaviour:  rank(H) = Lm+n =  42
Shape of Hankel (40, 1093)
The Hankel matrix spans the restricted behaviour:  rank(H) = Lm+n =  34
Shape of Hankel (72, 1093)
The Hankel matrix spans the restricted behaviour:  rank(H) = Lm+n =  66
Shape of Hankel (80, 1093)
The Hankel matrix spans the restricted behaviour:  rank(H) = Lm+n =  74
Shape of Hankel (72, 1093)
The Hankel matrix spans the restricted behaviour:  rank(H) = Lm+n =  66
Shape of Hankel (64, 1093)
The Hankel matrix spans the restricted behaviour:  rank(H) = Lm+n =  58
Shape of Hankel (64, 1093)
The Hankel matrix spans the restricted behaviour:  rank(H) = Lm+n =  58
Shape of Hankel (48, 1093)
The Hankel matrix spans the restricted behaviour:  rank(H) = Lm+n =  42
Shape of Hankel (56, 1093)
The Hankel matrix spans the restricted behaviour:  rank(H) = Lm+n =  50
Shape of Hankel (40, 1093)
The Hankel matrix spans the restricted behaviour:  rank(H) = Lm+n =  34
Shape of Hankel (40, 1093)
The Hankel matrix spans the restricted behaviour:  rank(H) = Lm+n =  34
Shape of Hankel (40, 1093)
The Hankel matrix spans the restricted behaviour:  rank(H) = Lm+n =  34
Shape of Hankel (56, 1093)
The Hankel matrix spans the restricted behaviour:  rank(H) = Lm+n =  50
Shape of Hankel (40, 1093)
The Hankel matrix spans the restricted behaviour:  rank(H) = Lm+n =  34
Shape of Hankel (72, 1093)
The Hankel matrix spans the restricted behaviour:  rank(H) = Lm+n =  66
Shape of Hankel (48, 1093)
The Hankel matrix spans the restricted behaviour:  rank(H) = Lm+n =  42
Shape of Hankel (80, 1093)
The Hankel matrix spans the restricted behaviour:  rank(H) = Lm+n =  74
Shape of Hankel (56, 1093)
The Hankel matrix spans the restricted behaviour:  rank(H) = Lm+n =  50
Shape of Hankel (72, 1093)
The Hankel matrix spans the restricted behaviour:  rank(H) = Lm+n =  66
Shape of Hankel (48, 1093)
The Hankel matrix spans the restricted behaviour:  rank(H) = Lm+n =  42
Shape of Hankel (56, 1093)
The Hankel matrix spans the restricted behaviour:  rank(H) = Lm+n =  50
Shape of Hankel (56, 1093)
The Hankel matrix spans the restricted behaviour:  rank(H) = Lm+n =  50
Shape of Hankel (64, 1093)
The Hankel matrix spans the restricted behaviour:  rank(H) = Lm+n =  58
Shape of Hankel (72, 1093)
The Hankel matrix spans the restricted behaviour:  rank(H) = Lm+n =  66
Shape of Hankel (72, 1093)
The Hankel matrix spans the restricted behaviour:  rank(H) = Lm+n =  66
Shape of Hankel (48, 1093)
The Hankel matrix spans the restricted behaviour:  rank(H) = Lm+n =  42
Shape of Hankel (48, 1093)
The Hankel matrix spans the restricted behaviour:  rank(H) = Lm+n =  42
Shape of Hankel (64, 1093)
The Hankel matrix spans the restricted behaviour:  rank(H) = Lm+n =  58
Shape of Hankel (56, 1093)
The Hankel matrix spans the restricted behaviour:  rank(H) = Lm+n =  50
Shape of Hankel (48, 1093)
The Hankel matrix spans the restricted behaviour:  rank(H) = Lm+n =  42
Shape of Hankel (48, 1093)
The Hankel matrix spans the restricted behaviour:  rank(H) = Lm+n =  42
Shape of Hankel (56, 1093)
The Hankel matrix spans the restricted behaviour:  rank(H) = Lm+n =  50
Shape of Hankel (64, 1093)
The Hankel matrix spans the restricted behaviour:  rank(H) = Lm+n =  58
Running time of Alberto Algo with 50 iterations:  330.4694067070004
Running time of distributed Algo with 50 outer iter and 5 alternating projection:  414.9678806110005
Running time of Alberto Algo with 50 iterations:  331.7434744539996
Running time of distributed Algo with 50 outer iter and 5 alternating projection:  416.6446164979998
Running time of Alberto Algo with 50 iterations:  331.0569805750001
Running time of distributed Algo with 50 outer iter and 5 alternating projection:  415.78451497400056
mean projection time of each subspace:  0.12240912258994285
Max projection time of each subspace:  0.4528726770004141
Minimum projection time of each subspace:  0.004052501000842312
150
Projection time of total space:  6.685719493999386
Projection time of alternating projection:  8.31555606537333
750
Projection time of inter projection:  0.0015973308773136524
Projection onto Cartisian of subspaces time:  1.6615099656106869
vertex connectivity: 3
edge connectivity: 3
(600, 1)
(2388, 1)
Shape of Hankel (1600, 1093)
The Hankel matrix spans the restricted behaviour:  rank(H) = Lm+n =  1000
Shape of Hankel (6368, 1093)
The Hankel matrix does NOT span the restricted behavior: rank(H) = 1000 
 mL+n = 5768
Shape of Hankel (48, 1093)
The Hankel matrix spans the restricted behaviour:  rank(H) = Lm+n =  42
Shape of Hankel (72, 1093)
The Hankel matrix spans the restricted behaviour:  rank(H) = Lm+n =  66
Shape of Hankel (64, 1093)
The Hankel matrix spans the restricted behaviour:  rank(H) = Lm+n =  58
Shape of Hankel (56, 1093)
The Hankel matrix spans the restricted behaviour:  rank(H) = Lm+n =  50
Shape of Hankel (64, 1093)
The Hankel matrix spans the restricted behaviour:  rank(H) = Lm+n =  58
Shape of Hankel (40, 1093)
The Hankel matrix spans the restricted behaviour:  rank(H) = Lm+n =  34
Shape of Hankel (72, 1093)
The Hankel matrix spans the restricted behaviour:  rank(H) = Lm+n =  66
Shape of Hankel (88, 1093)
The Hankel matrix spans the restricted behaviour:  rank(H) = Lm+n =  82
Shape of Hankel (88, 1093)
The Hankel matrix spans the restricted behaviour:  rank(H) = Lm+n =  82
Shape of Hankel (40, 1093)
The Hankel matrix spans the restricted behaviour:  rank(H) = Lm+n =  34
Shape of Hankel (72, 1093)
The Hankel matrix spans the restricted behaviour:  rank(H) = Lm+n =  66
Shape of Hankel (72, 1093)
The Hankel matrix spans the restricted behaviour:  rank(H) = Lm+n =  66
Shape of Hankel (80, 1093)
The Hankel matrix spans the restricted behaviour:  rank(H) = Lm+n =  74
Shape of Hankel (56, 1093)
The Hankel matrix spans the restricted behaviour:  rank(H) = Lm+n =  50
Shape of Hankel (64, 1093)
The Hankel matrix spans the restricted behaviour:  rank(H) = Lm+n =  58
Shape of Hankel (72, 1093)
The Hankel matrix spans the restricted behaviour:  rank(H) = Lm+n =  66
Shape of Hankel (56, 1093)
The Hankel matrix spans the restricted behaviour:  rank(H) = Lm+n =  50
Shape of Hankel (72, 1093)
The Hankel matrix spans the restricted behaviour:  rank(H) = Lm+n =  66
Shape of Hankel (80, 1093)
The Hankel matrix spans the restricted behaviour:  rank(H) = Lm+n =  74
Shape of Hankel (56, 1093)
The Hankel matrix spans the restricted behaviour:  rank(H) = Lm+n =  50
Shape of Hankel (88, 1093)
The Hankel matrix spans the restricted behaviour:  rank(H) = Lm+n =  82
Shape of Hankel (88, 1093)
The Hankel matrix spans the restricted behaviour:  rank(H) = Lm+n =  82
Shape of Hankel (56, 1093)
The Hankel matrix spans the restricted behaviour:  rank(H) = Lm+n =  50
Shape of Hankel (56, 1093)
The Hankel matrix spans the restricted behaviour:  rank(H) = Lm+n =  50
Shape of Hankel (56, 1093)
The Hankel matrix spans the restricted behaviour:  rank(H) = Lm+n =  50
Shape of Hankel (48, 1093)
The Hankel matrix spans the restricted behaviour:  rank(H) = Lm+n =  42
Shape of Hankel (56, 1093)
The Hankel matrix spans the restricted behaviour:  rank(H) = Lm+n =  50
Shape of Hankel (40, 1093)
The Hankel matrix spans the restricted behaviour:  rank(H) = Lm+n =  34
Shape of Hankel (88, 1093)
The Hankel matrix spans the restricted behaviour:  rank(H) = Lm+n =  82
Shape of Hankel (88, 1093)
The Hankel matrix spans the restricted behaviour:  rank(H) = Lm+n =  82
Shape of Hankel (48, 1093)
The Hankel matrix spans the restricted behaviour:  rank(H) = Lm+n =  42
Shape of Hankel (72, 1093)
The Hankel matrix spans the restricted behaviour:  rank(H) = Lm+n =  66
Shape of Hankel (56, 1093)
The Hankel matrix spans the restricted behaviour:  rank(H) = Lm+n =  50
Shape of Hankel (56, 1093)
The Hankel matrix spans the restricted behaviour:  rank(H) = Lm+n =  50
Shape of Hankel (48, 1093)
The Hankel matrix spans the restricted behaviour:  rank(H) = Lm+n =  42
Shape of Hankel (48, 1093)
The Hankel matrix spans the restricted behaviour:  rank(H) = Lm+n =  42
Shape of Hankel (48, 1093)
The Hankel matrix spans the restricted behaviour:  rank(H) = Lm+n =  42
Shape of Hankel (72, 1093)
The Hankel matrix spans the restricted behaviour:  rank(H) = Lm+n =  66
Shape of Hankel (40, 1093)
The Hankel matrix spans the restricted behaviour:  rank(H) = Lm+n =  34
Shape of Hankel (72, 1093)
The Hankel matrix spans the restricted behaviour:  rank(H) = Lm+n =  66
Shape of Hankel (48, 1093)
The Hankel matrix spans the restricted behaviour:  rank(H) = Lm+n =  42
Shape of Hankel (72, 1093)
The Hankel matrix spans the restricted behaviour:  rank(H) = Lm+n =  66
Shape of Hankel (64, 1093)
The Hankel matrix spans the restricted behaviour:  rank(H) = Lm+n =  58
Shape of Hankel (48, 1093)
The Hankel matrix spans the restricted behaviour:  rank(H) = Lm+n =  42
Shape of Hankel (72, 1093)
The Hankel matrix spans the restricted behaviour:  rank(H) = Lm+n =  66
Shape of Hankel (80, 1093)
The Hankel matrix spans the restricted behaviour:  rank(H) = Lm+n =  74
Shape of Hankel (80, 1093)
The Hankel matrix spans the restricted behaviour:  rank(H) = Lm+n =  74
Shape of Hankel (80, 1093)
The Hankel matrix spans the restricted behaviour:  rank(H) = Lm+n =  74
Shape of Hankel (56, 1093)
The Hankel matrix spans the restricted behaviour:  rank(H) = Lm+n =  50
Shape of Hankel (56, 1093)
The Hankel matrix spans the restricted behaviour:  rank(H) = Lm+n =  50
Shape of Hankel (96, 1093)
The Hankel matrix spans the restricted behaviour:  rank(H) = Lm+n =  90
Shape of Hankel (48, 1093)
The Hankel matrix spans the restricted behaviour:  rank(H) = Lm+n =  42
Shape of Hankel (96, 1093)
The Hankel matrix spans the restricted behaviour:  rank(H) = Lm+n =  90
Shape of Hankel (56, 1093)
The Hankel matrix spans the restricted behaviour:  rank(H) = Lm+n =  50
Shape of Hankel (56, 1093)
The Hankel matrix spans the restricted behaviour:  rank(H) = Lm+n =  50
Shape of Hankel (56, 1093)
The Hankel matrix spans the restricted behaviour:  rank(H) = Lm+n =  50
Shape of Hankel (64, 1093)
The Hankel matrix spans the restricted behaviour:  rank(H) = Lm+n =  58
Shape of Hankel (72, 1093)
The Hankel matrix spans the restricted behaviour:  rank(H) = Lm+n =  66
Shape of Hankel (40, 1093)
The Hankel matrix spans the restricted behaviour:  rank(H) = Lm+n =  34
Shape of Hankel (80, 1093)
The Hankel matrix spans the restricted behaviour:  rank(H) = Lm+n =  74
Shape of Hankel (56, 1093)
The Hankel matrix spans the restricted behaviour:  rank(H) = Lm+n =  50
Shape of Hankel (64, 1093)
The Hankel matrix spans the restricted behaviour:  rank(H) = Lm+n =  58
Shape of Hankel (72, 1093)
The Hankel matrix spans the restricted behaviour:  rank(H) = Lm+n =  66
Shape of Hankel (80, 1093)
The Hankel matrix spans the restricted behaviour:  rank(H) = Lm+n =  74
Shape of Hankel (40, 1093)
The Hankel matrix spans the restricted behaviour:  rank(H) = Lm+n =  34
Shape of Hankel (64, 1093)
The Hankel matrix spans the restricted behaviour:  rank(H) = Lm+n =  58
Shape of Hankel (56, 1093)
The Hankel matrix spans the restricted behaviour:  rank(H) = Lm+n =  50
Shape of Hankel (64, 1093)
The Hankel matrix spans the restricted behaviour:  rank(H) = Lm+n =  58
Shape of Hankel (48, 1093)
The Hankel matrix spans the restricted behaviour:  rank(H) = Lm+n =  42
Shape of Hankel (72, 1093)
The Hankel matrix spans the restricted behaviour:  rank(H) = Lm+n =  66
Shape of Hankel (80, 1093)
The Hankel matrix spans the restricted behaviour:  rank(H) = Lm+n =  74
Shape of Hankel (72, 1093)
The Hankel matrix spans the restricted behaviour:  rank(H) = Lm+n =  66
Shape of Hankel (64, 1093)
The Hankel matrix spans the restricted behaviour:  rank(H) = Lm+n =  58
Shape of Hankel (72, 1093)
The Hankel matrix spans the restricted behaviour:  rank(H) = Lm+n =  66
Shape of Hankel (48, 1093)
The Hankel matrix spans the restricted behaviour:  rank(H) = Lm+n =  42
Shape of Hankel (64, 1093)
The Hankel matrix spans the restricted behaviour:  rank(H) = Lm+n =  58
Shape of Hankel (40, 1093)
The Hankel matrix spans the restricted behaviour:  rank(H) = Lm+n =  34
Shape of Hankel (56, 1093)
The Hankel matrix spans the restricted behaviour:  rank(H) = Lm+n =  50
Shape of Hankel (48, 1093)
The Hankel matrix spans the restricted behaviour:  rank(H) = Lm+n =  42
Shape of Hankel (56, 1093)
The Hankel matrix spans the restricted behaviour:  rank(H) = Lm+n =  50
Shape of Hankel (40, 1093)
The Hankel matrix spans the restricted behaviour:  rank(H) = Lm+n =  34
Shape of Hankel (80, 1093)
The Hankel matrix spans the restricted behaviour:  rank(H) = Lm+n =  74
Shape of Hankel (48, 1093)
The Hankel matrix spans the restricted behaviour:  rank(H) = Lm+n =  42
Shape of Hankel (96, 1093)
The Hankel matrix spans the restricted behaviour:  rank(H) = Lm+n =  90
Shape of Hankel (56, 1093)
The Hankel matrix spans the restricted behaviour:  rank(H) = Lm+n =  50
Shape of Hankel (72, 1093)
The Hankel matrix spans the restricted behaviour:  rank(H) = Lm+n =  66
Shape of Hankel (48, 1093)
The Hankel matrix spans the restricted behaviour:  rank(H) = Lm+n =  42
Shape of Hankel (72, 1093)
The Hankel matrix spans the restricted behaviour:  rank(H) = Lm+n =  66
Shape of Hankel (56, 1093)
The Hankel matrix spans the restricted behaviour:  rank(H) = Lm+n =  50
Shape of Hankel (72, 1093)
The Hankel matrix spans the restricted behaviour:  rank(H) = Lm+n =  66
Shape of Hankel (72, 1093)
The Hankel matrix spans the restricted behaviour:  rank(H) = Lm+n =  66
Shape of Hankel (88, 1093)
The Hankel matrix spans the restricted behaviour:  rank(H) = Lm+n =  82
Shape of Hankel (48, 1093)
The Hankel matrix spans the restricted behaviour:  rank(H) = Lm+n =  42
Shape of Hankel (48, 1093)
The Hankel matrix spans the restricted behaviour:  rank(H) = Lm+n =  42
Shape of Hankel (72, 1093)
The Hankel matrix spans the restricted behaviour:  rank(H) = Lm+n =  66
Shape of Hankel (72, 1093)
The Hankel matrix spans the restricted behaviour:  rank(H) = Lm+n =  66
Shape of Hankel (56, 1093)
The Hankel matrix spans the restricted behaviour:  rank(H) = Lm+n =  50
Shape of Hankel (48, 1093)
The Hankel matrix spans the restricted behaviour:  rank(H) = Lm+n =  42
Shape of Hankel (72, 1093)
The Hankel matrix spans the restricted behaviour:  rank(H) = Lm+n =  66
Shape of Hankel (80, 1093)
The Hankel matrix spans the restricted behaviour:  rank(H) = Lm+n =  74
Running time of Alberto Algo with 50 iterations:  323.21647698200104
Running time of distributed Algo with 50 outer iter and 5 alternating projection:  510.5451355229998
Running time of Alberto Algo with 50 iterations:  322.3303386440002
Running time of distributed Algo with 50 outer iter and 5 alternating projection:  511.94551595400117
Running time of Alberto Algo with 50 iterations:  327.46668256700104
Running time of distributed Algo with 50 outer iter and 5 alternating projection:  510.93742226999893
mean projection time of each subspace:  0.14972217068007013
Max projection time of each subspace:  0.45070844900146767
Minimum projection time of each subspace:  0.004061581999849295
150
Projection time of total space:  6.640593746000377
Projection time of alternating projection:  10.222361765960025
750
Projection time of inter projection:  0.0016478331706651565
Projection onto Cartisian of subspaces time:  2.042820524688005
vertex connectivity: 3
edge connectivity: 3
(600, 1)
(2628, 1)
Shape of Hankel (1600, 1093)
The Hankel matrix spans the restricted behaviour:  rank(H) = Lm+n =  1000
Shape of Hankel (7008, 1093)
The Hankel matrix does NOT span the restricted behavior: rank(H) = 1000 
 mL+n = 6408
Shape of Hankel (48, 1093)
The Hankel matrix spans the restricted behaviour:  rank(H) = Lm+n =  42
Shape of Hankel (80, 1093)
The Hankel matrix spans the restricted behaviour:  rank(H) = Lm+n =  74
Shape of Hankel (64, 1093)
The Hankel matrix spans the restricted behaviour:  rank(H) = Lm+n =  58
Shape of Hankel (64, 1093)
The Hankel matrix spans the restricted behaviour:  rank(H) = Lm+n =  58
Shape of Hankel (80, 1093)
The Hankel matrix spans the restricted behaviour:  rank(H) = Lm+n =  74
Shape of Hankel (48, 1093)
The Hankel matrix spans the restricted behaviour:  rank(H) = Lm+n =  42
Shape of Hankel (72, 1093)
The Hankel matrix spans the restricted behaviour:  rank(H) = Lm+n =  66
Shape of Hankel (96, 1093)
The Hankel matrix spans the restricted behaviour:  rank(H) = Lm+n =  90
Shape of Hankel (88, 1093)
The Hankel matrix spans the restricted behaviour:  rank(H) = Lm+n =  82
Shape of Hankel (64, 1093)
The Hankel matrix spans the restricted behaviour:  rank(H) = Lm+n =  58
Shape of Hankel (72, 1093)
The Hankel matrix spans the restricted behaviour:  rank(H) = Lm+n =  66
Shape of Hankel (72, 1093)
The Hankel matrix spans the restricted behaviour:  rank(H) = Lm+n =  66
Shape of Hankel (88, 1093)
The Hankel matrix spans the restricted behaviour:  rank(H) = Lm+n =  82
Shape of Hankel (64, 1093)
The Hankel matrix spans the restricted behaviour:  rank(H) = Lm+n =  58
Shape of Hankel (64, 1093)
The Hankel matrix spans the restricted behaviour:  rank(H) = Lm+n =  58
Shape of Hankel (72, 1093)
The Hankel matrix spans the restricted behaviour:  rank(H) = Lm+n =  66
Shape of Hankel (64, 1093)
The Hankel matrix spans the restricted behaviour:  rank(H) = Lm+n =  58
Shape of Hankel (88, 1093)
The Hankel matrix spans the restricted behaviour:  rank(H) = Lm+n =  82
Shape of Hankel (88, 1093)
The Hankel matrix spans the restricted behaviour:  rank(H) = Lm+n =  82
Shape of Hankel (80, 1093)
The Hankel matrix spans the restricted behaviour:  rank(H) = Lm+n =  74
Shape of Hankel (96, 1093)
The Hankel matrix spans the restricted behaviour:  rank(H) = Lm+n =  90
Shape of Hankel (120, 1093)
The Hankel matrix spans the restricted behaviour:  rank(H) = Lm+n =  114
Shape of Hankel (56, 1093)
The Hankel matrix spans the restricted behaviour:  rank(H) = Lm+n =  50
Shape of Hankel (56, 1093)
The Hankel matrix spans the restricted behaviour:  rank(H) = Lm+n =  50
Shape of Hankel (80, 1093)
The Hankel matrix spans the restricted behaviour:  rank(H) = Lm+n =  74
Shape of Hankel (48, 1093)
The Hankel matrix spans the restricted behaviour:  rank(H) = Lm+n =  42
Shape of Hankel (56, 1093)
The Hankel matrix spans the restricted behaviour:  rank(H) = Lm+n =  50
Shape of Hankel (48, 1093)
The Hankel matrix spans the restricted behaviour:  rank(H) = Lm+n =  42
Shape of Hankel (96, 1093)
The Hankel matrix spans the restricted behaviour:  rank(H) = Lm+n =  90
Shape of Hankel (96, 1093)
The Hankel matrix spans the restricted behaviour:  rank(H) = Lm+n =  90
Shape of Hankel (56, 1093)
The Hankel matrix spans the restricted behaviour:  rank(H) = Lm+n =  50
Shape of Hankel (80, 1093)
The Hankel matrix spans the restricted behaviour:  rank(H) = Lm+n =  74
Shape of Hankel (64, 1093)
The Hankel matrix spans the restricted behaviour:  rank(H) = Lm+n =  58
Shape of Hankel (64, 1093)
The Hankel matrix spans the restricted behaviour:  rank(H) = Lm+n =  58
Shape of Hankel (48, 1093)
The Hankel matrix spans the restricted behaviour:  rank(H) = Lm+n =  42
Shape of Hankel (56, 1093)
The Hankel matrix spans the restricted behaviour:  rank(H) = Lm+n =  50
Shape of Hankel (48, 1093)
The Hankel matrix spans the restricted behaviour:  rank(H) = Lm+n =  42
Shape of Hankel (72, 1093)
The Hankel matrix spans the restricted behaviour:  rank(H) = Lm+n =  66
Shape of Hankel (64, 1093)
The Hankel matrix spans the restricted behaviour:  rank(H) = Lm+n =  58
Shape of Hankel (72, 1093)
The Hankel matrix spans the restricted behaviour:  rank(H) = Lm+n =  66
Shape of Hankel (56, 1093)
The Hankel matrix spans the restricted behaviour:  rank(H) = Lm+n =  50
Shape of Hankel (80, 1093)
The Hankel matrix spans the restricted behaviour:  rank(H) = Lm+n =  74
Shape of Hankel (64, 1093)
The Hankel matrix spans the restricted behaviour:  rank(H) = Lm+n =  58
Shape of Hankel (56, 1093)
The Hankel matrix spans the restricted behaviour:  rank(H) = Lm+n =  50
Shape of Hankel (80, 1093)
The Hankel matrix spans the restricted behaviour:  rank(H) = Lm+n =  74
Shape of Hankel (88, 1093)
The Hankel matrix spans the restricted behaviour:  rank(H) = Lm+n =  82
Shape of Hankel (88, 1093)
The Hankel matrix spans the restricted behaviour:  rank(H) = Lm+n =  82
Shape of Hankel (88, 1093)
The Hankel matrix spans the restricted behaviour:  rank(H) = Lm+n =  82
Shape of Hankel (56, 1093)
The Hankel matrix spans the restricted behaviour:  rank(H) = Lm+n =  50
Shape of Hankel (72, 1093)
The Hankel matrix spans the restricted behaviour:  rank(H) = Lm+n =  66
Shape of Hankel (104, 1093)
The Hankel matrix spans the restricted behaviour:  rank(H) = Lm+n =  98
Shape of Hankel (48, 1093)
The Hankel matrix spans the restricted behaviour:  rank(H) = Lm+n =  42
Shape of Hankel (96, 1093)
The Hankel matrix spans the restricted behaviour:  rank(H) = Lm+n =  90
Shape of Hankel (64, 1093)
The Hankel matrix spans the restricted behaviour:  rank(H) = Lm+n =  58
Shape of Hankel (72, 1093)
The Hankel matrix spans the restricted behaviour:  rank(H) = Lm+n =  66
Shape of Hankel (56, 1093)
The Hankel matrix spans the restricted behaviour:  rank(H) = Lm+n =  50
Shape of Hankel (64, 1093)
The Hankel matrix spans the restricted behaviour:  rank(H) = Lm+n =  58
Shape of Hankel (72, 1093)
The Hankel matrix spans the restricted behaviour:  rank(H) = Lm+n =  66
Shape of Hankel (48, 1093)
The Hankel matrix spans the restricted behaviour:  rank(H) = Lm+n =  42
Shape of Hankel (80, 1093)
The Hankel matrix spans the restricted behaviour:  rank(H) = Lm+n =  74
Shape of Hankel (72, 1093)
The Hankel matrix spans the restricted behaviour:  rank(H) = Lm+n =  66
Shape of Hankel (80, 1093)
The Hankel matrix spans the restricted behaviour:  rank(H) = Lm+n =  74
Shape of Hankel (72, 1093)
The Hankel matrix spans the restricted behaviour:  rank(H) = Lm+n =  66
Shape of Hankel (96, 1093)
The Hankel matrix spans the restricted behaviour:  rank(H) = Lm+n =  90
Shape of Hankel (40, 1093)
The Hankel matrix spans the restricted behaviour:  rank(H) = Lm+n =  34
Shape of Hankel (64, 1093)
The Hankel matrix spans the restricted behaviour:  rank(H) = Lm+n =  58
Shape of Hankel (56, 1093)
The Hankel matrix spans the restricted behaviour:  rank(H) = Lm+n =  50
Shape of Hankel (64, 1093)
The Hankel matrix spans the restricted behaviour:  rank(H) = Lm+n =  58
Shape of Hankel (64, 1093)
The Hankel matrix spans the restricted behaviour:  rank(H) = Lm+n =  58
Shape of Hankel (80, 1093)
The Hankel matrix spans the restricted behaviour:  rank(H) = Lm+n =  74
Shape of Hankel (96, 1093)
The Hankel matrix spans the restricted behaviour:  rank(H) = Lm+n =  90
Shape of Hankel (72, 1093)
The Hankel matrix spans the restricted behaviour:  rank(H) = Lm+n =  66
Shape of Hankel (72, 1093)
The Hankel matrix spans the restricted behaviour:  rank(H) = Lm+n =  66
Shape of Hankel (80, 1093)
The Hankel matrix spans the restricted behaviour:  rank(H) = Lm+n =  74
Shape of Hankel (56, 1093)
The Hankel matrix spans the restricted behaviour:  rank(H) = Lm+n =  50
Shape of Hankel (64, 1093)
The Hankel matrix spans the restricted behaviour:  rank(H) = Lm+n =  58
Shape of Hankel (40, 1093)
The Hankel matrix spans the restricted behaviour:  rank(H) = Lm+n =  34
Shape of Hankel (64, 1093)
The Hankel matrix spans the restricted behaviour:  rank(H) = Lm+n =  58
Shape of Hankel (48, 1093)
The Hankel matrix spans the restricted behaviour:  rank(H) = Lm+n =  42
Shape of Hankel (64, 1093)
The Hankel matrix spans the restricted behaviour:  rank(H) = Lm+n =  58
Shape of Hankel (48, 1093)
The Hankel matrix spans the restricted behaviour:  rank(H) = Lm+n =  42
Shape of Hankel (80, 1093)
The Hankel matrix spans the restricted behaviour:  rank(H) = Lm+n =  74
Shape of Hankel (48, 1093)
The Hankel matrix spans the restricted behaviour:  rank(H) = Lm+n =  42
Shape of Hankel (104, 1093)
The Hankel matrix spans the restricted behaviour:  rank(H) = Lm+n =  98
Shape of Hankel (56, 1093)
The Hankel matrix spans the restricted behaviour:  rank(H) = Lm+n =  50
Shape of Hankel (72, 1093)
The Hankel matrix spans the restricted behaviour:  rank(H) = Lm+n =  66
Shape of Hankel (56, 1093)
The Hankel matrix spans the restricted behaviour:  rank(H) = Lm+n =  50
Shape of Hankel (80, 1093)
The Hankel matrix spans the restricted behaviour:  rank(H) = Lm+n =  74
Shape of Hankel (64, 1093)
The Hankel matrix spans the restricted behaviour:  rank(H) = Lm+n =  58
Shape of Hankel (72, 1093)
The Hankel matrix spans the restricted behaviour:  rank(H) = Lm+n =  66
Shape of Hankel (88, 1093)
The Hankel matrix spans the restricted behaviour:  rank(H) = Lm+n =  82
Shape of Hankel (96, 1093)
The Hankel matrix spans the restricted behaviour:  rank(H) = Lm+n =  90
Shape of Hankel (48, 1093)
The Hankel matrix spans the restricted behaviour:  rank(H) = Lm+n =  42
Shape of Hankel (48, 1093)
The Hankel matrix spans the restricted behaviour:  rank(H) = Lm+n =  42
Shape of Hankel (88, 1093)
The Hankel matrix spans the restricted behaviour:  rank(H) = Lm+n =  82
Shape of Hankel (72, 1093)
The Hankel matrix spans the restricted behaviour:  rank(H) = Lm+n =  66
Shape of Hankel (56, 1093)
The Hankel matrix spans the restricted behaviour:  rank(H) = Lm+n =  50
Shape of Hankel (48, 1093)
The Hankel matrix spans the restricted behaviour:  rank(H) = Lm+n =  42
Shape of Hankel (80, 1093)
The Hankel matrix spans the restricted behaviour:  rank(H) = Lm+n =  74
Shape of Hankel (96, 1093)
The Hankel matrix spans the restricted behaviour:  rank(H) = Lm+n =  90
Running time of Alberto Algo with 50 iterations:  321.6089997660001
Running time of distributed Algo with 50 outer iter and 5 alternating projection:  622.0659551379995
Running time of Alberto Algo with 50 iterations:  329.60880431499936
Running time of distributed Algo with 50 outer iter and 5 alternating projection:  622.7097276540007
Running time of Alberto Algo with 50 iterations:  326.1570052980005
Running time of distributed Algo with 50 outer iter and 5 alternating projection:  622.2336707150007
mean projection time of each subspace:  0.18701366544992198
Max projection time of each subspace:  0.7344580569988466
Minimum projection time of each subspace:  0.013140885001121205
150
Projection time of total space:  6.656827442000576
Projection time of alternating projection:  12.44615703975333
750
Projection time of inter projection:  0.0016329615679957594
Projection onto Cartisian of subspaces time:  2.4875943893000536
vertex connectivity: 3
edge connectivity: 3
(600, 1)
(2868, 1)
Shape of Hankel (1600, 1093)
The Hankel matrix spans the restricted behaviour:  rank(H) = Lm+n =  1000
Shape of Hankel (7648, 1093)
The Hankel matrix does NOT span the restricted behavior: rank(H) = 1000 
 mL+n = 7048
Shape of Hankel (64, 1093)
The Hankel matrix spans the restricted behaviour:  rank(H) = Lm+n =  58
Shape of Hankel (88, 1093)
The Hankel matrix spans the restricted behaviour:  rank(H) = Lm+n =  82
Shape of Hankel (64, 1093)
The Hankel matrix spans the restricted behaviour:  rank(H) = Lm+n =  58
Shape of Hankel (72, 1093)
The Hankel matrix spans the restricted behaviour:  rank(H) = Lm+n =  66
Shape of Hankel (88, 1093)
The Hankel matrix spans the restricted behaviour:  rank(H) = Lm+n =  82
Shape of Hankel (56, 1093)
The Hankel matrix spans the restricted behaviour:  rank(H) = Lm+n =  50
Shape of Hankel (80, 1093)
The Hankel matrix spans the restricted behaviour:  rank(H) = Lm+n =  74
Shape of Hankel (112, 1093)
The Hankel matrix spans the restricted behaviour:  rank(H) = Lm+n =  106
Shape of Hankel (88, 1093)
The Hankel matrix spans the restricted behaviour:  rank(H) = Lm+n =  82
Shape of Hankel (80, 1093)
The Hankel matrix spans the restricted behaviour:  rank(H) = Lm+n =  74
Shape of Hankel (88, 1093)
The Hankel matrix spans the restricted behaviour:  rank(H) = Lm+n =  82
Shape of Hankel (72, 1093)
The Hankel matrix spans the restricted behaviour:  rank(H) = Lm+n =  66
Shape of Hankel (88, 1093)
The Hankel matrix spans the restricted behaviour:  rank(H) = Lm+n =  82
Shape of Hankel (64, 1093)
The Hankel matrix spans the restricted behaviour:  rank(H) = Lm+n =  58
Shape of Hankel (80, 1093)
The Hankel matrix spans the restricted behaviour:  rank(H) = Lm+n =  74
Shape of Hankel (80, 1093)
The Hankel matrix spans the restricted behaviour:  rank(H) = Lm+n =  74
Shape of Hankel (72, 1093)
The Hankel matrix spans the restricted behaviour:  rank(H) = Lm+n =  66
Shape of Hankel (104, 1093)
The Hankel matrix spans the restricted behaviour:  rank(H) = Lm+n =  98
Shape of Hankel (96, 1093)
The Hankel matrix spans the restricted behaviour:  rank(H) = Lm+n =  90
Shape of Hankel (80, 1093)
The Hankel matrix spans the restricted behaviour:  rank(H) = Lm+n =  74
Shape of Hankel (96, 1093)
The Hankel matrix spans the restricted behaviour:  rank(H) = Lm+n =  90
Shape of Hankel (136, 1093)
The Hankel matrix spans the restricted behaviour:  rank(H) = Lm+n =  130
Shape of Hankel (64, 1093)
The Hankel matrix spans the restricted behaviour:  rank(H) = Lm+n =  58
Shape of Hankel (56, 1093)
The Hankel matrix spans the restricted behaviour:  rank(H) = Lm+n =  50
Shape of Hankel (88, 1093)
The Hankel matrix spans the restricted behaviour:  rank(H) = Lm+n =  82
Shape of Hankel (56, 1093)
The Hankel matrix spans the restricted behaviour:  rank(H) = Lm+n =  50
Shape of Hankel (64, 1093)
The Hankel matrix spans the restricted behaviour:  rank(H) = Lm+n =  58
Shape of Hankel (48, 1093)
The Hankel matrix spans the restricted behaviour:  rank(H) = Lm+n =  42
Shape of Hankel (104, 1093)
The Hankel matrix spans the restricted behaviour:  rank(H) = Lm+n =  98
Shape of Hankel (96, 1093)
The Hankel matrix spans the restricted behaviour:  rank(H) = Lm+n =  90
Shape of Hankel (56, 1093)
The Hankel matrix spans the restricted behaviour:  rank(H) = Lm+n =  50
Shape of Hankel (88, 1093)
The Hankel matrix spans the restricted behaviour:  rank(H) = Lm+n =  82
Shape of Hankel (64, 1093)
The Hankel matrix spans the restricted behaviour:  rank(H) = Lm+n =  58
Shape of Hankel (64, 1093)
The Hankel matrix spans the restricted behaviour:  rank(H) = Lm+n =  58
Shape of Hankel (64, 1093)
The Hankel matrix spans the restricted behaviour:  rank(H) = Lm+n =  58
Shape of Hankel (56, 1093)
The Hankel matrix spans the restricted behaviour:  rank(H) = Lm+n =  50
Shape of Hankel (56, 1093)
The Hankel matrix spans the restricted behaviour:  rank(H) = Lm+n =  50
Shape of Hankel (72, 1093)
The Hankel matrix spans the restricted behaviour:  rank(H) = Lm+n =  66
Shape of Hankel (72, 1093)
The Hankel matrix spans the restricted behaviour:  rank(H) = Lm+n =  66
Shape of Hankel (80, 1093)
The Hankel matrix spans the restricted behaviour:  rank(H) = Lm+n =  74
Shape of Hankel (64, 1093)
The Hankel matrix spans the restricted behaviour:  rank(H) = Lm+n =  58
Shape of Hankel (80, 1093)
The Hankel matrix spans the restricted behaviour:  rank(H) = Lm+n =  74
Shape of Hankel (64, 1093)
The Hankel matrix spans the restricted behaviour:  rank(H) = Lm+n =  58
Shape of Hankel (64, 1093)
The Hankel matrix spans the restricted behaviour:  rank(H) = Lm+n =  58
Shape of Hankel (88, 1093)
The Hankel matrix spans the restricted behaviour:  rank(H) = Lm+n =  82
Shape of Hankel (88, 1093)
The Hankel matrix spans the restricted behaviour:  rank(H) = Lm+n =  82
Shape of Hankel (88, 1093)
The Hankel matrix spans the restricted behaviour:  rank(H) = Lm+n =  82
Shape of Hankel (88, 1093)
The Hankel matrix spans the restricted behaviour:  rank(H) = Lm+n =  82
Shape of Hankel (56, 1093)
The Hankel matrix spans the restricted behaviour:  rank(H) = Lm+n =  50
Shape of Hankel (80, 1093)
The Hankel matrix spans the restricted behaviour:  rank(H) = Lm+n =  74
Shape of Hankel (112, 1093)
The Hankel matrix spans the restricted behaviour:  rank(H) = Lm+n =  106
Shape of Hankel (48, 1093)
The Hankel matrix spans the restricted behaviour:  rank(H) = Lm+n =  42
Shape of Hankel (104, 1093)
The Hankel matrix spans the restricted behaviour:  rank(H) = Lm+n =  98
Shape of Hankel (64, 1093)
The Hankel matrix spans the restricted behaviour:  rank(H) = Lm+n =  58
Shape of Hankel (88, 1093)
The Hankel matrix spans the restricted behaviour:  rank(H) = Lm+n =  82
Shape of Hankel (56, 1093)
The Hankel matrix spans the restricted behaviour:  rank(H) = Lm+n =  50
Shape of Hankel (64, 1093)
The Hankel matrix spans the restricted behaviour:  rank(H) = Lm+n =  58
Shape of Hankel (88, 1093)
The Hankel matrix spans the restricted behaviour:  rank(H) = Lm+n =  82
Shape of Hankel (64, 1093)
The Hankel matrix spans the restricted behaviour:  rank(H) = Lm+n =  58
Shape of Hankel (88, 1093)
The Hankel matrix spans the restricted behaviour:  rank(H) = Lm+n =  82
Shape of Hankel (72, 1093)
The Hankel matrix spans the restricted behaviour:  rank(H) = Lm+n =  66
Shape of Hankel (112, 1093)
The Hankel matrix spans the restricted behaviour:  rank(H) = Lm+n =  106
Shape of Hankel (80, 1093)
The Hankel matrix spans the restricted behaviour:  rank(H) = Lm+n =  74
Shape of Hankel (96, 1093)
The Hankel matrix spans the restricted behaviour:  rank(H) = Lm+n =  90
Shape of Hankel (40, 1093)
The Hankel matrix spans the restricted behaviour:  rank(H) = Lm+n =  34
Shape of Hankel (72, 1093)
The Hankel matrix spans the restricted behaviour:  rank(H) = Lm+n =  66
Shape of Hankel (72, 1093)
The Hankel matrix spans the restricted behaviour:  rank(H) = Lm+n =  66
Shape of Hankel (64, 1093)
The Hankel matrix spans the restricted behaviour:  rank(H) = Lm+n =  58
Shape of Hankel (64, 1093)
The Hankel matrix spans the restricted behaviour:  rank(H) = Lm+n =  58
Shape of Hankel (96, 1093)
The Hankel matrix spans the restricted behaviour:  rank(H) = Lm+n =  90
Shape of Hankel (96, 1093)
The Hankel matrix spans the restricted behaviour:  rank(H) = Lm+n =  90
Shape of Hankel (80, 1093)
The Hankel matrix spans the restricted behaviour:  rank(H) = Lm+n =  74
Shape of Hankel (88, 1093)
The Hankel matrix spans the restricted behaviour:  rank(H) = Lm+n =  82
Shape of Hankel (80, 1093)
The Hankel matrix spans the restricted behaviour:  rank(H) = Lm+n =  74
Shape of Hankel (72, 1093)
The Hankel matrix spans the restricted behaviour:  rank(H) = Lm+n =  66
Shape of Hankel (64, 1093)
The Hankel matrix spans the restricted behaviour:  rank(H) = Lm+n =  58
Shape of Hankel (40, 1093)
The Hankel matrix spans the restricted behaviour:  rank(H) = Lm+n =  34
Shape of Hankel (80, 1093)
The Hankel matrix spans the restricted behaviour:  rank(H) = Lm+n =  74
Shape of Hankel (56, 1093)
The Hankel matrix spans the restricted behaviour:  rank(H) = Lm+n =  50
Shape of Hankel (64, 1093)
The Hankel matrix spans the restricted behaviour:  rank(H) = Lm+n =  58
Shape of Hankel (56, 1093)
The Hankel matrix spans the restricted behaviour:  rank(H) = Lm+n =  50
Shape of Hankel (80, 1093)
The Hankel matrix spans the restricted behaviour:  rank(H) = Lm+n =  74
Shape of Hankel (48, 1093)
The Hankel matrix spans the restricted behaviour:  rank(H) = Lm+n =  42
Shape of Hankel (120, 1093)
The Hankel matrix spans the restricted behaviour:  rank(H) = Lm+n =  114
Shape of Hankel (56, 1093)
The Hankel matrix spans the restricted behaviour:  rank(H) = Lm+n =  50
Shape of Hankel (72, 1093)
The Hankel matrix spans the restricted behaviour:  rank(H) = Lm+n =  66
Shape of Hankel (56, 1093)
The Hankel matrix spans the restricted behaviour:  rank(H) = Lm+n =  50
Shape of Hankel (80, 1093)
The Hankel matrix spans the restricted behaviour:  rank(H) = Lm+n =  74
Shape of Hankel (72, 1093)
The Hankel matrix spans the restricted behaviour:  rank(H) = Lm+n =  66
Shape of Hankel (80, 1093)
The Hankel matrix spans the restricted behaviour:  rank(H) = Lm+n =  74
Shape of Hankel (96, 1093)
The Hankel matrix spans the restricted behaviour:  rank(H) = Lm+n =  90
Shape of Hankel (96, 1093)
The Hankel matrix spans the restricted behaviour:  rank(H) = Lm+n =  90
Shape of Hankel (48, 1093)
The Hankel matrix spans the restricted behaviour:  rank(H) = Lm+n =  42
Shape of Hankel (56, 1093)
The Hankel matrix spans the restricted behaviour:  rank(H) = Lm+n =  50
Shape of Hankel (96, 1093)
The Hankel matrix spans the restricted behaviour:  rank(H) = Lm+n =  90
Shape of Hankel (88, 1093)
The Hankel matrix spans the restricted behaviour:  rank(H) = Lm+n =  82
Shape of Hankel (88, 1093)
The Hankel matrix spans the restricted behaviour:  rank(H) = Lm+n =  82
Shape of Hankel (64, 1093)
The Hankel matrix spans the restricted behaviour:  rank(H) = Lm+n =  58
Shape of Hankel (80, 1093)
The Hankel matrix spans the restricted behaviour:  rank(H) = Lm+n =  74
Shape of Hankel (96, 1093)
The Hankel matrix spans the restricted behaviour:  rank(H) = Lm+n =  90
Running time of Alberto Algo with 50 iterations:  327.78915161700024
Running time of distributed Algo with 50 outer iter and 5 alternating projection:  739.2884340229994
Running time of Alberto Algo with 50 iterations:  323.72591360499973
Running time of distributed Algo with 50 outer iter and 5 alternating projection:  741.3447889460003
Running time of Alberto Algo with 50 iterations:  334.303238460001
Running time of distributed Algo with 50 outer iter and 5 alternating projection:  740.1823975719999
mean projection time of each subspace:  0.22167652128980989
Max projection time of each subspace:  0.620122979998996
Minimum projection time of each subspace:  0.004141792000154965
150
Projection time of total space:  6.785584036999353
Projection time of alternating projection:  14.804793879113324
750
Projection time of inter projection:  0.00168054539597991
Projection onto Cartisian of subspaces time:  2.9592743218787074
