Eigenvalues:
[0.5+0.05j 0.5-0.05j]
Is the system stable? -- True
Is the system controllable? True
Is the system observable? True
vertex connectivity: 1
edge connectivity: 1
(600, 1)
(1194, 1)
Shape of Hankel (1600, 1093)
The Hankel matrix spans the restricted behaviour:  rank(H) = Lm+n =  1000
Shape of Hankel (3184, 1093)
The Hankel matrix does NOT span the restricted behavior: rank(H) = 1000 
 mL+n = 2584
Shape of Hankel (24, 1093)
The Hankel matrix spans the restricted behaviour:  rank(H) = Lm+n =  18
Shape of Hankel (32, 1093)
The Hankel matrix spans the restricted behaviour:  rank(H) = Lm+n =  26
Shape of Hankel (32, 1093)
The Hankel matrix spans the restricted behaviour:  rank(H) = Lm+n =  26
Shape of Hankel (32, 1093)
The Hankel matrix spans the restricted behaviour:  rank(H) = Lm+n =  26
Shape of Hankel (32, 1093)
The Hankel matrix spans the restricted behaviour:  rank(H) = Lm+n =  26
Shape of Hankel (32, 1093)
The Hankel matrix spans the restricted behaviour:  rank(H) = Lm+n =  26
Shape of Hankel (32, 1093)
The Hankel matrix spans the restricted behaviour:  rank(H) = Lm+n =  26
Shape of Hankel (32, 1093)
The Hankel matrix spans the restricted behaviour:  rank(H) = Lm+n =  26
Shape of Hankel (32, 1093)
The Hankel matrix spans the restricted behaviour:  rank(H) = Lm+n =  26
Shape of Hankel (32, 1093)
The Hankel matrix spans the restricted behaviour:  rank(H) = Lm+n =  26
Shape of Hankel (32, 1093)
The Hankel matrix spans the restricted behaviour:  rank(H) = Lm+n =  26
Shape of Hankel (32, 1093)
The Hankel matrix spans the restricted behaviour:  rank(H) = Lm+n =  26
Shape of Hankel (32, 1093)
The Hankel matrix spans the restricted behaviour:  rank(H) = Lm+n =  26
Shape of Hankel (32, 1093)
The Hankel matrix spans the restricted behaviour:  rank(H) = Lm+n =  26
Shape of Hankel (32, 1093)
The Hankel matrix spans the restricted behaviour:  rank(H) = Lm+n =  26
Shape of Hankel (32, 1093)
The Hankel matrix spans the restricted behaviour:  rank(H) = Lm+n =  26
Shape of Hankel (32, 1093)
The Hankel matrix spans the restricted behaviour:  rank(H) = Lm+n =  26
Shape of Hankel (32, 1093)
The Hankel matrix spans the restricted behaviour:  rank(H) = Lm+n =  26
Shape of Hankel (32, 1093)
The Hankel matrix spans the restricted behaviour:  rank(H) = Lm+n =  26
Shape of Hankel (32, 1093)
The Hankel matrix spans the restricted behaviour:  rank(H) = Lm+n =  26
Shape of Hankel (32, 1093)
The Hankel matrix spans the restricted behaviour:  rank(H) = Lm+n =  26
Shape of Hankel (32, 1093)
The Hankel matrix spans the restricted behaviour:  rank(H) = Lm+n =  26
Shape of Hankel (32, 1093)
The Hankel matrix spans the restricted behaviour:  rank(H) = Lm+n =  26
Shape of Hankel (32, 1093)
The Hankel matrix spans the restricted behaviour:  rank(H) = Lm+n =  26
Shape of Hankel (32, 1093)
The Hankel matrix spans the restricted behaviour:  rank(H) = Lm+n =  26
Shape of Hankel (32, 1093)
The Hankel matrix spans the restricted behaviour:  rank(H) = Lm+n =  26
Shape of Hankel (32, 1093)
The Hankel matrix spans the restricted behaviour:  rank(H) = Lm+n =  26
Shape of Hankel (32, 1093)
The Hankel matrix spans the restricted behaviour:  rank(H) = Lm+n =  26
Shape of Hankel (32, 1093)
The Hankel matrix spans the restricted behaviour:  rank(H) = Lm+n =  26
Shape of Hankel (32, 1093)
The Hankel matrix spans the restricted behaviour:  rank(H) = Lm+n =  26
Shape of Hankel (32, 1093)
The Hankel matrix spans the restricted behaviour:  rank(H) = Lm+n =  26
Shape of Hankel (32, 1093)
The Hankel matrix spans the restricted behaviour:  rank(H) = Lm+n =  26
Shape of Hankel (32, 1093)
The Hankel matrix spans the restricted behaviour:  rank(H) = Lm+n =  26
Shape of Hankel (32, 1093)
The Hankel matrix spans the restricted behaviour:  rank(H) = Lm+n =  26
Shape of Hankel (32, 1093)
The Hankel matrix spans the restricted behaviour:  rank(H) = Lm+n =  26
Shape of Hankel (32, 1093)
The Hankel matrix spans the restricted behaviour:  rank(H) = Lm+n =  26
Shape of Hankel (32, 1093)
The Hankel matrix spans the restricted behaviour:  rank(H) = Lm+n =  26
Shape of Hankel (32, 1093)
The Hankel matrix spans the restricted behaviour:  rank(H) = Lm+n =  26
Shape of Hankel (32, 1093)
The Hankel matrix spans the restricted behaviour:  rank(H) = Lm+n =  26
Shape of Hankel (32, 1093)
The Hankel matrix spans the restricted behaviour:  rank(H) = Lm+n =  26
Shape of Hankel (32, 1093)
The Hankel matrix spans the restricted behaviour:  rank(H) = Lm+n =  26
Shape of Hankel (32, 1093)
The Hankel matrix spans the restricted behaviour:  rank(H) = Lm+n =  26
Shape of Hankel (32, 1093)
The Hankel matrix spans the restricted behaviour:  rank(H) = Lm+n =  26
Shape of Hankel (32, 1093)
The Hankel matrix spans the restricted behaviour:  rank(H) = Lm+n =  26
Shape of Hankel (32, 1093)
The Hankel matrix spans the restricted behaviour:  rank(H) = Lm+n =  26
Shape of Hankel (32, 1093)
The Hankel matrix spans the restricted behaviour:  rank(H) = Lm+n =  26
Shape of Hankel (32, 1093)
The Hankel matrix spans the restricted behaviour:  rank(H) = Lm+n =  26
Shape of Hankel (32, 1093)
The Hankel matrix spans the restricted behaviour:  rank(H) = Lm+n =  26
Shape of Hankel (32, 1093)
The Hankel matrix spans the restricted behaviour:  rank(H) = Lm+n =  26
Shape of Hankel (32, 1093)
The Hankel matrix spans the restricted behaviour:  rank(H) = Lm+n =  26
Shape of Hankel (32, 1093)
The Hankel matrix spans the restricted behaviour:  rank(H) = Lm+n =  26
Shape of Hankel (32, 1093)
The Hankel matrix spans the restricted behaviour:  rank(H) = Lm+n =  26
Shape of Hankel (32, 1093)
The Hankel matrix spans the restricted behaviour:  rank(H) = Lm+n =  26
Shape of Hankel (32, 1093)
The Hankel matrix spans the restricted behaviour:  rank(H) = Lm+n =  26
Shape of Hankel (32, 1093)
The Hankel matrix spans the restricted behaviour:  rank(H) = Lm+n =  26
Shape of Hankel (32, 1093)
The Hankel matrix spans the restricted behaviour:  rank(H) = Lm+n =  26
Shape of Hankel (32, 1093)
The Hankel matrix spans the restricted behaviour:  rank(H) = Lm+n =  26
Shape of Hankel (32, 1093)
The Hankel matrix spans the restricted behaviour:  rank(H) = Lm+n =  26
Shape of Hankel (32, 1093)
The Hankel matrix spans the restricted behaviour:  rank(H) = Lm+n =  26
Shape of Hankel (32, 1093)
The Hankel matrix spans the restricted behaviour:  rank(H) = Lm+n =  26
Shape of Hankel (32, 1093)
The Hankel matrix spans the restricted behaviour:  rank(H) = Lm+n =  26
Shape of Hankel (32, 1093)
The Hankel matrix spans the restricted behaviour:  rank(H) = Lm+n =  26
Shape of Hankel (32, 1093)
The Hankel matrix spans the restricted behaviour:  rank(H) = Lm+n =  26
Shape of Hankel (32, 1093)
The Hankel matrix spans the restricted behaviour:  rank(H) = Lm+n =  26
Shape of Hankel (32, 1093)
The Hankel matrix spans the restricted behaviour:  rank(H) = Lm+n =  26
Shape of Hankel (32, 1093)
The Hankel matrix spans the restricted behaviour:  rank(H) = Lm+n =  26
Shape of Hankel (32, 1093)
The Hankel matrix spans the restricted behaviour:  rank(H) = Lm+n =  26
Shape of Hankel (32, 1093)
The Hankel matrix spans the restricted behaviour:  rank(H) = Lm+n =  26
Shape of Hankel (32, 1093)
The Hankel matrix spans the restricted behaviour:  rank(H) = Lm+n =  26
Shape of Hankel (32, 1093)
The Hankel matrix spans the restricted behaviour:  rank(H) = Lm+n =  26
Shape of Hankel (32, 1093)
The Hankel matrix spans the restricted behaviour:  rank(H) = Lm+n =  26
Shape of Hankel (32, 1093)
The Hankel matrix spans the restricted behaviour:  rank(H) = Lm+n =  26
Shape of Hankel (32, 1093)
The Hankel matrix spans the restricted behaviour:  rank(H) = Lm+n =  26
Shape of Hankel (32, 1093)
The Hankel matrix spans the restricted behaviour:  rank(H) = Lm+n =  26
Shape of Hankel (32, 1093)
The Hankel matrix spans the restricted behaviour:  rank(H) = Lm+n =  26
Shape of Hankel (32, 1093)
The Hankel matrix spans the restricted behaviour:  rank(H) = Lm+n =  26
Shape of Hankel (32, 1093)
The Hankel matrix spans the restricted behaviour:  rank(H) = Lm+n =  26
Shape of Hankel (32, 1093)
The Hankel matrix spans the restricted behaviour:  rank(H) = Lm+n =  26
Shape of Hankel (32, 1093)
The Hankel matrix spans the restricted behaviour:  rank(H) = Lm+n =  26
Shape of Hankel (32, 1093)
The Hankel matrix spans the restricted behaviour:  rank(H) = Lm+n =  26
Shape of Hankel (32, 1093)
The Hankel matrix spans the restricted behaviour:  rank(H) = Lm+n =  26
Shape of Hankel (32, 1093)
The Hankel matrix spans the restricted behaviour:  rank(H) = Lm+n =  26
Shape of Hankel (32, 1093)
The Hankel matrix spans the restricted behaviour:  rank(H) = Lm+n =  26
Shape of Hankel (32, 1093)
The Hankel matrix spans the restricted behaviour:  rank(H) = Lm+n =  26
Shape of Hankel (32, 1093)
The Hankel matrix spans the restricted behaviour:  rank(H) = Lm+n =  26
Shape of Hankel (32, 1093)
The Hankel matrix spans the restricted behaviour:  rank(H) = Lm+n =  26
Shape of Hankel (32, 1093)
The Hankel matrix spans the restricted behaviour:  rank(H) = Lm+n =  26
Shape of Hankel (32, 1093)
The Hankel matrix spans the restricted behaviour:  rank(H) = Lm+n =  26
Shape of Hankel (32, 1093)
The Hankel matrix spans the restricted behaviour:  rank(H) = Lm+n =  26
Shape of Hankel (32, 1093)
The Hankel matrix spans the restricted behaviour:  rank(H) = Lm+n =  26
Shape of Hankel (32, 1093)
The Hankel matrix spans the restricted behaviour:  rank(H) = Lm+n =  26
Shape of Hankel (32, 1093)
The Hankel matrix spans the restricted behaviour:  rank(H) = Lm+n =  26
Shape of Hankel (32, 1093)
The Hankel matrix spans the restricted behaviour:  rank(H) = Lm+n =  26
Shape of Hankel (32, 1093)
The Hankel matrix spans the restricted behaviour:  rank(H) = Lm+n =  26
Shape of Hankel (32, 1093)
The Hankel matrix spans the restricted behaviour:  rank(H) = Lm+n =  26
Shape of Hankel (32, 1093)
The Hankel matrix spans the restricted behaviour:  rank(H) = Lm+n =  26
Shape of Hankel (32, 1093)
The Hankel matrix spans the restricted behaviour:  rank(H) = Lm+n =  26
Shape of Hankel (32, 1093)
The Hankel matrix spans the restricted behaviour:  rank(H) = Lm+n =  26
Shape of Hankel (32, 1093)
The Hankel matrix spans the restricted behaviour:  rank(H) = Lm+n =  26
Shape of Hankel (24, 1093)
The Hankel matrix spans the restricted behaviour:  rank(H) = Lm+n =  18
Running time of Alberto Algo with 50 iterations:  619.3347488750001
Running time of distributed Algo with 50 outer iter and 5 alternating projection:  238.62242076500002
Running time of Alberto Algo with 50 iterations:  588.647777245
Running time of distributed Algo with 50 outer iter and 5 alternating projection:  245.49123966000002
Running time of Alberto Algo with 50 iterations:  582.180210454
Running time of distributed Algo with 50 outer iter and 5 alternating projection:  238.89623054799995
mean projection time of each subspace:  0.06912228788000448
Max projection time of each subspace:  0.18528681899988442
Minimum projection time of each subspace:  0.0025187010000990995
150
Projection time of total space:  13.637316006000002
Projection time of alternating projection:  4.819646254173347
750
Projection time of inter projection:  0.0029088560479911697
Projection onto Cartisian of subspaces time:  0.9610157584520016
vertex connectivity: 1
edge connectivity: 1
(600, 1)
(1314, 1)
Shape of Hankel (1600, 1093)
The Hankel matrix spans the restricted behaviour:  rank(H) = Lm+n =  1000
Shape of Hankel (3504, 1093)
The Hankel matrix does NOT span the restricted behavior: rank(H) = 1000 
 mL+n = 2904
Shape of Hankel (32, 1093)
The Hankel matrix spans the restricted behaviour:  rank(H) = Lm+n =  26
Shape of Hankel (40, 1093)
The Hankel matrix spans the restricted behaviour:  rank(H) = Lm+n =  34
Shape of Hankel (40, 1093)
The Hankel matrix spans the restricted behaviour:  rank(H) = Lm+n =  34
Shape of Hankel (32, 1093)
The Hankel matrix spans the restricted behaviour:  rank(H) = Lm+n =  26
Shape of Hankel (32, 1093)
The Hankel matrix spans the restricted behaviour:  rank(H) = Lm+n =  26
Shape of Hankel (32, 1093)
The Hankel matrix spans the restricted behaviour:  rank(H) = Lm+n =  26
Shape of Hankel (32, 1093)
The Hankel matrix spans the restricted behaviour:  rank(H) = Lm+n =  26
Shape of Hankel (48, 1093)
The Hankel matrix spans the restricted behaviour:  rank(H) = Lm+n =  42
Shape of Hankel (40, 1093)
The Hankel matrix spans the restricted behaviour:  rank(H) = Lm+n =  34
Shape of Hankel (32, 1093)
The Hankel matrix spans the restricted behaviour:  rank(H) = Lm+n =  26
Shape of Hankel (40, 1093)
The Hankel matrix spans the restricted behaviour:  rank(H) = Lm+n =  34
Shape of Hankel (32, 1093)
The Hankel matrix spans the restricted behaviour:  rank(H) = Lm+n =  26
Shape of Hankel (40, 1093)
The Hankel matrix spans the restricted behaviour:  rank(H) = Lm+n =  34
Shape of Hankel (32, 1093)
The Hankel matrix spans the restricted behaviour:  rank(H) = Lm+n =  26
Shape of Hankel (40, 1093)
The Hankel matrix spans the restricted behaviour:  rank(H) = Lm+n =  34
Shape of Hankel (32, 1093)
The Hankel matrix spans the restricted behaviour:  rank(H) = Lm+n =  26
Shape of Hankel (32, 1093)
The Hankel matrix spans the restricted behaviour:  rank(H) = Lm+n =  26
Shape of Hankel (32, 1093)
The Hankel matrix spans the restricted behaviour:  rank(H) = Lm+n =  26
Shape of Hankel (40, 1093)
The Hankel matrix spans the restricted behaviour:  rank(H) = Lm+n =  34
Shape of Hankel (40, 1093)
The Hankel matrix spans the restricted behaviour:  rank(H) = Lm+n =  34
Shape of Hankel (32, 1093)
The Hankel matrix spans the restricted behaviour:  rank(H) = Lm+n =  26
Shape of Hankel (40, 1093)
The Hankel matrix spans the restricted behaviour:  rank(H) = Lm+n =  34
Shape of Hankel (40, 1093)
The Hankel matrix spans the restricted behaviour:  rank(H) = Lm+n =  34
Shape of Hankel (40, 1093)
The Hankel matrix spans the restricted behaviour:  rank(H) = Lm+n =  34
Shape of Hankel (32, 1093)
The Hankel matrix spans the restricted behaviour:  rank(H) = Lm+n =  26
Shape of Hankel (32, 1093)
The Hankel matrix spans the restricted behaviour:  rank(H) = Lm+n =  26
Shape of Hankel (40, 1093)
The Hankel matrix spans the restricted behaviour:  rank(H) = Lm+n =  34
Shape of Hankel (40, 1093)
The Hankel matrix spans the restricted behaviour:  rank(H) = Lm+n =  34
Shape of Hankel (40, 1093)
The Hankel matrix spans the restricted behaviour:  rank(H) = Lm+n =  34
Shape of Hankel (40, 1093)
The Hankel matrix spans the restricted behaviour:  rank(H) = Lm+n =  34
Shape of Hankel (32, 1093)
The Hankel matrix spans the restricted behaviour:  rank(H) = Lm+n =  26
Shape of Hankel (40, 1093)
The Hankel matrix spans the restricted behaviour:  rank(H) = Lm+n =  34
Shape of Hankel (32, 1093)
The Hankel matrix spans the restricted behaviour:  rank(H) = Lm+n =  26
Shape of Hankel (32, 1093)
The Hankel matrix spans the restricted behaviour:  rank(H) = Lm+n =  26
Shape of Hankel (32, 1093)
The Hankel matrix spans the restricted behaviour:  rank(H) = Lm+n =  26
Shape of Hankel (32, 1093)
The Hankel matrix spans the restricted behaviour:  rank(H) = Lm+n =  26
Shape of Hankel (32, 1093)
The Hankel matrix spans the restricted behaviour:  rank(H) = Lm+n =  26
Shape of Hankel (40, 1093)
The Hankel matrix spans the restricted behaviour:  rank(H) = Lm+n =  34
Shape of Hankel (32, 1093)
The Hankel matrix spans the restricted behaviour:  rank(H) = Lm+n =  26
Shape of Hankel (48, 1093)
The Hankel matrix spans the restricted behaviour:  rank(H) = Lm+n =  42
Shape of Hankel (40, 1093)
The Hankel matrix spans the restricted behaviour:  rank(H) = Lm+n =  34
Shape of Hankel (32, 1093)
The Hankel matrix spans the restricted behaviour:  rank(H) = Lm+n =  26
Shape of Hankel (32, 1093)
The Hankel matrix spans the restricted behaviour:  rank(H) = Lm+n =  26
Shape of Hankel (32, 1093)
The Hankel matrix spans the restricted behaviour:  rank(H) = Lm+n =  26
Shape of Hankel (32, 1093)
The Hankel matrix spans the restricted behaviour:  rank(H) = Lm+n =  26
Shape of Hankel (48, 1093)
The Hankel matrix spans the restricted behaviour:  rank(H) = Lm+n =  42
Shape of Hankel (32, 1093)
The Hankel matrix spans the restricted behaviour:  rank(H) = Lm+n =  26
Shape of Hankel (40, 1093)
The Hankel matrix spans the restricted behaviour:  rank(H) = Lm+n =  34
Shape of Hankel (32, 1093)
The Hankel matrix spans the restricted behaviour:  rank(H) = Lm+n =  26
Shape of Hankel (32, 1093)
The Hankel matrix spans the restricted behaviour:  rank(H) = Lm+n =  26
Shape of Hankel (32, 1093)
The Hankel matrix spans the restricted behaviour:  rank(H) = Lm+n =  26
Shape of Hankel (40, 1093)
The Hankel matrix spans the restricted behaviour:  rank(H) = Lm+n =  34
Shape of Hankel (32, 1093)
The Hankel matrix spans the restricted behaviour:  rank(H) = Lm+n =  26
Shape of Hankel (32, 1093)
The Hankel matrix spans the restricted behaviour:  rank(H) = Lm+n =  26
Shape of Hankel (32, 1093)
The Hankel matrix spans the restricted behaviour:  rank(H) = Lm+n =  26
Shape of Hankel (32, 1093)
The Hankel matrix spans the restricted behaviour:  rank(H) = Lm+n =  26
Shape of Hankel (32, 1093)
The Hankel matrix spans the restricted behaviour:  rank(H) = Lm+n =  26
Shape of Hankel (40, 1093)
The Hankel matrix spans the restricted behaviour:  rank(H) = Lm+n =  34
Shape of Hankel (32, 1093)
The Hankel matrix spans the restricted behaviour:  rank(H) = Lm+n =  26
Shape of Hankel (40, 1093)
The Hankel matrix spans the restricted behaviour:  rank(H) = Lm+n =  34
Shape of Hankel (32, 1093)
The Hankel matrix spans the restricted behaviour:  rank(H) = Lm+n =  26
Shape of Hankel (32, 1093)
The Hankel matrix spans the restricted behaviour:  rank(H) = Lm+n =  26
Shape of Hankel (32, 1093)
The Hankel matrix spans the restricted behaviour:  rank(H) = Lm+n =  26
Shape of Hankel (40, 1093)
The Hankel matrix spans the restricted behaviour:  rank(H) = Lm+n =  34
Shape of Hankel (32, 1093)
The Hankel matrix spans the restricted behaviour:  rank(H) = Lm+n =  26
Shape of Hankel (32, 1093)
The Hankel matrix spans the restricted behaviour:  rank(H) = Lm+n =  26
Shape of Hankel (40, 1093)
The Hankel matrix spans the restricted behaviour:  rank(H) = Lm+n =  34
Shape of Hankel (32, 1093)
The Hankel matrix spans the restricted behaviour:  rank(H) = Lm+n =  26
Shape of Hankel (32, 1093)
The Hankel matrix spans the restricted behaviour:  rank(H) = Lm+n =  26
Shape of Hankel (40, 1093)
The Hankel matrix spans the restricted behaviour:  rank(H) = Lm+n =  34
Shape of Hankel (32, 1093)
The Hankel matrix spans the restricted behaviour:  rank(H) = Lm+n =  26
Shape of Hankel (32, 1093)
The Hankel matrix spans the restricted behaviour:  rank(H) = Lm+n =  26
Shape of Hankel (32, 1093)
The Hankel matrix spans the restricted behaviour:  rank(H) = Lm+n =  26
Shape of Hankel (40, 1093)
The Hankel matrix spans the restricted behaviour:  rank(H) = Lm+n =  34
Shape of Hankel (32, 1093)
The Hankel matrix spans the restricted behaviour:  rank(H) = Lm+n =  26
Shape of Hankel (40, 1093)
The Hankel matrix spans the restricted behaviour:  rank(H) = Lm+n =  34
Shape of Hankel (32, 1093)
The Hankel matrix spans the restricted behaviour:  rank(H) = Lm+n =  26
Shape of Hankel (32, 1093)
The Hankel matrix spans the restricted behaviour:  rank(H) = Lm+n =  26
Shape of Hankel (40, 1093)
The Hankel matrix spans the restricted behaviour:  rank(H) = Lm+n =  34
Shape of Hankel (32, 1093)
The Hankel matrix spans the restricted behaviour:  rank(H) = Lm+n =  26
Shape of Hankel (32, 1093)
The Hankel matrix spans the restricted behaviour:  rank(H) = Lm+n =  26
Shape of Hankel (32, 1093)
The Hankel matrix spans the restricted behaviour:  rank(H) = Lm+n =  26
Shape of Hankel (32, 1093)
The Hankel matrix spans the restricted behaviour:  rank(H) = Lm+n =  26
Shape of Hankel (32, 1093)
The Hankel matrix spans the restricted behaviour:  rank(H) = Lm+n =  26
Shape of Hankel (40, 1093)
The Hankel matrix spans the restricted behaviour:  rank(H) = Lm+n =  34
Shape of Hankel (40, 1093)
The Hankel matrix spans the restricted behaviour:  rank(H) = Lm+n =  34
Shape of Hankel (32, 1093)
The Hankel matrix spans the restricted behaviour:  rank(H) = Lm+n =  26
Shape of Hankel (40, 1093)
The Hankel matrix spans the restricted behaviour:  rank(H) = Lm+n =  34
Shape of Hankel (32, 1093)
The Hankel matrix spans the restricted behaviour:  rank(H) = Lm+n =  26
Shape of Hankel (32, 1093)
The Hankel matrix spans the restricted behaviour:  rank(H) = Lm+n =  26
Shape of Hankel (40, 1093)
The Hankel matrix spans the restricted behaviour:  rank(H) = Lm+n =  34
Shape of Hankel (32, 1093)
The Hankel matrix spans the restricted behaviour:  rank(H) = Lm+n =  26
Shape of Hankel (32, 1093)
The Hankel matrix spans the restricted behaviour:  rank(H) = Lm+n =  26
Shape of Hankel (32, 1093)
The Hankel matrix spans the restricted behaviour:  rank(H) = Lm+n =  26
Shape of Hankel (32, 1093)
The Hankel matrix spans the restricted behaviour:  rank(H) = Lm+n =  26
Shape of Hankel (32, 1093)
The Hankel matrix spans the restricted behaviour:  rank(H) = Lm+n =  26
Shape of Hankel (40, 1093)
The Hankel matrix spans the restricted behaviour:  rank(H) = Lm+n =  34
Shape of Hankel (32, 1093)
The Hankel matrix spans the restricted behaviour:  rank(H) = Lm+n =  26
Shape of Hankel (32, 1093)
The Hankel matrix spans the restricted behaviour:  rank(H) = Lm+n =  26
Shape of Hankel (24, 1093)
The Hankel matrix spans the restricted behaviour:  rank(H) = Lm+n =  18
Running time of Alberto Algo with 50 iterations:  587.7065867480001
Running time of distributed Algo with 50 outer iter and 5 alternating projection:  296.15929221199985
Running time of Alberto Algo with 50 iterations:  588.3041041260003
Running time of distributed Algo with 50 outer iter and 5 alternating projection:  297.6004836249999
Running time of Alberto Algo with 50 iterations:  591.8096857769997
Running time of distributed Algo with 50 outer iter and 5 alternating projection:  297.132772899
mean projection time of each subspace:  0.0841201110199654
Max projection time of each subspace:  0.22039321299962467
Minimum projection time of each subspace:  0.004664283999773033
150
Projection time of total space:  11.887323967999691
Projection time of alternating projection:  5.938909133546634
750
Projection time of inter projection:  0.0028304868799878024
Projection onto Cartisian of subspaces time:  1.184946559731985
vertex connectivity: 1
edge connectivity: 1
(600, 1)
(1434, 1)
Shape of Hankel (1600, 1093)
The Hankel matrix spans the restricted behaviour:  rank(H) = Lm+n =  1000
Shape of Hankel (3824, 1093)
The Hankel matrix does NOT span the restricted behavior: rank(H) = 1000 
 mL+n = 3224
Shape of Hankel (32, 1093)
The Hankel matrix spans the restricted behaviour:  rank(H) = Lm+n =  26
Shape of Hankel (40, 1093)
The Hankel matrix spans the restricted behaviour:  rank(H) = Lm+n =  34
Shape of Hankel (40, 1093)
The Hankel matrix spans the restricted behaviour:  rank(H) = Lm+n =  34
Shape of Hankel (48, 1093)
The Hankel matrix spans the restricted behaviour:  rank(H) = Lm+n =  42
Shape of Hankel (32, 1093)
The Hankel matrix spans the restricted behaviour:  rank(H) = Lm+n =  26
Shape of Hankel (40, 1093)
The Hankel matrix spans the restricted behaviour:  rank(H) = Lm+n =  34
Shape of Hankel (48, 1093)
The Hankel matrix spans the restricted behaviour:  rank(H) = Lm+n =  42
Shape of Hankel (56, 1093)
The Hankel matrix spans the restricted behaviour:  rank(H) = Lm+n =  50
Shape of Hankel (48, 1093)
The Hankel matrix spans the restricted behaviour:  rank(H) = Lm+n =  42
Shape of Hankel (40, 1093)
The Hankel matrix spans the restricted behaviour:  rank(H) = Lm+n =  34
Shape of Hankel (40, 1093)
The Hankel matrix spans the restricted behaviour:  rank(H) = Lm+n =  34
Shape of Hankel (40, 1093)
The Hankel matrix spans the restricted behaviour:  rank(H) = Lm+n =  34
Shape of Hankel (40, 1093)
The Hankel matrix spans the restricted behaviour:  rank(H) = Lm+n =  34
Shape of Hankel (32, 1093)
The Hankel matrix spans the restricted behaviour:  rank(H) = Lm+n =  26
Shape of Hankel (40, 1093)
The Hankel matrix spans the restricted behaviour:  rank(H) = Lm+n =  34
Shape of Hankel (40, 1093)
The Hankel matrix spans the restricted behaviour:  rank(H) = Lm+n =  34
Shape of Hankel (32, 1093)
The Hankel matrix spans the restricted behaviour:  rank(H) = Lm+n =  26
Shape of Hankel (32, 1093)
The Hankel matrix spans the restricted behaviour:  rank(H) = Lm+n =  26
Shape of Hankel (40, 1093)
The Hankel matrix spans the restricted behaviour:  rank(H) = Lm+n =  34
Shape of Hankel (56, 1093)
The Hankel matrix spans the restricted behaviour:  rank(H) = Lm+n =  50
Shape of Hankel (40, 1093)
The Hankel matrix spans the restricted behaviour:  rank(H) = Lm+n =  34
Shape of Hankel (40, 1093)
The Hankel matrix spans the restricted behaviour:  rank(H) = Lm+n =  34
Shape of Hankel (48, 1093)
The Hankel matrix spans the restricted behaviour:  rank(H) = Lm+n =  42
Shape of Hankel (56, 1093)
The Hankel matrix spans the restricted behaviour:  rank(H) = Lm+n =  50
Shape of Hankel (32, 1093)
The Hankel matrix spans the restricted behaviour:  rank(H) = Lm+n =  26
Shape of Hankel (32, 1093)
The Hankel matrix spans the restricted behaviour:  rank(H) = Lm+n =  26
Shape of Hankel (40, 1093)
The Hankel matrix spans the restricted behaviour:  rank(H) = Lm+n =  34
Shape of Hankel (56, 1093)
The Hankel matrix spans the restricted behaviour:  rank(H) = Lm+n =  50
Shape of Hankel (40, 1093)
The Hankel matrix spans the restricted behaviour:  rank(H) = Lm+n =  34
Shape of Hankel (40, 1093)
The Hankel matrix spans the restricted behaviour:  rank(H) = Lm+n =  34
Shape of Hankel (40, 1093)
The Hankel matrix spans the restricted behaviour:  rank(H) = Lm+n =  34
Shape of Hankel (40, 1093)
The Hankel matrix spans the restricted behaviour:  rank(H) = Lm+n =  34
Shape of Hankel (32, 1093)
The Hankel matrix spans the restricted behaviour:  rank(H) = Lm+n =  26
Shape of Hankel (32, 1093)
The Hankel matrix spans the restricted behaviour:  rank(H) = Lm+n =  26
Shape of Hankel (32, 1093)
The Hankel matrix spans the restricted behaviour:  rank(H) = Lm+n =  26
Shape of Hankel (40, 1093)
The Hankel matrix spans the restricted behaviour:  rank(H) = Lm+n =  34
Shape of Hankel (32, 1093)
The Hankel matrix spans the restricted behaviour:  rank(H) = Lm+n =  26
Shape of Hankel (56, 1093)
The Hankel matrix spans the restricted behaviour:  rank(H) = Lm+n =  50
Shape of Hankel (32, 1093)
The Hankel matrix spans the restricted behaviour:  rank(H) = Lm+n =  26
Shape of Hankel (56, 1093)
The Hankel matrix spans the restricted behaviour:  rank(H) = Lm+n =  50
Shape of Hankel (48, 1093)
The Hankel matrix spans the restricted behaviour:  rank(H) = Lm+n =  42
Shape of Hankel (32, 1093)
The Hankel matrix spans the restricted behaviour:  rank(H) = Lm+n =  26
Shape of Hankel (40, 1093)
The Hankel matrix spans the restricted behaviour:  rank(H) = Lm+n =  34
Shape of Hankel (32, 1093)
The Hankel matrix spans the restricted behaviour:  rank(H) = Lm+n =  26
Shape of Hankel (32, 1093)
The Hankel matrix spans the restricted behaviour:  rank(H) = Lm+n =  26
Shape of Hankel (48, 1093)
The Hankel matrix spans the restricted behaviour:  rank(H) = Lm+n =  42
Shape of Hankel (32, 1093)
The Hankel matrix spans the restricted behaviour:  rank(H) = Lm+n =  26
Shape of Hankel (48, 1093)
The Hankel matrix spans the restricted behaviour:  rank(H) = Lm+n =  42
Shape of Hankel (32, 1093)
The Hankel matrix spans the restricted behaviour:  rank(H) = Lm+n =  26
Shape of Hankel (32, 1093)
The Hankel matrix spans the restricted behaviour:  rank(H) = Lm+n =  26
Shape of Hankel (32, 1093)
The Hankel matrix spans the restricted behaviour:  rank(H) = Lm+n =  26
Shape of Hankel (40, 1093)
The Hankel matrix spans the restricted behaviour:  rank(H) = Lm+n =  34
Shape of Hankel (32, 1093)
The Hankel matrix spans the restricted behaviour:  rank(H) = Lm+n =  26
Shape of Hankel (32, 1093)
The Hankel matrix spans the restricted behaviour:  rank(H) = Lm+n =  26
Shape of Hankel (32, 1093)
The Hankel matrix spans the restricted behaviour:  rank(H) = Lm+n =  26
Shape of Hankel (32, 1093)
The Hankel matrix spans the restricted behaviour:  rank(H) = Lm+n =  26
Shape of Hankel (32, 1093)
The Hankel matrix spans the restricted behaviour:  rank(H) = Lm+n =  26
Shape of Hankel (48, 1093)
The Hankel matrix spans the restricted behaviour:  rank(H) = Lm+n =  42
Shape of Hankel (32, 1093)
The Hankel matrix spans the restricted behaviour:  rank(H) = Lm+n =  26
Shape of Hankel (40, 1093)
The Hankel matrix spans the restricted behaviour:  rank(H) = Lm+n =  34
Shape of Hankel (32, 1093)
The Hankel matrix spans the restricted behaviour:  rank(H) = Lm+n =  26
Shape of Hankel (32, 1093)
The Hankel matrix spans the restricted behaviour:  rank(H) = Lm+n =  26
Shape of Hankel (40, 1093)
The Hankel matrix spans the restricted behaviour:  rank(H) = Lm+n =  34
Shape of Hankel (40, 1093)
The Hankel matrix spans the restricted behaviour:  rank(H) = Lm+n =  34
Shape of Hankel (32, 1093)
The Hankel matrix spans the restricted behaviour:  rank(H) = Lm+n =  26
Shape of Hankel (40, 1093)
The Hankel matrix spans the restricted behaviour:  rank(H) = Lm+n =  34
Shape of Hankel (40, 1093)
The Hankel matrix spans the restricted behaviour:  rank(H) = Lm+n =  34
Shape of Hankel (32, 1093)
The Hankel matrix spans the restricted behaviour:  rank(H) = Lm+n =  26
Shape of Hankel (32, 1093)
The Hankel matrix spans the restricted behaviour:  rank(H) = Lm+n =  26
Shape of Hankel (40, 1093)
The Hankel matrix spans the restricted behaviour:  rank(H) = Lm+n =  34
Shape of Hankel (32, 1093)
The Hankel matrix spans the restricted behaviour:  rank(H) = Lm+n =  26
Shape of Hankel (32, 1093)
The Hankel matrix spans the restricted behaviour:  rank(H) = Lm+n =  26
Shape of Hankel (40, 1093)
The Hankel matrix spans the restricted behaviour:  rank(H) = Lm+n =  34
Shape of Hankel (56, 1093)
The Hankel matrix spans the restricted behaviour:  rank(H) = Lm+n =  50
Shape of Hankel (40, 1093)
The Hankel matrix spans the restricted behaviour:  rank(H) = Lm+n =  34
Shape of Hankel (56, 1093)
The Hankel matrix spans the restricted behaviour:  rank(H) = Lm+n =  50
Shape of Hankel (32, 1093)
The Hankel matrix spans the restricted behaviour:  rank(H) = Lm+n =  26
Shape of Hankel (32, 1093)
The Hankel matrix spans the restricted behaviour:  rank(H) = Lm+n =  26
Shape of Hankel (40, 1093)
The Hankel matrix spans the restricted behaviour:  rank(H) = Lm+n =  34
Shape of Hankel (32, 1093)
The Hankel matrix spans the restricted behaviour:  rank(H) = Lm+n =  26
Shape of Hankel (32, 1093)
The Hankel matrix spans the restricted behaviour:  rank(H) = Lm+n =  26
Shape of Hankel (40, 1093)
The Hankel matrix spans the restricted behaviour:  rank(H) = Lm+n =  34
Shape of Hankel (32, 1093)
The Hankel matrix spans the restricted behaviour:  rank(H) = Lm+n =  26
Shape of Hankel (32, 1093)
The Hankel matrix spans the restricted behaviour:  rank(H) = Lm+n =  26
Shape of Hankel (40, 1093)
The Hankel matrix spans the restricted behaviour:  rank(H) = Lm+n =  34
Shape of Hankel (40, 1093)
The Hankel matrix spans the restricted behaviour:  rank(H) = Lm+n =  34
Shape of Hankel (32, 1093)
The Hankel matrix spans the restricted behaviour:  rank(H) = Lm+n =  26
Shape of Hankel (40, 1093)
The Hankel matrix spans the restricted behaviour:  rank(H) = Lm+n =  34
Shape of Hankel (32, 1093)
The Hankel matrix spans the restricted behaviour:  rank(H) = Lm+n =  26
Shape of Hankel (32, 1093)
The Hankel matrix spans the restricted behaviour:  rank(H) = Lm+n =  26
Shape of Hankel (40, 1093)
The Hankel matrix spans the restricted behaviour:  rank(H) = Lm+n =  34
Shape of Hankel (40, 1093)
The Hankel matrix spans the restricted behaviour:  rank(H) = Lm+n =  34
Shape of Hankel (32, 1093)
The Hankel matrix spans the restricted behaviour:  rank(H) = Lm+n =  26
Shape of Hankel (32, 1093)
The Hankel matrix spans the restricted behaviour:  rank(H) = Lm+n =  26
Shape of Hankel (32, 1093)
The Hankel matrix spans the restricted behaviour:  rank(H) = Lm+n =  26
Shape of Hankel (40, 1093)
The Hankel matrix spans the restricted behaviour:  rank(H) = Lm+n =  34
Shape of Hankel (40, 1093)
The Hankel matrix spans the restricted behaviour:  rank(H) = Lm+n =  34
Shape of Hankel (40, 1093)
The Hankel matrix spans the restricted behaviour:  rank(H) = Lm+n =  34
Shape of Hankel (40, 1093)
The Hankel matrix spans the restricted behaviour:  rank(H) = Lm+n =  34
Shape of Hankel (24, 1093)
The Hankel matrix spans the restricted behaviour:  rank(H) = Lm+n =  18
Running time of Alberto Algo with 50 iterations:  585.3058921660004
Running time of distributed Algo with 50 outer iter and 5 alternating projection:  361.6661108299995
Running time of Alberto Algo with 50 iterations:  586.1834750970002
Running time of distributed Algo with 50 outer iter and 5 alternating projection:  369.5520556849997
Running time of Alberto Algo with 50 iterations:  587.2149359949999
Running time of distributed Algo with 50 outer iter and 5 alternating projection:  362.19720286200027
mean projection time of each subspace:  0.10648867438996604
Max projection time of each subspace:  0.33609395700023015
Minimum projection time of each subspace:  0.00455617199986591
150
Projection time of total space:  11.832885642999827
Projection time of alternating projection:  7.289116014240044
750
Projection time of inter projection:  0.002797606617335987
Projection onto Cartisian of subspaces time:  1.4550210740746587
vertex connectivity: 1
edge connectivity: 1
(600, 1)
(1554, 1)
Shape of Hankel (1600, 1093)
The Hankel matrix spans the restricted behaviour:  rank(H) = Lm+n =  1000
Shape of Hankel (4144, 1093)
The Hankel matrix does NOT span the restricted behavior: rank(H) = 1000 
 mL+n = 3544
Shape of Hankel (32, 1093)
The Hankel matrix spans the restricted behaviour:  rank(H) = Lm+n =  26
Shape of Hankel (48, 1093)
The Hankel matrix spans the restricted behaviour:  rank(H) = Lm+n =  42
Shape of Hankel (40, 1093)
The Hankel matrix spans the restricted behaviour:  rank(H) = Lm+n =  34
Shape of Hankel (48, 1093)
The Hankel matrix spans the restricted behaviour:  rank(H) = Lm+n =  42
Shape of Hankel (40, 1093)
The Hankel matrix spans the restricted behaviour:  rank(H) = Lm+n =  34
Shape of Hankel (40, 1093)
The Hankel matrix spans the restricted behaviour:  rank(H) = Lm+n =  34
Shape of Hankel (64, 1093)
The Hankel matrix spans the restricted behaviour:  rank(H) = Lm+n =  58
Shape of Hankel (64, 1093)
The Hankel matrix spans the restricted behaviour:  rank(H) = Lm+n =  58
Shape of Hankel (56, 1093)
The Hankel matrix spans the restricted behaviour:  rank(H) = Lm+n =  50
Shape of Hankel (48, 1093)
The Hankel matrix spans the restricted behaviour:  rank(H) = Lm+n =  42
Shape of Hankel (56, 1093)
The Hankel matrix spans the restricted behaviour:  rank(H) = Lm+n =  50
Shape of Hankel (40, 1093)
The Hankel matrix spans the restricted behaviour:  rank(H) = Lm+n =  34
Shape of Hankel (56, 1093)
The Hankel matrix spans the restricted behaviour:  rank(H) = Lm+n =  50
Shape of Hankel (32, 1093)
The Hankel matrix spans the restricted behaviour:  rank(H) = Lm+n =  26
Shape of Hankel (56, 1093)
The Hankel matrix spans the restricted behaviour:  rank(H) = Lm+n =  50
Shape of Hankel (40, 1093)
The Hankel matrix spans the restricted behaviour:  rank(H) = Lm+n =  34
Shape of Hankel (32, 1093)
The Hankel matrix spans the restricted behaviour:  rank(H) = Lm+n =  26
Shape of Hankel (40, 1093)
The Hankel matrix spans the restricted behaviour:  rank(H) = Lm+n =  34
Shape of Hankel (48, 1093)
The Hankel matrix spans the restricted behaviour:  rank(H) = Lm+n =  42
Shape of Hankel (56, 1093)
The Hankel matrix spans the restricted behaviour:  rank(H) = Lm+n =  50
Shape of Hankel (40, 1093)
The Hankel matrix spans the restricted behaviour:  rank(H) = Lm+n =  34
Shape of Hankel (40, 1093)
The Hankel matrix spans the restricted behaviour:  rank(H) = Lm+n =  34
Shape of Hankel (56, 1093)
The Hankel matrix spans the restricted behaviour:  rank(H) = Lm+n =  50
Shape of Hankel (64, 1093)
The Hankel matrix spans the restricted behaviour:  rank(H) = Lm+n =  58
Shape of Hankel (32, 1093)
The Hankel matrix spans the restricted behaviour:  rank(H) = Lm+n =  26
Shape of Hankel (32, 1093)
The Hankel matrix spans the restricted behaviour:  rank(H) = Lm+n =  26
Shape of Hankel (40, 1093)
The Hankel matrix spans the restricted behaviour:  rank(H) = Lm+n =  34
Shape of Hankel (64, 1093)
The Hankel matrix spans the restricted behaviour:  rank(H) = Lm+n =  58
Shape of Hankel (40, 1093)
The Hankel matrix spans the restricted behaviour:  rank(H) = Lm+n =  34
Shape of Hankel (56, 1093)
The Hankel matrix spans the restricted behaviour:  rank(H) = Lm+n =  50
Shape of Hankel (48, 1093)
The Hankel matrix spans the restricted behaviour:  rank(H) = Lm+n =  42
Shape of Hankel (40, 1093)
The Hankel matrix spans the restricted behaviour:  rank(H) = Lm+n =  34
Shape of Hankel (40, 1093)
The Hankel matrix spans the restricted behaviour:  rank(H) = Lm+n =  34
Shape of Hankel (32, 1093)
The Hankel matrix spans the restricted behaviour:  rank(H) = Lm+n =  26
Shape of Hankel (32, 1093)
The Hankel matrix spans the restricted behaviour:  rank(H) = Lm+n =  26
Shape of Hankel (48, 1093)
The Hankel matrix spans the restricted behaviour:  rank(H) = Lm+n =  42
Shape of Hankel (32, 1093)
The Hankel matrix spans the restricted behaviour:  rank(H) = Lm+n =  26
Shape of Hankel (56, 1093)
The Hankel matrix spans the restricted behaviour:  rank(H) = Lm+n =  50
Shape of Hankel (32, 1093)
The Hankel matrix spans the restricted behaviour:  rank(H) = Lm+n =  26
Shape of Hankel (56, 1093)
The Hankel matrix spans the restricted behaviour:  rank(H) = Lm+n =  50
Shape of Hankel (56, 1093)
The Hankel matrix spans the restricted behaviour:  rank(H) = Lm+n =  50
Shape of Hankel (32, 1093)
The Hankel matrix spans the restricted behaviour:  rank(H) = Lm+n =  26
Shape of Hankel (48, 1093)
The Hankel matrix spans the restricted behaviour:  rank(H) = Lm+n =  42
Shape of Hankel (32, 1093)
The Hankel matrix spans the restricted behaviour:  rank(H) = Lm+n =  26
Shape of Hankel (32, 1093)
The Hankel matrix spans the restricted behaviour:  rank(H) = Lm+n =  26
Shape of Hankel (48, 1093)
The Hankel matrix spans the restricted behaviour:  rank(H) = Lm+n =  42
Shape of Hankel (32, 1093)
The Hankel matrix spans the restricted behaviour:  rank(H) = Lm+n =  26
Shape of Hankel (48, 1093)
The Hankel matrix spans the restricted behaviour:  rank(H) = Lm+n =  42
Shape of Hankel (32, 1093)
The Hankel matrix spans the restricted behaviour:  rank(H) = Lm+n =  26
Shape of Hankel (32, 1093)
The Hankel matrix spans the restricted behaviour:  rank(H) = Lm+n =  26
Shape of Hankel (40, 1093)
The Hankel matrix spans the restricted behaviour:  rank(H) = Lm+n =  34
Shape of Hankel (40, 1093)
The Hankel matrix spans the restricted behaviour:  rank(H) = Lm+n =  34
Shape of Hankel (32, 1093)
The Hankel matrix spans the restricted behaviour:  rank(H) = Lm+n =  26
Shape of Hankel (32, 1093)
The Hankel matrix spans the restricted behaviour:  rank(H) = Lm+n =  26
Shape of Hankel (32, 1093)
The Hankel matrix spans the restricted behaviour:  rank(H) = Lm+n =  26
Shape of Hankel (32, 1093)
The Hankel matrix spans the restricted behaviour:  rank(H) = Lm+n =  26
Shape of Hankel (32, 1093)
The Hankel matrix spans the restricted behaviour:  rank(H) = Lm+n =  26
Shape of Hankel (56, 1093)
The Hankel matrix spans the restricted behaviour:  rank(H) = Lm+n =  50
Shape of Hankel (32, 1093)
The Hankel matrix spans the restricted behaviour:  rank(H) = Lm+n =  26
Shape of Hankel (48, 1093)
The Hankel matrix spans the restricted behaviour:  rank(H) = Lm+n =  42
Shape of Hankel (40, 1093)
The Hankel matrix spans the restricted behaviour:  rank(H) = Lm+n =  34
Shape of Hankel (32, 1093)
The Hankel matrix spans the restricted behaviour:  rank(H) = Lm+n =  26
Shape of Hankel (40, 1093)
The Hankel matrix spans the restricted behaviour:  rank(H) = Lm+n =  34
Shape of Hankel (40, 1093)
The Hankel matrix spans the restricted behaviour:  rank(H) = Lm+n =  34
Shape of Hankel (32, 1093)
The Hankel matrix spans the restricted behaviour:  rank(H) = Lm+n =  26
Shape of Hankel (48, 1093)
The Hankel matrix spans the restricted behaviour:  rank(H) = Lm+n =  42
Shape of Hankel (40, 1093)
The Hankel matrix spans the restricted behaviour:  rank(H) = Lm+n =  34
Shape of Hankel (32, 1093)
The Hankel matrix spans the restricted behaviour:  rank(H) = Lm+n =  26
Shape of Hankel (32, 1093)
The Hankel matrix spans the restricted behaviour:  rank(H) = Lm+n =  26
Shape of Hankel (40, 1093)
The Hankel matrix spans the restricted behaviour:  rank(H) = Lm+n =  34
Shape of Hankel (40, 1093)
The Hankel matrix spans the restricted behaviour:  rank(H) = Lm+n =  34
Shape of Hankel (32, 1093)
The Hankel matrix spans the restricted behaviour:  rank(H) = Lm+n =  26
Shape of Hankel (48, 1093)
The Hankel matrix spans the restricted behaviour:  rank(H) = Lm+n =  42
Shape of Hankel (56, 1093)
The Hankel matrix spans the restricted behaviour:  rank(H) = Lm+n =  50
Shape of Hankel (48, 1093)
The Hankel matrix spans the restricted behaviour:  rank(H) = Lm+n =  42
Shape of Hankel (56, 1093)
The Hankel matrix spans the restricted behaviour:  rank(H) = Lm+n =  50
Shape of Hankel (40, 1093)
The Hankel matrix spans the restricted behaviour:  rank(H) = Lm+n =  34
Shape of Hankel (32, 1093)
The Hankel matrix spans the restricted behaviour:  rank(H) = Lm+n =  26
Shape of Hankel (40, 1093)
The Hankel matrix spans the restricted behaviour:  rank(H) = Lm+n =  34
Shape of Hankel (32, 1093)
The Hankel matrix spans the restricted behaviour:  rank(H) = Lm+n =  26
Shape of Hankel (32, 1093)
The Hankel matrix spans the restricted behaviour:  rank(H) = Lm+n =  26
Shape of Hankel (40, 1093)
The Hankel matrix spans the restricted behaviour:  rank(H) = Lm+n =  34
Shape of Hankel (40, 1093)
The Hankel matrix spans the restricted behaviour:  rank(H) = Lm+n =  34
Shape of Hankel (32, 1093)
The Hankel matrix spans the restricted behaviour:  rank(H) = Lm+n =  26
Shape of Hankel (40, 1093)
The Hankel matrix spans the restricted behaviour:  rank(H) = Lm+n =  34
Shape of Hankel (40, 1093)
The Hankel matrix spans the restricted behaviour:  rank(H) = Lm+n =  34
Shape of Hankel (32, 1093)
The Hankel matrix spans the restricted behaviour:  rank(H) = Lm+n =  26
Shape of Hankel (48, 1093)
The Hankel matrix spans the restricted behaviour:  rank(H) = Lm+n =  42
Shape of Hankel (32, 1093)
The Hankel matrix spans the restricted behaviour:  rank(H) = Lm+n =  26
Shape of Hankel (40, 1093)
The Hankel matrix spans the restricted behaviour:  rank(H) = Lm+n =  34
Shape of Hankel (48, 1093)
The Hankel matrix spans the restricted behaviour:  rank(H) = Lm+n =  42
Shape of Hankel (40, 1093)
The Hankel matrix spans the restricted behaviour:  rank(H) = Lm+n =  34
Shape of Hankel (32, 1093)
The Hankel matrix spans the restricted behaviour:  rank(H) = Lm+n =  26
Shape of Hankel (32, 1093)
The Hankel matrix spans the restricted behaviour:  rank(H) = Lm+n =  26
Shape of Hankel (32, 1093)
The Hankel matrix spans the restricted behaviour:  rank(H) = Lm+n =  26
Shape of Hankel (40, 1093)
The Hankel matrix spans the restricted behaviour:  rank(H) = Lm+n =  34
Shape of Hankel (48, 1093)
The Hankel matrix spans the restricted behaviour:  rank(H) = Lm+n =  42
Shape of Hankel (40, 1093)
The Hankel matrix spans the restricted behaviour:  rank(H) = Lm+n =  34
Shape of Hankel (48, 1093)
The Hankel matrix spans the restricted behaviour:  rank(H) = Lm+n =  42
Shape of Hankel (24, 1093)
The Hankel matrix spans the restricted behaviour:  rank(H) = Lm+n =  18
Running time of Alberto Algo with 50 iterations:  585.9486100890008
Running time of distributed Algo with 50 outer iter and 5 alternating projection:  433.011949062
Running time of Alberto Algo with 50 iterations:  583.2209115209989
Running time of distributed Algo with 50 outer iter and 5 alternating projection:  436.5362902020006
Running time of Alberto Algo with 50 iterations:  587.4282028099988
Running time of distributed Algo with 50 outer iter and 5 alternating projection:  429.96137355599967
mean projection time of each subspace:  0.12525510950990792
Max projection time of each subspace:  0.4911550319993694
Minimum projection time of each subspace:  0.007509503000619588
150
Projection time of total space:  11.836872793999646
Projection time of alternating projection:  8.662957075786702
750
Projection time of inter projection:  0.002792589438686264
Projection onto Cartisian of subspaces time:  1.7297945637720744
vertex connectivity: 1
edge connectivity: 1
(600, 1)
(1674, 1)
Shape of Hankel (1600, 1093)
The Hankel matrix spans the restricted behaviour:  rank(H) = Lm+n =  1000
Shape of Hankel (4464, 1093)
The Hankel matrix does NOT span the restricted behavior: rank(H) = 1000 
 mL+n = 3864
Shape of Hankel (32, 1093)
The Hankel matrix spans the restricted behaviour:  rank(H) = Lm+n =  26
Shape of Hankel (48, 1093)
The Hankel matrix spans the restricted behaviour:  rank(H) = Lm+n =  42
Shape of Hankel (40, 1093)
The Hankel matrix spans the restricted behaviour:  rank(H) = Lm+n =  34
Shape of Hankel (48, 1093)
The Hankel matrix spans the restricted behaviour:  rank(H) = Lm+n =  42
Shape of Hankel (40, 1093)
The Hankel matrix spans the restricted behaviour:  rank(H) = Lm+n =  34
Shape of Hankel (40, 1093)
The Hankel matrix spans the restricted behaviour:  rank(H) = Lm+n =  34
Shape of Hankel (80, 1093)
The Hankel matrix spans the restricted behaviour:  rank(H) = Lm+n =  74
Shape of Hankel (64, 1093)
The Hankel matrix spans the restricted behaviour:  rank(H) = Lm+n =  58
Shape of Hankel (56, 1093)
The Hankel matrix spans the restricted behaviour:  rank(H) = Lm+n =  50
Shape of Hankel (48, 1093)
The Hankel matrix spans the restricted behaviour:  rank(H) = Lm+n =  42
Shape of Hankel (56, 1093)
The Hankel matrix spans the restricted behaviour:  rank(H) = Lm+n =  50
Shape of Hankel (40, 1093)
The Hankel matrix spans the restricted behaviour:  rank(H) = Lm+n =  34
Shape of Hankel (56, 1093)
The Hankel matrix spans the restricted behaviour:  rank(H) = Lm+n =  50
Shape of Hankel (40, 1093)
The Hankel matrix spans the restricted behaviour:  rank(H) = Lm+n =  34
Shape of Hankel (64, 1093)
The Hankel matrix spans the restricted behaviour:  rank(H) = Lm+n =  58
Shape of Hankel (48, 1093)
The Hankel matrix spans the restricted behaviour:  rank(H) = Lm+n =  42
Shape of Hankel (48, 1093)
The Hankel matrix spans the restricted behaviour:  rank(H) = Lm+n =  42
Shape of Hankel (40, 1093)
The Hankel matrix spans the restricted behaviour:  rank(H) = Lm+n =  34
Shape of Hankel (48, 1093)
The Hankel matrix spans the restricted behaviour:  rank(H) = Lm+n =  42
Shape of Hankel (64, 1093)
The Hankel matrix spans the restricted behaviour:  rank(H) = Lm+n =  58
Shape of Hankel (40, 1093)
The Hankel matrix spans the restricted behaviour:  rank(H) = Lm+n =  34
Shape of Hankel (48, 1093)
The Hankel matrix spans the restricted behaviour:  rank(H) = Lm+n =  42
Shape of Hankel (56, 1093)
The Hankel matrix spans the restricted behaviour:  rank(H) = Lm+n =  50
Shape of Hankel (64, 1093)
The Hankel matrix spans the restricted behaviour:  rank(H) = Lm+n =  58
Shape of Hankel (40, 1093)
The Hankel matrix spans the restricted behaviour:  rank(H) = Lm+n =  34
Shape of Hankel (32, 1093)
The Hankel matrix spans the restricted behaviour:  rank(H) = Lm+n =  26
Shape of Hankel (40, 1093)
The Hankel matrix spans the restricted behaviour:  rank(H) = Lm+n =  34
Shape of Hankel (64, 1093)
The Hankel matrix spans the restricted behaviour:  rank(H) = Lm+n =  58
Shape of Hankel (48, 1093)
The Hankel matrix spans the restricted behaviour:  rank(H) = Lm+n =  42
Shape of Hankel (56, 1093)
The Hankel matrix spans the restricted behaviour:  rank(H) = Lm+n =  50
Shape of Hankel (48, 1093)
The Hankel matrix spans the restricted behaviour:  rank(H) = Lm+n =  42
Shape of Hankel (40, 1093)
The Hankel matrix spans the restricted behaviour:  rank(H) = Lm+n =  34
Shape of Hankel (40, 1093)
The Hankel matrix spans the restricted behaviour:  rank(H) = Lm+n =  34
Shape of Hankel (32, 1093)
The Hankel matrix spans the restricted behaviour:  rank(H) = Lm+n =  26
Shape of Hankel (32, 1093)
The Hankel matrix spans the restricted behaviour:  rank(H) = Lm+n =  26
Shape of Hankel (48, 1093)
The Hankel matrix spans the restricted behaviour:  rank(H) = Lm+n =  42
Shape of Hankel (32, 1093)
The Hankel matrix spans the restricted behaviour:  rank(H) = Lm+n =  26
Shape of Hankel (64, 1093)
The Hankel matrix spans the restricted behaviour:  rank(H) = Lm+n =  58
Shape of Hankel (40, 1093)
The Hankel matrix spans the restricted behaviour:  rank(H) = Lm+n =  34
Shape of Hankel (56, 1093)
The Hankel matrix spans the restricted behaviour:  rank(H) = Lm+n =  50
Shape of Hankel (64, 1093)
The Hankel matrix spans the restricted behaviour:  rank(H) = Lm+n =  58
Shape of Hankel (32, 1093)
The Hankel matrix spans the restricted behaviour:  rank(H) = Lm+n =  26
Shape of Hankel (48, 1093)
The Hankel matrix spans the restricted behaviour:  rank(H) = Lm+n =  42
Shape of Hankel (32, 1093)
The Hankel matrix spans the restricted behaviour:  rank(H) = Lm+n =  26
Shape of Hankel (48, 1093)
The Hankel matrix spans the restricted behaviour:  rank(H) = Lm+n =  42
Shape of Hankel (48, 1093)
The Hankel matrix spans the restricted behaviour:  rank(H) = Lm+n =  42
Shape of Hankel (40, 1093)
The Hankel matrix spans the restricted behaviour:  rank(H) = Lm+n =  34
Shape of Hankel (48, 1093)
The Hankel matrix spans the restricted behaviour:  rank(H) = Lm+n =  42
Shape of Hankel (40, 1093)
The Hankel matrix spans the restricted behaviour:  rank(H) = Lm+n =  34
Shape of Hankel (40, 1093)
The Hankel matrix spans the restricted behaviour:  rank(H) = Lm+n =  34
Shape of Hankel (48, 1093)
The Hankel matrix spans the restricted behaviour:  rank(H) = Lm+n =  42
Shape of Hankel (40, 1093)
The Hankel matrix spans the restricted behaviour:  rank(H) = Lm+n =  34
Shape of Hankel (32, 1093)
The Hankel matrix spans the restricted behaviour:  rank(H) = Lm+n =  26
Shape of Hankel (40, 1093)
The Hankel matrix spans the restricted behaviour:  rank(H) = Lm+n =  34
Shape of Hankel (40, 1093)
The Hankel matrix spans the restricted behaviour:  rank(H) = Lm+n =  34
Shape of Hankel (32, 1093)
The Hankel matrix spans the restricted behaviour:  rank(H) = Lm+n =  26
Shape of Hankel (40, 1093)
The Hankel matrix spans the restricted behaviour:  rank(H) = Lm+n =  34
Shape of Hankel (56, 1093)
The Hankel matrix spans the restricted behaviour:  rank(H) = Lm+n =  50
Shape of Hankel (32, 1093)
The Hankel matrix spans the restricted behaviour:  rank(H) = Lm+n =  26
Shape of Hankel (56, 1093)
The Hankel matrix spans the restricted behaviour:  rank(H) = Lm+n =  50
Shape of Hankel (40, 1093)
The Hankel matrix spans the restricted behaviour:  rank(H) = Lm+n =  34
Shape of Hankel (32, 1093)
The Hankel matrix spans the restricted behaviour:  rank(H) = Lm+n =  26
Shape of Hankel (56, 1093)
The Hankel matrix spans the restricted behaviour:  rank(H) = Lm+n =  50
Shape of Hankel (40, 1093)
The Hankel matrix spans the restricted behaviour:  rank(H) = Lm+n =  34
Shape of Hankel (40, 1093)
The Hankel matrix spans the restricted behaviour:  rank(H) = Lm+n =  34
Shape of Hankel (72, 1093)
The Hankel matrix spans the restricted behaviour:  rank(H) = Lm+n =  66
Shape of Hankel (48, 1093)
The Hankel matrix spans the restricted behaviour:  rank(H) = Lm+n =  42
Shape of Hankel (32, 1093)
The Hankel matrix spans the restricted behaviour:  rank(H) = Lm+n =  26
Shape of Hankel (48, 1093)
The Hankel matrix spans the restricted behaviour:  rank(H) = Lm+n =  42
Shape of Hankel (48, 1093)
The Hankel matrix spans the restricted behaviour:  rank(H) = Lm+n =  42
Shape of Hankel (48, 1093)
The Hankel matrix spans the restricted behaviour:  rank(H) = Lm+n =  42
Shape of Hankel (32, 1093)
The Hankel matrix spans the restricted behaviour:  rank(H) = Lm+n =  26
Shape of Hankel (48, 1093)
The Hankel matrix spans the restricted behaviour:  rank(H) = Lm+n =  42
Shape of Hankel (56, 1093)
The Hankel matrix spans the restricted behaviour:  rank(H) = Lm+n =  50
Shape of Hankel (48, 1093)
The Hankel matrix spans the restricted behaviour:  rank(H) = Lm+n =  42
Shape of Hankel (56, 1093)
The Hankel matrix spans the restricted behaviour:  rank(H) = Lm+n =  50
Shape of Hankel (40, 1093)
The Hankel matrix spans the restricted behaviour:  rank(H) = Lm+n =  34
Shape of Hankel (32, 1093)
The Hankel matrix spans the restricted behaviour:  rank(H) = Lm+n =  26
Shape of Hankel (40, 1093)
The Hankel matrix spans the restricted behaviour:  rank(H) = Lm+n =  34
Shape of Hankel (32, 1093)
The Hankel matrix spans the restricted behaviour:  rank(H) = Lm+n =  26
Shape of Hankel (32, 1093)
The Hankel matrix spans the restricted behaviour:  rank(H) = Lm+n =  26
Shape of Hankel (56, 1093)
The Hankel matrix spans the restricted behaviour:  rank(H) = Lm+n =  50
Shape of Hankel (40, 1093)
The Hankel matrix spans the restricted behaviour:  rank(H) = Lm+n =  34
Shape of Hankel (32, 1093)
The Hankel matrix spans the restricted behaviour:  rank(H) = Lm+n =  26
Shape of Hankel (40, 1093)
The Hankel matrix spans the restricted behaviour:  rank(H) = Lm+n =  34
Shape of Hankel (40, 1093)
The Hankel matrix spans the restricted behaviour:  rank(H) = Lm+n =  34
Shape of Hankel (32, 1093)
The Hankel matrix spans the restricted behaviour:  rank(H) = Lm+n =  26
Shape of Hankel (48, 1093)
The Hankel matrix spans the restricted behaviour:  rank(H) = Lm+n =  42
Shape of Hankel (32, 1093)
The Hankel matrix spans the restricted behaviour:  rank(H) = Lm+n =  26
Shape of Hankel (48, 1093)
The Hankel matrix spans the restricted behaviour:  rank(H) = Lm+n =  42
Shape of Hankel (48, 1093)
The Hankel matrix spans the restricted behaviour:  rank(H) = Lm+n =  42
Shape of Hankel (40, 1093)
The Hankel matrix spans the restricted behaviour:  rank(H) = Lm+n =  34
Shape of Hankel (40, 1093)
The Hankel matrix spans the restricted behaviour:  rank(H) = Lm+n =  34
Shape of Hankel (32, 1093)
The Hankel matrix spans the restricted behaviour:  rank(H) = Lm+n =  26
Shape of Hankel (32, 1093)
The Hankel matrix spans the restricted behaviour:  rank(H) = Lm+n =  26
Shape of Hankel (40, 1093)
The Hankel matrix spans the restricted behaviour:  rank(H) = Lm+n =  34
Shape of Hankel (48, 1093)
The Hankel matrix spans the restricted behaviour:  rank(H) = Lm+n =  42
Shape of Hankel (40, 1093)
The Hankel matrix spans the restricted behaviour:  rank(H) = Lm+n =  34
Shape of Hankel (56, 1093)
The Hankel matrix spans the restricted behaviour:  rank(H) = Lm+n =  50
Shape of Hankel (24, 1093)
The Hankel matrix spans the restricted behaviour:  rank(H) = Lm+n =  18
Running time of Alberto Algo with 50 iterations:  581.9333252329998
Running time of distributed Algo with 50 outer iter and 5 alternating projection:  502.75725763599985
Running time of Alberto Algo with 50 iterations:  585.4690115530011
Running time of distributed Algo with 50 outer iter and 5 alternating projection:  502.6124736949987
Running time of Alberto Algo with 50 iterations:  583.558205233001
Running time of distributed Algo with 50 outer iter and 5 alternating projection:  508.0234685139985
mean projection time of each subspace:  0.15132857941001931
Max projection time of each subspace:  0.584342142999958
Minimum projection time of each subspace:  0.002455151001413469
150
Projection time of total space:  11.821563240000614
Projection time of alternating projection:  10.088838142806708
750
Projection time of inter projection:  0.00274941048133284
Projection onto Cartisian of subspaces time:  2.0150141495226634
vertex connectivity: 2
edge connectivity: 2
(600, 1)
(1794, 1)
Shape of Hankel (1600, 1093)
The Hankel matrix spans the restricted behaviour:  rank(H) = Lm+n =  1000
Shape of Hankel (4784, 1093)
The Hankel matrix does NOT span the restricted behavior: rank(H) = 1000 
 mL+n = 4184
Shape of Hankel (32, 1093)
The Hankel matrix spans the restricted behaviour:  rank(H) = Lm+n =  26
Shape of Hankel (48, 1093)
The Hankel matrix spans the restricted behaviour:  rank(H) = Lm+n =  42
Shape of Hankel (40, 1093)
The Hankel matrix spans the restricted behaviour:  rank(H) = Lm+n =  34
Shape of Hankel (64, 1093)
The Hankel matrix spans the restricted behaviour:  rank(H) = Lm+n =  58
Shape of Hankel (40, 1093)
The Hankel matrix spans the restricted behaviour:  rank(H) = Lm+n =  34
Shape of Hankel (40, 1093)
The Hankel matrix spans the restricted behaviour:  rank(H) = Lm+n =  34
Shape of Hankel (80, 1093)
The Hankel matrix spans the restricted behaviour:  rank(H) = Lm+n =  74
Shape of Hankel (64, 1093)
The Hankel matrix spans the restricted behaviour:  rank(H) = Lm+n =  58
Shape of Hankel (56, 1093)
The Hankel matrix spans the restricted behaviour:  rank(H) = Lm+n =  50
Shape of Hankel (56, 1093)
The Hankel matrix spans the restricted behaviour:  rank(H) = Lm+n =  50
Shape of Hankel (56, 1093)
The Hankel matrix spans the restricted behaviour:  rank(H) = Lm+n =  50
Shape of Hankel (40, 1093)
The Hankel matrix spans the restricted behaviour:  rank(H) = Lm+n =  34
Shape of Hankel (64, 1093)
The Hankel matrix spans the restricted behaviour:  rank(H) = Lm+n =  58
Shape of Hankel (40, 1093)
The Hankel matrix spans the restricted behaviour:  rank(H) = Lm+n =  34
Shape of Hankel (64, 1093)
The Hankel matrix spans the restricted behaviour:  rank(H) = Lm+n =  58
Shape of Hankel (48, 1093)
The Hankel matrix spans the restricted behaviour:  rank(H) = Lm+n =  42
Shape of Hankel (48, 1093)
The Hankel matrix spans the restricted behaviour:  rank(H) = Lm+n =  42
Shape of Hankel (56, 1093)
The Hankel matrix spans the restricted behaviour:  rank(H) = Lm+n =  50
Shape of Hankel (48, 1093)
The Hankel matrix spans the restricted behaviour:  rank(H) = Lm+n =  42
Shape of Hankel (64, 1093)
The Hankel matrix spans the restricted behaviour:  rank(H) = Lm+n =  58
Shape of Hankel (40, 1093)
The Hankel matrix spans the restricted behaviour:  rank(H) = Lm+n =  34
Shape of Hankel (48, 1093)
The Hankel matrix spans the restricted behaviour:  rank(H) = Lm+n =  42
Shape of Hankel (56, 1093)
The Hankel matrix spans the restricted behaviour:  rank(H) = Lm+n =  50
Shape of Hankel (64, 1093)
The Hankel matrix spans the restricted behaviour:  rank(H) = Lm+n =  58
Shape of Hankel (48, 1093)
The Hankel matrix spans the restricted behaviour:  rank(H) = Lm+n =  42
Shape of Hankel (32, 1093)
The Hankel matrix spans the restricted behaviour:  rank(H) = Lm+n =  26
Shape of Hankel (40, 1093)
The Hankel matrix spans the restricted behaviour:  rank(H) = Lm+n =  34
Shape of Hankel (64, 1093)
The Hankel matrix spans the restricted behaviour:  rank(H) = Lm+n =  58
Shape of Hankel (48, 1093)
The Hankel matrix spans the restricted behaviour:  rank(H) = Lm+n =  42
Shape of Hankel (56, 1093)
The Hankel matrix spans the restricted behaviour:  rank(H) = Lm+n =  50
Shape of Hankel (56, 1093)
The Hankel matrix spans the restricted behaviour:  rank(H) = Lm+n =  50
Shape of Hankel (40, 1093)
The Hankel matrix spans the restricted behaviour:  rank(H) = Lm+n =  34
Shape of Hankel (48, 1093)
The Hankel matrix spans the restricted behaviour:  rank(H) = Lm+n =  42
Shape of Hankel (32, 1093)
The Hankel matrix spans the restricted behaviour:  rank(H) = Lm+n =  26
Shape of Hankel (32, 1093)
The Hankel matrix spans the restricted behaviour:  rank(H) = Lm+n =  26
Shape of Hankel (48, 1093)
The Hankel matrix spans the restricted behaviour:  rank(H) = Lm+n =  42
Shape of Hankel (32, 1093)
The Hankel matrix spans the restricted behaviour:  rank(H) = Lm+n =  26
Shape of Hankel (72, 1093)
The Hankel matrix spans the restricted behaviour:  rank(H) = Lm+n =  66
Shape of Hankel (40, 1093)
The Hankel matrix spans the restricted behaviour:  rank(H) = Lm+n =  34
Shape of Hankel (56, 1093)
The Hankel matrix spans the restricted behaviour:  rank(H) = Lm+n =  50
Shape of Hankel (64, 1093)
The Hankel matrix spans the restricted behaviour:  rank(H) = Lm+n =  58
Shape of Hankel (40, 1093)
The Hankel matrix spans the restricted behaviour:  rank(H) = Lm+n =  34
Shape of Hankel (48, 1093)
The Hankel matrix spans the restricted behaviour:  rank(H) = Lm+n =  42
Shape of Hankel (32, 1093)
The Hankel matrix spans the restricted behaviour:  rank(H) = Lm+n =  26
Shape of Hankel (48, 1093)
The Hankel matrix spans the restricted behaviour:  rank(H) = Lm+n =  42
Shape of Hankel (48, 1093)
The Hankel matrix spans the restricted behaviour:  rank(H) = Lm+n =  42
Shape of Hankel (40, 1093)
The Hankel matrix spans the restricted behaviour:  rank(H) = Lm+n =  34
Shape of Hankel (64, 1093)
The Hankel matrix spans the restricted behaviour:  rank(H) = Lm+n =  58
Shape of Hankel (40, 1093)
The Hankel matrix spans the restricted behaviour:  rank(H) = Lm+n =  34
Shape of Hankel (48, 1093)
The Hankel matrix spans the restricted behaviour:  rank(H) = Lm+n =  42
Shape of Hankel (48, 1093)
The Hankel matrix spans the restricted behaviour:  rank(H) = Lm+n =  42
Shape of Hankel (40, 1093)
The Hankel matrix spans the restricted behaviour:  rank(H) = Lm+n =  34
Shape of Hankel (48, 1093)
The Hankel matrix spans the restricted behaviour:  rank(H) = Lm+n =  42
Shape of Hankel (40, 1093)
The Hankel matrix spans the restricted behaviour:  rank(H) = Lm+n =  34
Shape of Hankel (40, 1093)
The Hankel matrix spans the restricted behaviour:  rank(H) = Lm+n =  34
Shape of Hankel (40, 1093)
The Hankel matrix spans the restricted behaviour:  rank(H) = Lm+n =  34
Shape of Hankel (40, 1093)
The Hankel matrix spans the restricted behaviour:  rank(H) = Lm+n =  34
Shape of Hankel (56, 1093)
The Hankel matrix spans the restricted behaviour:  rank(H) = Lm+n =  50
Shape of Hankel (48, 1093)
The Hankel matrix spans the restricted behaviour:  rank(H) = Lm+n =  42
Shape of Hankel (56, 1093)
The Hankel matrix spans the restricted behaviour:  rank(H) = Lm+n =  50
Shape of Hankel (48, 1093)
The Hankel matrix spans the restricted behaviour:  rank(H) = Lm+n =  42
Shape of Hankel (32, 1093)
The Hankel matrix spans the restricted behaviour:  rank(H) = Lm+n =  26
Shape of Hankel (56, 1093)
The Hankel matrix spans the restricted behaviour:  rank(H) = Lm+n =  50
Shape of Hankel (40, 1093)
The Hankel matrix spans the restricted behaviour:  rank(H) = Lm+n =  34
Shape of Hankel (40, 1093)
The Hankel matrix spans the restricted behaviour:  rank(H) = Lm+n =  34
Shape of Hankel (72, 1093)
The Hankel matrix spans the restricted behaviour:  rank(H) = Lm+n =  66
Shape of Hankel (48, 1093)
The Hankel matrix spans the restricted behaviour:  rank(H) = Lm+n =  42
Shape of Hankel (48, 1093)
The Hankel matrix spans the restricted behaviour:  rank(H) = Lm+n =  42
Shape of Hankel (48, 1093)
The Hankel matrix spans the restricted behaviour:  rank(H) = Lm+n =  42
Shape of Hankel (48, 1093)
The Hankel matrix spans the restricted behaviour:  rank(H) = Lm+n =  42
Shape of Hankel (56, 1093)
The Hankel matrix spans the restricted behaviour:  rank(H) = Lm+n =  50
Shape of Hankel (32, 1093)
The Hankel matrix spans the restricted behaviour:  rank(H) = Lm+n =  26
Shape of Hankel (48, 1093)
The Hankel matrix spans the restricted behaviour:  rank(H) = Lm+n =  42
Shape of Hankel (64, 1093)
The Hankel matrix spans the restricted behaviour:  rank(H) = Lm+n =  58
Shape of Hankel (56, 1093)
The Hankel matrix spans the restricted behaviour:  rank(H) = Lm+n =  50
Shape of Hankel (56, 1093)
The Hankel matrix spans the restricted behaviour:  rank(H) = Lm+n =  50
Shape of Hankel (40, 1093)
The Hankel matrix spans the restricted behaviour:  rank(H) = Lm+n =  34
Shape of Hankel (40, 1093)
The Hankel matrix spans the restricted behaviour:  rank(H) = Lm+n =  34
Shape of Hankel (48, 1093)
The Hankel matrix spans the restricted behaviour:  rank(H) = Lm+n =  42
Shape of Hankel (40, 1093)
The Hankel matrix spans the restricted behaviour:  rank(H) = Lm+n =  34
Shape of Hankel (40, 1093)
The Hankel matrix spans the restricted behaviour:  rank(H) = Lm+n =  34
Shape of Hankel (64, 1093)
The Hankel matrix spans the restricted behaviour:  rank(H) = Lm+n =  58
Shape of Hankel (40, 1093)
The Hankel matrix spans the restricted behaviour:  rank(H) = Lm+n =  34
Shape of Hankel (40, 1093)
The Hankel matrix spans the restricted behaviour:  rank(H) = Lm+n =  34
Shape of Hankel (40, 1093)
The Hankel matrix spans the restricted behaviour:  rank(H) = Lm+n =  34
Shape of Hankel (40, 1093)
The Hankel matrix spans the restricted behaviour:  rank(H) = Lm+n =  34
Shape of Hankel (32, 1093)
The Hankel matrix spans the restricted behaviour:  rank(H) = Lm+n =  26
Shape of Hankel (56, 1093)
The Hankel matrix spans the restricted behaviour:  rank(H) = Lm+n =  50
Shape of Hankel (48, 1093)
The Hankel matrix spans the restricted behaviour:  rank(H) = Lm+n =  42
Shape of Hankel (56, 1093)
The Hankel matrix spans the restricted behaviour:  rank(H) = Lm+n =  50
Shape of Hankel (48, 1093)
The Hankel matrix spans the restricted behaviour:  rank(H) = Lm+n =  42
Shape of Hankel (40, 1093)
The Hankel matrix spans the restricted behaviour:  rank(H) = Lm+n =  34
Shape of Hankel (40, 1093)
The Hankel matrix spans the restricted behaviour:  rank(H) = Lm+n =  34
Shape of Hankel (32, 1093)
The Hankel matrix spans the restricted behaviour:  rank(H) = Lm+n =  26
Shape of Hankel (32, 1093)
The Hankel matrix spans the restricted behaviour:  rank(H) = Lm+n =  26
Shape of Hankel (56, 1093)
The Hankel matrix spans the restricted behaviour:  rank(H) = Lm+n =  50
Shape of Hankel (48, 1093)
The Hankel matrix spans the restricted behaviour:  rank(H) = Lm+n =  42
Shape of Hankel (48, 1093)
The Hankel matrix spans the restricted behaviour:  rank(H) = Lm+n =  42
Shape of Hankel (56, 1093)
The Hankel matrix spans the restricted behaviour:  rank(H) = Lm+n =  50
Shape of Hankel (40, 1093)
The Hankel matrix spans the restricted behaviour:  rank(H) = Lm+n =  34
Running time of Alberto Algo with 50 iterations:  570.7921368919997
Running time of distributed Algo with 50 outer iter and 5 alternating projection:  571.6361478440012
Running time of Alberto Algo with 50 iterations:  569.6630081849999
Running time of distributed Algo with 50 outer iter and 5 alternating projection:  572.7247254420017
Running time of Alberto Algo with 50 iterations:  577.7919253250002
Running time of distributed Algo with 50 outer iter and 5 alternating projection:  578.8143394610015
mean projection time of each subspace:  0.17225472004982292
Max projection time of each subspace:  0.5296099619990855
Minimum projection time of each subspace:  0.014205215997208143
150
Projection time of total space:  11.80301275400052
Projection time of alternating projection:  11.487312543426537
750
Projection time of inter projection:  0.0026954729839950837
Projection onto Cartisian of subspaces time:  2.2947628456666886
vertex connectivity: 2
edge connectivity: 2
(600, 1)
(1914, 1)
Shape of Hankel (1600, 1093)
The Hankel matrix spans the restricted behaviour:  rank(H) = Lm+n =  1000
Shape of Hankel (5104, 1093)
The Hankel matrix does NOT span the restricted behavior: rank(H) = 1000 
 mL+n = 4504
Shape of Hankel (32, 1093)
The Hankel matrix spans the restricted behaviour:  rank(H) = Lm+n =  26
Shape of Hankel (56, 1093)
The Hankel matrix spans the restricted behaviour:  rank(H) = Lm+n =  50
Shape of Hankel (48, 1093)
The Hankel matrix spans the restricted behaviour:  rank(H) = Lm+n =  42
Shape of Hankel (64, 1093)
The Hankel matrix spans the restricted behaviour:  rank(H) = Lm+n =  58
Shape of Hankel (48, 1093)
The Hankel matrix spans the restricted behaviour:  rank(H) = Lm+n =  42
Shape of Hankel (56, 1093)
The Hankel matrix spans the restricted behaviour:  rank(H) = Lm+n =  50
Shape of Hankel (80, 1093)
The Hankel matrix spans the restricted behaviour:  rank(H) = Lm+n =  74
Shape of Hankel (72, 1093)
The Hankel matrix spans the restricted behaviour:  rank(H) = Lm+n =  66
Shape of Hankel (64, 1093)
The Hankel matrix spans the restricted behaviour:  rank(H) = Lm+n =  58
Shape of Hankel (56, 1093)
The Hankel matrix spans the restricted behaviour:  rank(H) = Lm+n =  50
Shape of Hankel (64, 1093)
The Hankel matrix spans the restricted behaviour:  rank(H) = Lm+n =  58
Shape of Hankel (40, 1093)
The Hankel matrix spans the restricted behaviour:  rank(H) = Lm+n =  34
Shape of Hankel (64, 1093)
The Hankel matrix spans the restricted behaviour:  rank(H) = Lm+n =  58
Shape of Hankel (40, 1093)
The Hankel matrix spans the restricted behaviour:  rank(H) = Lm+n =  34
Shape of Hankel (64, 1093)
The Hankel matrix spans the restricted behaviour:  rank(H) = Lm+n =  58
Shape of Hankel (48, 1093)
The Hankel matrix spans the restricted behaviour:  rank(H) = Lm+n =  42
Shape of Hankel (48, 1093)
The Hankel matrix spans the restricted behaviour:  rank(H) = Lm+n =  42
Shape of Hankel (56, 1093)
The Hankel matrix spans the restricted behaviour:  rank(H) = Lm+n =  50
Shape of Hankel (48, 1093)
The Hankel matrix spans the restricted behaviour:  rank(H) = Lm+n =  42
Shape of Hankel (80, 1093)
The Hankel matrix spans the restricted behaviour:  rank(H) = Lm+n =  74
Shape of Hankel (40, 1093)
The Hankel matrix spans the restricted behaviour:  rank(H) = Lm+n =  34
Shape of Hankel (48, 1093)
The Hankel matrix spans the restricted behaviour:  rank(H) = Lm+n =  42
Shape of Hankel (56, 1093)
The Hankel matrix spans the restricted behaviour:  rank(H) = Lm+n =  50
Shape of Hankel (64, 1093)
The Hankel matrix spans the restricted behaviour:  rank(H) = Lm+n =  58
Shape of Hankel (48, 1093)
The Hankel matrix spans the restricted behaviour:  rank(H) = Lm+n =  42
Shape of Hankel (32, 1093)
The Hankel matrix spans the restricted behaviour:  rank(H) = Lm+n =  26
Shape of Hankel (48, 1093)
The Hankel matrix spans the restricted behaviour:  rank(H) = Lm+n =  42
Shape of Hankel (72, 1093)
The Hankel matrix spans the restricted behaviour:  rank(H) = Lm+n =  66
Shape of Hankel (56, 1093)
The Hankel matrix spans the restricted behaviour:  rank(H) = Lm+n =  50
Shape of Hankel (56, 1093)
The Hankel matrix spans the restricted behaviour:  rank(H) = Lm+n =  50
Shape of Hankel (72, 1093)
The Hankel matrix spans the restricted behaviour:  rank(H) = Lm+n =  66
Shape of Hankel (40, 1093)
The Hankel matrix spans the restricted behaviour:  rank(H) = Lm+n =  34
Shape of Hankel (48, 1093)
The Hankel matrix spans the restricted behaviour:  rank(H) = Lm+n =  42
Shape of Hankel (32, 1093)
The Hankel matrix spans the restricted behaviour:  rank(H) = Lm+n =  26
Shape of Hankel (32, 1093)
The Hankel matrix spans the restricted behaviour:  rank(H) = Lm+n =  26
Shape of Hankel (48, 1093)
The Hankel matrix spans the restricted behaviour:  rank(H) = Lm+n =  42
Shape of Hankel (32, 1093)
The Hankel matrix spans the restricted behaviour:  rank(H) = Lm+n =  26
Shape of Hankel (72, 1093)
The Hankel matrix spans the restricted behaviour:  rank(H) = Lm+n =  66
Shape of Hankel (48, 1093)
The Hankel matrix spans the restricted behaviour:  rank(H) = Lm+n =  42
Shape of Hankel (56, 1093)
The Hankel matrix spans the restricted behaviour:  rank(H) = Lm+n =  50
Shape of Hankel (72, 1093)
The Hankel matrix spans the restricted behaviour:  rank(H) = Lm+n =  66
Shape of Hankel (48, 1093)
The Hankel matrix spans the restricted behaviour:  rank(H) = Lm+n =  42
Shape of Hankel (48, 1093)
The Hankel matrix spans the restricted behaviour:  rank(H) = Lm+n =  42
Shape of Hankel (32, 1093)
The Hankel matrix spans the restricted behaviour:  rank(H) = Lm+n =  26
Shape of Hankel (48, 1093)
The Hankel matrix spans the restricted behaviour:  rank(H) = Lm+n =  42
Shape of Hankel (48, 1093)
The Hankel matrix spans the restricted behaviour:  rank(H) = Lm+n =  42
Shape of Hankel (48, 1093)
The Hankel matrix spans the restricted behaviour:  rank(H) = Lm+n =  42
Shape of Hankel (72, 1093)
The Hankel matrix spans the restricted behaviour:  rank(H) = Lm+n =  66
Shape of Hankel (48, 1093)
The Hankel matrix spans the restricted behaviour:  rank(H) = Lm+n =  42
Shape of Hankel (48, 1093)
The Hankel matrix spans the restricted behaviour:  rank(H) = Lm+n =  42
Shape of Hankel (48, 1093)
The Hankel matrix spans the restricted behaviour:  rank(H) = Lm+n =  42
Shape of Hankel (40, 1093)
The Hankel matrix spans the restricted behaviour:  rank(H) = Lm+n =  34
Shape of Hankel (56, 1093)
The Hankel matrix spans the restricted behaviour:  rank(H) = Lm+n =  50
Shape of Hankel (40, 1093)
The Hankel matrix spans the restricted behaviour:  rank(H) = Lm+n =  34
Shape of Hankel (48, 1093)
The Hankel matrix spans the restricted behaviour:  rank(H) = Lm+n =  42
Shape of Hankel (40, 1093)
The Hankel matrix spans the restricted behaviour:  rank(H) = Lm+n =  34
Shape of Hankel (40, 1093)
The Hankel matrix spans the restricted behaviour:  rank(H) = Lm+n =  34
Shape of Hankel (64, 1093)
The Hankel matrix spans the restricted behaviour:  rank(H) = Lm+n =  58
Shape of Hankel (56, 1093)
The Hankel matrix spans the restricted behaviour:  rank(H) = Lm+n =  50
Shape of Hankel (56, 1093)
The Hankel matrix spans the restricted behaviour:  rank(H) = Lm+n =  50
Shape of Hankel (48, 1093)
The Hankel matrix spans the restricted behaviour:  rank(H) = Lm+n =  42
Shape of Hankel (32, 1093)
The Hankel matrix spans the restricted behaviour:  rank(H) = Lm+n =  26
Shape of Hankel (64, 1093)
The Hankel matrix spans the restricted behaviour:  rank(H) = Lm+n =  58
Shape of Hankel (48, 1093)
The Hankel matrix spans the restricted behaviour:  rank(H) = Lm+n =  42
Shape of Hankel (40, 1093)
The Hankel matrix spans the restricted behaviour:  rank(H) = Lm+n =  34
Shape of Hankel (72, 1093)
The Hankel matrix spans the restricted behaviour:  rank(H) = Lm+n =  66
Shape of Hankel (48, 1093)
The Hankel matrix spans the restricted behaviour:  rank(H) = Lm+n =  42
Shape of Hankel (56, 1093)
The Hankel matrix spans the restricted behaviour:  rank(H) = Lm+n =  50
Shape of Hankel (48, 1093)
The Hankel matrix spans the restricted behaviour:  rank(H) = Lm+n =  42
Shape of Hankel (56, 1093)
The Hankel matrix spans the restricted behaviour:  rank(H) = Lm+n =  50
Shape of Hankel (56, 1093)
The Hankel matrix spans the restricted behaviour:  rank(H) = Lm+n =  50
Shape of Hankel (32, 1093)
The Hankel matrix spans the restricted behaviour:  rank(H) = Lm+n =  26
Shape of Hankel (56, 1093)
The Hankel matrix spans the restricted behaviour:  rank(H) = Lm+n =  50
Shape of Hankel (64, 1093)
The Hankel matrix spans the restricted behaviour:  rank(H) = Lm+n =  58
Shape of Hankel (56, 1093)
The Hankel matrix spans the restricted behaviour:  rank(H) = Lm+n =  50
Shape of Hankel (56, 1093)
The Hankel matrix spans the restricted behaviour:  rank(H) = Lm+n =  50
Shape of Hankel (40, 1093)
The Hankel matrix spans the restricted behaviour:  rank(H) = Lm+n =  34
Shape of Hankel (48, 1093)
The Hankel matrix spans the restricted behaviour:  rank(H) = Lm+n =  42
Shape of Hankel (56, 1093)
The Hankel matrix spans the restricted behaviour:  rank(H) = Lm+n =  50
Shape of Hankel (40, 1093)
The Hankel matrix spans the restricted behaviour:  rank(H) = Lm+n =  34
Shape of Hankel (48, 1093)
The Hankel matrix spans the restricted behaviour:  rank(H) = Lm+n =  42
Shape of Hankel (72, 1093)
The Hankel matrix spans the restricted behaviour:  rank(H) = Lm+n =  66
Shape of Hankel (40, 1093)
The Hankel matrix spans the restricted behaviour:  rank(H) = Lm+n =  34
Shape of Hankel (48, 1093)
The Hankel matrix spans the restricted behaviour:  rank(H) = Lm+n =  42
Shape of Hankel (40, 1093)
The Hankel matrix spans the restricted behaviour:  rank(H) = Lm+n =  34
Shape of Hankel (48, 1093)
The Hankel matrix spans the restricted behaviour:  rank(H) = Lm+n =  42
Shape of Hankel (32, 1093)
The Hankel matrix spans the restricted behaviour:  rank(H) = Lm+n =  26
Shape of Hankel (56, 1093)
The Hankel matrix spans the restricted behaviour:  rank(H) = Lm+n =  50
Shape of Hankel (48, 1093)
The Hankel matrix spans the restricted behaviour:  rank(H) = Lm+n =  42
Shape of Hankel (64, 1093)
The Hankel matrix spans the restricted behaviour:  rank(H) = Lm+n =  58
Shape of Hankel (48, 1093)
The Hankel matrix spans the restricted behaviour:  rank(H) = Lm+n =  42
Shape of Hankel (40, 1093)
The Hankel matrix spans the restricted behaviour:  rank(H) = Lm+n =  34
Shape of Hankel (40, 1093)
The Hankel matrix spans the restricted behaviour:  rank(H) = Lm+n =  34
Shape of Hankel (32, 1093)
The Hankel matrix spans the restricted behaviour:  rank(H) = Lm+n =  26
Shape of Hankel (32, 1093)
The Hankel matrix spans the restricted behaviour:  rank(H) = Lm+n =  26
Shape of Hankel (72, 1093)
The Hankel matrix spans the restricted behaviour:  rank(H) = Lm+n =  66
Shape of Hankel (48, 1093)
The Hankel matrix spans the restricted behaviour:  rank(H) = Lm+n =  42
Shape of Hankel (48, 1093)
The Hankel matrix spans the restricted behaviour:  rank(H) = Lm+n =  42
Shape of Hankel (56, 1093)
The Hankel matrix spans the restricted behaviour:  rank(H) = Lm+n =  50
Shape of Hankel (48, 1093)
The Hankel matrix spans the restricted behaviour:  rank(H) = Lm+n =  42
Running time of Alberto Algo with 50 iterations:  574.7738504090012
Running time of distributed Algo with 50 outer iter and 5 alternating projection:  664.0445708249972
Running time of Alberto Algo with 50 iterations:  576.8280157820009
Running time of distributed Algo with 50 outer iter and 5 alternating projection:  663.681108681998
Running time of Alberto Algo with 50 iterations:  583.7676515069979
Running time of distributed Algo with 50 outer iter and 5 alternating projection:  666.7044109859999
mean projection time of each subspace:  0.19611220312013755
Max projection time of each subspace:  0.5146520489979594
Minimum projection time of each subspace:  0.009314982999057975
150
Projection time of total space:  11.900286881002103
Projection time of alternating projection:  13.29559972714674
750
Projection time of inter projection:  0.0029411712200332354
Projection onto Cartisian of subspaces time:  2.6561739037200316
