Eigenvalues:
[0.8+0.17320508j 0.8-0.17320508j]
Is the system stable? -- True
Is the system controllable? True
Is the system observable? True
vertex connectivity: 1
edge connectivity: 1
max U: 9.99288501623052
max Y: 0.19888580871384764
max X: 23.744926287093136
(60, 1)
(114, 1)
Shape of Hankel (160, 193)
The Hankel matrix spans the restricted behaviour:  rank(H) = Lm+n =  100
Shape of Hankel (304, 193)
The Hankel matrix does NOT span the restricted behavior: rank(H) = 100 
 mL+n = 244
Shape of Hankel (24, 193)
The Hankel matrix spans the restricted behaviour:  rank(H) = Lm+n =  18
Shape of Hankel (32, 193)
The Hankel matrix spans the restricted behaviour:  rank(H) = Lm+n =  26
Shape of Hankel (32, 193)
The Hankel matrix spans the restricted behaviour:  rank(H) = Lm+n =  26
Shape of Hankel (32, 193)
The Hankel matrix spans the restricted behaviour:  rank(H) = Lm+n =  26
Shape of Hankel (32, 193)
The Hankel matrix spans the restricted behaviour:  rank(H) = Lm+n =  26
Shape of Hankel (32, 193)
The Hankel matrix spans the restricted behaviour:  rank(H) = Lm+n =  26
Shape of Hankel (32, 193)
The Hankel matrix spans the restricted behaviour:  rank(H) = Lm+n =  26
Shape of Hankel (32, 193)
The Hankel matrix spans the restricted behaviour:  rank(H) = Lm+n =  26
Shape of Hankel (32, 193)
The Hankel matrix spans the restricted behaviour:  rank(H) = Lm+n =  26
Shape of Hankel (24, 193)
The Hankel matrix spans the restricted behaviour:  rank(H) = Lm+n =  18
rank 100
Running time of Alberto Algo with 100 iterations:  6.5669467159999995
[100]
Running time of distributed Algo with 100 outer iter and 10 alternating projection:  35.253888203
Running time of Worst case distributed Algo with 100 outer iter and 10 alternating projection:  21.996857963999986
rank 100
Running time of Alberto Algo with 100 iterations:  6.599043694999999
[100]
Running time of distributed Algo with 100 outer iter and 10 alternating projection:  35.737452269
Running time of Worst case distributed Algo with 100 outer iter and 10 alternating projection:  22.603684837999836
rank 100
Running time of Alberto Algo with 100 iterations:  6.597677568999998
[100]
Running time of distributed Algo with 100 outer iter and 10 alternating projection:  35.696869009
Running time of Worst case distributed Algo with 100 outer iter and 10 alternating projection:  22.676097471999938
rank 100
Running time of Alberto Algo with 100 iterations:  6.5993999979999955
[100]
Running time of distributed Algo with 100 outer iter and 10 alternating projection:  35.54151516799999
Running time of Worst case distributed Algo with 100 outer iter and 10 alternating projection:  22.72316799499879
rank 100
Running time of Alberto Algo with 100 iterations:  6.587363992999997
[100]
Running time of distributed Algo with 100 outer iter and 10 alternating projection:  36.089240663
Running time of Worst case distributed Algo with 100 outer iter and 10 alternating projection:  22.974663017999575
vertex connectivity: 1
edge connectivity: 1
max U: 9.992906735187074
max Y: 0.1934978346816015
max X: 23.2462776388123
(120, 1)
(234, 1)
Shape of Hankel (320, 293)
The Hankel matrix spans the restricted behaviour:  rank(H) = Lm+n =  200
Shape of Hankel (624, 293)
The Hankel matrix does NOT span the restricted behavior: rank(H) = 200 
 mL+n = 504
Shape of Hankel (24, 293)
The Hankel matrix spans the restricted behaviour:  rank(H) = Lm+n =  18
Shape of Hankel (32, 293)
The Hankel matrix spans the restricted behaviour:  rank(H) = Lm+n =  26
Shape of Hankel (32, 293)
The Hankel matrix spans the restricted behaviour:  rank(H) = Lm+n =  26
Shape of Hankel (32, 293)
The Hankel matrix spans the restricted behaviour:  rank(H) = Lm+n =  26
Shape of Hankel (32, 293)
The Hankel matrix spans the restricted behaviour:  rank(H) = Lm+n =  26
Shape of Hankel (32, 293)
The Hankel matrix spans the restricted behaviour:  rank(H) = Lm+n =  26
Shape of Hankel (32, 293)
The Hankel matrix spans the restricted behaviour:  rank(H) = Lm+n =  26
Shape of Hankel (32, 293)
The Hankel matrix spans the restricted behaviour:  rank(H) = Lm+n =  26
Shape of Hankel (32, 293)
The Hankel matrix spans the restricted behaviour:  rank(H) = Lm+n =  26
Shape of Hankel (32, 293)
The Hankel matrix spans the restricted behaviour:  rank(H) = Lm+n =  26
Shape of Hankel (32, 293)
The Hankel matrix spans the restricted behaviour:  rank(H) = Lm+n =  26
Shape of Hankel (32, 293)
The Hankel matrix spans the restricted behaviour:  rank(H) = Lm+n =  26
Shape of Hankel (32, 293)
The Hankel matrix spans the restricted behaviour:  rank(H) = Lm+n =  26
Shape of Hankel (32, 293)
The Hankel matrix spans the restricted behaviour:  rank(H) = Lm+n =  26
Shape of Hankel (32, 293)
The Hankel matrix spans the restricted behaviour:  rank(H) = Lm+n =  26
Shape of Hankel (32, 293)
The Hankel matrix spans the restricted behaviour:  rank(H) = Lm+n =  26
Shape of Hankel (32, 293)
The Hankel matrix spans the restricted behaviour:  rank(H) = Lm+n =  26
Shape of Hankel (32, 293)
The Hankel matrix spans the restricted behaviour:  rank(H) = Lm+n =  26
Shape of Hankel (32, 293)
The Hankel matrix spans the restricted behaviour:  rank(H) = Lm+n =  26
Shape of Hankel (24, 293)
The Hankel matrix spans the restricted behaviour:  rank(H) = Lm+n =  18
rank 200
Running time of Alberto Algo with 100 iterations:  26.208799620000008
[100]
Running time of distributed Algo with 100 outer iter and 10 alternating projection:  77.52682496099999
Running time of Worst case distributed Algo with 100 outer iter and 10 alternating projection:  50.107447264998825
rank 200
Running time of Alberto Algo with 100 iterations:  26.29039061000003
[100]
Running time of distributed Algo with 100 outer iter and 10 alternating projection:  77.253849204
Running time of Worst case distributed Algo with 100 outer iter and 10 alternating projection:  50.29948613000039
rank 200
Running time of Alberto Algo with 100 iterations:  26.23710160899998
[100]
Running time of distributed Algo with 100 outer iter and 10 alternating projection:  71.76324487899996
Running time of Worst case distributed Algo with 100 outer iter and 10 alternating projection:  45.18283915699959
rank 200
Running time of Alberto Algo with 100 iterations:  25.877948296
[100]
Running time of distributed Algo with 100 outer iter and 10 alternating projection:  77.66233849899993
Running time of Worst case distributed Algo with 100 outer iter and 10 alternating projection:  49.79045101300062
rank 200
Running time of Alberto Algo with 100 iterations:  26.11298531700004
[100]
Running time of distributed Algo with 100 outer iter and 10 alternating projection:  76.67867235300002
Running time of Worst case distributed Algo with 100 outer iter and 10 alternating projection:  49.23495405100198
vertex connectivity: 1
edge connectivity: 1
max U: 9.99694542427125
max Y: 0.20859555220677697
max X: 22.66228827643994
(180, 1)
(354, 1)
Shape of Hankel (480, 393)
The Hankel matrix spans the restricted behaviour:  rank(H) = Lm+n =  300
Shape of Hankel (944, 393)
The Hankel matrix does NOT span the restricted behavior: rank(H) = 300 
 mL+n = 764
Shape of Hankel (24, 393)
The Hankel matrix spans the restricted behaviour:  rank(H) = Lm+n =  18
Shape of Hankel (32, 393)
The Hankel matrix spans the restricted behaviour:  rank(H) = Lm+n =  26
Shape of Hankel (32, 393)
The Hankel matrix spans the restricted behaviour:  rank(H) = Lm+n =  26
Shape of Hankel (32, 393)
The Hankel matrix spans the restricted behaviour:  rank(H) = Lm+n =  26
Shape of Hankel (32, 393)
The Hankel matrix spans the restricted behaviour:  rank(H) = Lm+n =  26
Shape of Hankel (32, 393)
The Hankel matrix spans the restricted behaviour:  rank(H) = Lm+n =  26
Shape of Hankel (32, 393)
The Hankel matrix spans the restricted behaviour:  rank(H) = Lm+n =  26
Shape of Hankel (32, 393)
The Hankel matrix spans the restricted behaviour:  rank(H) = Lm+n =  26
Shape of Hankel (32, 393)
The Hankel matrix spans the restricted behaviour:  rank(H) = Lm+n =  26
Shape of Hankel (32, 393)
The Hankel matrix spans the restricted behaviour:  rank(H) = Lm+n =  26
Shape of Hankel (32, 393)
The Hankel matrix spans the restricted behaviour:  rank(H) = Lm+n =  26
Shape of Hankel (32, 393)
The Hankel matrix spans the restricted behaviour:  rank(H) = Lm+n =  26
Shape of Hankel (32, 393)
The Hankel matrix spans the restricted behaviour:  rank(H) = Lm+n =  26
Shape of Hankel (32, 393)
The Hankel matrix spans the restricted behaviour:  rank(H) = Lm+n =  26
Shape of Hankel (32, 393)
The Hankel matrix spans the restricted behaviour:  rank(H) = Lm+n =  26
Shape of Hankel (32, 393)
The Hankel matrix spans the restricted behaviour:  rank(H) = Lm+n =  26
Shape of Hankel (32, 393)
The Hankel matrix spans the restricted behaviour:  rank(H) = Lm+n =  26
Shape of Hankel (32, 393)
The Hankel matrix spans the restricted behaviour:  rank(H) = Lm+n =  26
Shape of Hankel (32, 393)
The Hankel matrix spans the restricted behaviour:  rank(H) = Lm+n =  26
Shape of Hankel (32, 393)
The Hankel matrix spans the restricted behaviour:  rank(H) = Lm+n =  26
Shape of Hankel (32, 393)
The Hankel matrix spans the restricted behaviour:  rank(H) = Lm+n =  26
Shape of Hankel (32, 393)
The Hankel matrix spans the restricted behaviour:  rank(H) = Lm+n =  26
Shape of Hankel (32, 393)
The Hankel matrix spans the restricted behaviour:  rank(H) = Lm+n =  26
Shape of Hankel (32, 393)
The Hankel matrix spans the restricted behaviour:  rank(H) = Lm+n =  26
Shape of Hankel (32, 393)
The Hankel matrix spans the restricted behaviour:  rank(H) = Lm+n =  26
Shape of Hankel (32, 393)
The Hankel matrix spans the restricted behaviour:  rank(H) = Lm+n =  26
Shape of Hankel (32, 393)
The Hankel matrix spans the restricted behaviour:  rank(H) = Lm+n =  26
Shape of Hankel (32, 393)
The Hankel matrix spans the restricted behaviour:  rank(H) = Lm+n =  26
Shape of Hankel (32, 393)
The Hankel matrix spans the restricted behaviour:  rank(H) = Lm+n =  26
Shape of Hankel (24, 393)
The Hankel matrix spans the restricted behaviour:  rank(H) = Lm+n =  18
rank 300
Running time of Alberto Algo with 100 iterations:  57.76946939600009
[100]
Running time of distributed Algo with 100 outer iter and 10 alternating projection:  116.63445424700001
Running time of Worst case distributed Algo with 100 outer iter and 10 alternating projection:  73.18838786599758
rank 300
Running time of Alberto Algo with 100 iterations:  58.56889268500004
[100]
Running time of distributed Algo with 100 outer iter and 10 alternating projection:  114.86920635099989
Running time of Worst case distributed Algo with 100 outer iter and 10 alternating projection:  71.9771675399976
rank 300
Running time of Alberto Algo with 100 iterations:  58.99350709300006
[100]
Running time of distributed Algo with 100 outer iter and 10 alternating projection:  115.74291237800003
Running time of Worst case distributed Algo with 100 outer iter and 10 alternating projection:  73.12192406099939
rank 300
Running time of Alberto Algo with 100 iterations:  58.333393706999914
[100]
Running time of distributed Algo with 100 outer iter and 10 alternating projection:  113.803318794
Running time of Worst case distributed Algo with 100 outer iter and 10 alternating projection:  70.39959939799883
rank 300
Running time of Alberto Algo with 100 iterations:  58.505706590000045
[100]
Running time of distributed Algo with 100 outer iter and 10 alternating projection:  116.16763228199989
Running time of Worst case distributed Algo with 100 outer iter and 10 alternating projection:  71.24182619399608
vertex connectivity: 1
edge connectivity: 1
max U: 9.99737223152254
max Y: 0.24858344304669103
max X: 25.110864235386742
(240, 1)
(474, 1)
Shape of Hankel (640, 493)
The Hankel matrix spans the restricted behaviour:  rank(H) = Lm+n =  400
Shape of Hankel (1264, 493)
The Hankel matrix does NOT span the restricted behavior: rank(H) = 400 
 mL+n = 1024
Shape of Hankel (24, 493)
The Hankel matrix spans the restricted behaviour:  rank(H) = Lm+n =  18
Shape of Hankel (32, 493)
The Hankel matrix spans the restricted behaviour:  rank(H) = Lm+n =  26
Shape of Hankel (32, 493)
The Hankel matrix spans the restricted behaviour:  rank(H) = Lm+n =  26
Shape of Hankel (32, 493)
The Hankel matrix spans the restricted behaviour:  rank(H) = Lm+n =  26
Shape of Hankel (32, 493)
The Hankel matrix spans the restricted behaviour:  rank(H) = Lm+n =  26
Shape of Hankel (32, 493)
The Hankel matrix spans the restricted behaviour:  rank(H) = Lm+n =  26
Shape of Hankel (32, 493)
The Hankel matrix spans the restricted behaviour:  rank(H) = Lm+n =  26
Shape of Hankel (32, 493)
The Hankel matrix spans the restricted behaviour:  rank(H) = Lm+n =  26
Shape of Hankel (32, 493)
The Hankel matrix spans the restricted behaviour:  rank(H) = Lm+n =  26
Shape of Hankel (32, 493)
The Hankel matrix spans the restricted behaviour:  rank(H) = Lm+n =  26
Shape of Hankel (32, 493)
The Hankel matrix spans the restricted behaviour:  rank(H) = Lm+n =  26
Shape of Hankel (32, 493)
The Hankel matrix spans the restricted behaviour:  rank(H) = Lm+n =  26
Shape of Hankel (32, 493)
The Hankel matrix spans the restricted behaviour:  rank(H) = Lm+n =  26
Shape of Hankel (32, 493)
The Hankel matrix spans the restricted behaviour:  rank(H) = Lm+n =  26
Shape of Hankel (32, 493)
The Hankel matrix spans the restricted behaviour:  rank(H) = Lm+n =  26
Shape of Hankel (32, 493)
The Hankel matrix spans the restricted behaviour:  rank(H) = Lm+n =  26
Shape of Hankel (32, 493)
The Hankel matrix spans the restricted behaviour:  rank(H) = Lm+n =  26
Shape of Hankel (32, 493)
The Hankel matrix spans the restricted behaviour:  rank(H) = Lm+n =  26
Shape of Hankel (32, 493)
The Hankel matrix spans the restricted behaviour:  rank(H) = Lm+n =  26
Shape of Hankel (32, 493)
The Hankel matrix spans the restricted behaviour:  rank(H) = Lm+n =  26
Shape of Hankel (32, 493)
The Hankel matrix spans the restricted behaviour:  rank(H) = Lm+n =  26
Shape of Hankel (32, 493)
The Hankel matrix spans the restricted behaviour:  rank(H) = Lm+n =  26
Shape of Hankel (32, 493)
The Hankel matrix spans the restricted behaviour:  rank(H) = Lm+n =  26
Shape of Hankel (32, 493)
The Hankel matrix spans the restricted behaviour:  rank(H) = Lm+n =  26
Shape of Hankel (32, 493)
The Hankel matrix spans the restricted behaviour:  rank(H) = Lm+n =  26
Shape of Hankel (32, 493)
The Hankel matrix spans the restricted behaviour:  rank(H) = Lm+n =  26
Shape of Hankel (32, 493)
The Hankel matrix spans the restricted behaviour:  rank(H) = Lm+n =  26
Shape of Hankel (32, 493)
The Hankel matrix spans the restricted behaviour:  rank(H) = Lm+n =  26
Shape of Hankel (32, 493)
The Hankel matrix spans the restricted behaviour:  rank(H) = Lm+n =  26
Shape of Hankel (32, 493)
The Hankel matrix spans the restricted behaviour:  rank(H) = Lm+n =  26
Shape of Hankel (32, 493)
The Hankel matrix spans the restricted behaviour:  rank(H) = Lm+n =  26
Shape of Hankel (32, 493)
The Hankel matrix spans the restricted behaviour:  rank(H) = Lm+n =  26
Shape of Hankel (32, 493)
The Hankel matrix spans the restricted behaviour:  rank(H) = Lm+n =  26
Shape of Hankel (32, 493)
The Hankel matrix spans the restricted behaviour:  rank(H) = Lm+n =  26
Shape of Hankel (32, 493)
The Hankel matrix spans the restricted behaviour:  rank(H) = Lm+n =  26
Shape of Hankel (32, 493)
The Hankel matrix spans the restricted behaviour:  rank(H) = Lm+n =  26
Shape of Hankel (32, 493)
The Hankel matrix spans the restricted behaviour:  rank(H) = Lm+n =  26
Shape of Hankel (32, 493)
The Hankel matrix spans the restricted behaviour:  rank(H) = Lm+n =  26
Shape of Hankel (32, 493)
The Hankel matrix spans the restricted behaviour:  rank(H) = Lm+n =  26
Shape of Hankel (24, 493)
The Hankel matrix spans the restricted behaviour:  rank(H) = Lm+n =  18
rank 400
Running time of Alberto Algo with 100 iterations:  104.58968669799992
[100]
Running time of distributed Algo with 100 outer iter and 10 alternating projection:  156.15138321199993
Running time of Worst case distributed Algo with 100 outer iter and 10 alternating projection:  92.49957251499904
rank 400
Running time of Alberto Algo with 100 iterations:  102.46255783100014
[100]
Running time of distributed Algo with 100 outer iter and 10 alternating projection:  161.78823738200026
Running time of Worst case distributed Algo with 100 outer iter and 10 alternating projection:  97.06313598199267
rank 400
Running time of Alberto Algo with 100 iterations:  104.31127874499998
[100]
Running time of distributed Algo with 100 outer iter and 10 alternating projection:  167.64806721600007
Running time of Worst case distributed Algo with 100 outer iter and 10 alternating projection:  101.45383622798954
rank 400
Running time of Alberto Algo with 100 iterations:  104.10674162100031
[100]
Running time of distributed Algo with 100 outer iter and 10 alternating projection:  163.01191541800017
Running time of Worst case distributed Algo with 100 outer iter and 10 alternating projection:  98.13270470400539
rank 400
Running time of Alberto Algo with 100 iterations:  104.69734381600028
[100]
Running time of distributed Algo with 100 outer iter and 10 alternating projection:  167.41226414599987
Running time of Worst case distributed Algo with 100 outer iter and 10 alternating projection:  103.8952458820022
vertex connectivity: 1
edge connectivity: 1
max U: 9.99834513737055
max Y: 0.269193923764061
max X: 26.465357952599984
(300, 1)
(594, 1)
Shape of Hankel (800, 593)
The Hankel matrix spans the restricted behaviour:  rank(H) = Lm+n =  500
Shape of Hankel (1584, 593)
The Hankel matrix does NOT span the restricted behavior: rank(H) = 500 
 mL+n = 1284
Shape of Hankel (24, 593)
The Hankel matrix spans the restricted behaviour:  rank(H) = Lm+n =  18
Shape of Hankel (32, 593)
The Hankel matrix spans the restricted behaviour:  rank(H) = Lm+n =  26
Shape of Hankel (32, 593)
The Hankel matrix spans the restricted behaviour:  rank(H) = Lm+n =  26
Shape of Hankel (32, 593)
The Hankel matrix spans the restricted behaviour:  rank(H) = Lm+n =  26
Shape of Hankel (32, 593)
The Hankel matrix spans the restricted behaviour:  rank(H) = Lm+n =  26
Shape of Hankel (32, 593)
The Hankel matrix spans the restricted behaviour:  rank(H) = Lm+n =  26
Shape of Hankel (32, 593)
The Hankel matrix spans the restricted behaviour:  rank(H) = Lm+n =  26
Shape of Hankel (32, 593)
The Hankel matrix spans the restricted behaviour:  rank(H) = Lm+n =  26
Shape of Hankel (32, 593)
The Hankel matrix spans the restricted behaviour:  rank(H) = Lm+n =  26
Shape of Hankel (32, 593)
The Hankel matrix spans the restricted behaviour:  rank(H) = Lm+n =  26
Shape of Hankel (32, 593)
The Hankel matrix spans the restricted behaviour:  rank(H) = Lm+n =  26
Shape of Hankel (32, 593)
The Hankel matrix spans the restricted behaviour:  rank(H) = Lm+n =  26
Shape of Hankel (32, 593)
The Hankel matrix spans the restricted behaviour:  rank(H) = Lm+n =  26
Shape of Hankel (32, 593)
The Hankel matrix spans the restricted behaviour:  rank(H) = Lm+n =  26
Shape of Hankel (32, 593)
The Hankel matrix spans the restricted behaviour:  rank(H) = Lm+n =  26
Shape of Hankel (32, 593)
The Hankel matrix spans the restricted behaviour:  rank(H) = Lm+n =  26
Shape of Hankel (32, 593)
The Hankel matrix spans the restricted behaviour:  rank(H) = Lm+n =  26
Shape of Hankel (32, 593)
The Hankel matrix spans the restricted behaviour:  rank(H) = Lm+n =  26
Shape of Hankel (32, 593)
The Hankel matrix spans the restricted behaviour:  rank(H) = Lm+n =  26
Shape of Hankel (32, 593)
The Hankel matrix spans the restricted behaviour:  rank(H) = Lm+n =  26
Shape of Hankel (32, 593)
The Hankel matrix spans the restricted behaviour:  rank(H) = Lm+n =  26
Shape of Hankel (32, 593)
The Hankel matrix spans the restricted behaviour:  rank(H) = Lm+n =  26
Shape of Hankel (32, 593)
The Hankel matrix spans the restricted behaviour:  rank(H) = Lm+n =  26
Shape of Hankel (32, 593)
The Hankel matrix spans the restricted behaviour:  rank(H) = Lm+n =  26
Shape of Hankel (32, 593)
The Hankel matrix spans the restricted behaviour:  rank(H) = Lm+n =  26
Shape of Hankel (32, 593)
The Hankel matrix spans the restricted behaviour:  rank(H) = Lm+n =  26
Shape of Hankel (32, 593)
The Hankel matrix spans the restricted behaviour:  rank(H) = Lm+n =  26
Shape of Hankel (32, 593)
The Hankel matrix spans the restricted behaviour:  rank(H) = Lm+n =  26
Shape of Hankel (32, 593)
The Hankel matrix spans the restricted behaviour:  rank(H) = Lm+n =  26
Shape of Hankel (32, 593)
The Hankel matrix spans the restricted behaviour:  rank(H) = Lm+n =  26
Shape of Hankel (32, 593)
The Hankel matrix spans the restricted behaviour:  rank(H) = Lm+n =  26
Shape of Hankel (32, 593)
The Hankel matrix spans the restricted behaviour:  rank(H) = Lm+n =  26
Shape of Hankel (32, 593)
The Hankel matrix spans the restricted behaviour:  rank(H) = Lm+n =  26
Shape of Hankel (32, 593)
The Hankel matrix spans the restricted behaviour:  rank(H) = Lm+n =  26
Shape of Hankel (32, 593)
The Hankel matrix spans the restricted behaviour:  rank(H) = Lm+n =  26
Shape of Hankel (32, 593)
The Hankel matrix spans the restricted behaviour:  rank(H) = Lm+n =  26
Shape of Hankel (32, 593)
The Hankel matrix spans the restricted behaviour:  rank(H) = Lm+n =  26
Shape of Hankel (32, 593)
The Hankel matrix spans the restricted behaviour:  rank(H) = Lm+n =  26
Shape of Hankel (32, 593)
The Hankel matrix spans the restricted behaviour:  rank(H) = Lm+n =  26
Shape of Hankel (32, 593)
The Hankel matrix spans the restricted behaviour:  rank(H) = Lm+n =  26
Shape of Hankel (32, 593)
The Hankel matrix spans the restricted behaviour:  rank(H) = Lm+n =  26
Shape of Hankel (32, 593)
The Hankel matrix spans the restricted behaviour:  rank(H) = Lm+n =  26
Shape of Hankel (32, 593)
The Hankel matrix spans the restricted behaviour:  rank(H) = Lm+n =  26
Shape of Hankel (32, 593)
The Hankel matrix spans the restricted behaviour:  rank(H) = Lm+n =  26
Shape of Hankel (32, 593)
The Hankel matrix spans the restricted behaviour:  rank(H) = Lm+n =  26
Shape of Hankel (32, 593)
The Hankel matrix spans the restricted behaviour:  rank(H) = Lm+n =  26
Shape of Hankel (32, 593)
The Hankel matrix spans the restricted behaviour:  rank(H) = Lm+n =  26
Shape of Hankel (32, 593)
The Hankel matrix spans the restricted behaviour:  rank(H) = Lm+n =  26
Shape of Hankel (32, 593)
The Hankel matrix spans the restricted behaviour:  rank(H) = Lm+n =  26
Shape of Hankel (24, 593)
The Hankel matrix spans the restricted behaviour:  rank(H) = Lm+n =  18
rank 500
Running time of Alberto Algo with 100 iterations:  159.70773804100008
[100]
Running time of distributed Algo with 100 outer iter and 10 alternating projection:  211.11052984800017
Running time of Worst case distributed Algo with 100 outer iter and 10 alternating projection:  123.04561387598187
rank 500
Running time of Alberto Algo with 100 iterations:  162.61442271499982
[100]
Running time of distributed Algo with 100 outer iter and 10 alternating projection:  213.55979148000006
Running time of Worst case distributed Algo with 100 outer iter and 10 alternating projection:  123.07933435101495
rank 500
Running time of Alberto Algo with 100 iterations:  162.51576274499985
[100]
Running time of distributed Algo with 100 outer iter and 10 alternating projection:  210.2808544300001
Running time of Worst case distributed Algo with 100 outer iter and 10 alternating projection:  122.6298427120123
rank 500
Running time of Alberto Algo with 100 iterations:  162.49653340800023
[100]
Running time of distributed Algo with 100 outer iter and 10 alternating projection:  220.83332511799927
Running time of Worst case distributed Algo with 100 outer iter and 10 alternating projection:  129.84542077602055
rank 500
Running time of Alberto Algo with 100 iterations:  163.514587269
[100]
Running time of distributed Algo with 100 outer iter and 10 alternating projection:  220.95884766400013
Running time of Worst case distributed Algo with 100 outer iter and 10 alternating projection:  126.27135718399313
vertex connectivity: 1
edge connectivity: 1
max U: 9.999121644234474
max Y: 0.2549998002777113
max X: 26.88930414438555
(360, 1)
(714, 1)
Shape of Hankel (960, 693)
The Hankel matrix spans the restricted behaviour:  rank(H) = Lm+n =  600
Shape of Hankel (1904, 693)
The Hankel matrix does NOT span the restricted behavior: rank(H) = 600 
 mL+n = 1544
Shape of Hankel (24, 693)
The Hankel matrix spans the restricted behaviour:  rank(H) = Lm+n =  18
Shape of Hankel (32, 693)
The Hankel matrix spans the restricted behaviour:  rank(H) = Lm+n =  26
Shape of Hankel (32, 693)
The Hankel matrix spans the restricted behaviour:  rank(H) = Lm+n =  26
Shape of Hankel (32, 693)
The Hankel matrix spans the restricted behaviour:  rank(H) = Lm+n =  26
Shape of Hankel (32, 693)
The Hankel matrix spans the restricted behaviour:  rank(H) = Lm+n =  26
Shape of Hankel (32, 693)
The Hankel matrix spans the restricted behaviour:  rank(H) = Lm+n =  26
Shape of Hankel (32, 693)
The Hankel matrix spans the restricted behaviour:  rank(H) = Lm+n =  26
Shape of Hankel (32, 693)
The Hankel matrix spans the restricted behaviour:  rank(H) = Lm+n =  26
Shape of Hankel (32, 693)
The Hankel matrix spans the restricted behaviour:  rank(H) = Lm+n =  26
Shape of Hankel (32, 693)
The Hankel matrix spans the restricted behaviour:  rank(H) = Lm+n =  26
Shape of Hankel (32, 693)
The Hankel matrix spans the restricted behaviour:  rank(H) = Lm+n =  26
Shape of Hankel (32, 693)
The Hankel matrix spans the restricted behaviour:  rank(H) = Lm+n =  26
Shape of Hankel (32, 693)
The Hankel matrix spans the restricted behaviour:  rank(H) = Lm+n =  26
Shape of Hankel (32, 693)
The Hankel matrix spans the restricted behaviour:  rank(H) = Lm+n =  26
Shape of Hankel (32, 693)
The Hankel matrix spans the restricted behaviour:  rank(H) = Lm+n =  26
Shape of Hankel (32, 693)
The Hankel matrix spans the restricted behaviour:  rank(H) = Lm+n =  26
Shape of Hankel (32, 693)
The Hankel matrix spans the restricted behaviour:  rank(H) = Lm+n =  26
Shape of Hankel (32, 693)
The Hankel matrix spans the restricted behaviour:  rank(H) = Lm+n =  26
Shape of Hankel (32, 693)
The Hankel matrix spans the restricted behaviour:  rank(H) = Lm+n =  26
Shape of Hankel (32, 693)
The Hankel matrix spans the restricted behaviour:  rank(H) = Lm+n =  26
Shape of Hankel (32, 693)
The Hankel matrix spans the restricted behaviour:  rank(H) = Lm+n =  26
Shape of Hankel (32, 693)
The Hankel matrix spans the restricted behaviour:  rank(H) = Lm+n =  26
Shape of Hankel (32, 693)
The Hankel matrix spans the restricted behaviour:  rank(H) = Lm+n =  26
Shape of Hankel (32, 693)
The Hankel matrix spans the restricted behaviour:  rank(H) = Lm+n =  26
Shape of Hankel (32, 693)
The Hankel matrix spans the restricted behaviour:  rank(H) = Lm+n =  26
Shape of Hankel (32, 693)
The Hankel matrix spans the restricted behaviour:  rank(H) = Lm+n =  26
Shape of Hankel (32, 693)
The Hankel matrix spans the restricted behaviour:  rank(H) = Lm+n =  26
Shape of Hankel (32, 693)
The Hankel matrix spans the restricted behaviour:  rank(H) = Lm+n =  26
Shape of Hankel (32, 693)
The Hankel matrix spans the restricted behaviour:  rank(H) = Lm+n =  26
Shape of Hankel (32, 693)
The Hankel matrix spans the restricted behaviour:  rank(H) = Lm+n =  26
Shape of Hankel (32, 693)
The Hankel matrix spans the restricted behaviour:  rank(H) = Lm+n =  26
Shape of Hankel (32, 693)
The Hankel matrix spans the restricted behaviour:  rank(H) = Lm+n =  26
Shape of Hankel (32, 693)
The Hankel matrix spans the restricted behaviour:  rank(H) = Lm+n =  26
Shape of Hankel (32, 693)
The Hankel matrix spans the restricted behaviour:  rank(H) = Lm+n =  26
Shape of Hankel (32, 693)
The Hankel matrix spans the restricted behaviour:  rank(H) = Lm+n =  26
Shape of Hankel (32, 693)
The Hankel matrix spans the restricted behaviour:  rank(H) = Lm+n =  26
Shape of Hankel (32, 693)
The Hankel matrix spans the restricted behaviour:  rank(H) = Lm+n =  26
Shape of Hankel (32, 693)
The Hankel matrix spans the restricted behaviour:  rank(H) = Lm+n =  26
Shape of Hankel (32, 693)
The Hankel matrix spans the restricted behaviour:  rank(H) = Lm+n =  26
Shape of Hankel (32, 693)
The Hankel matrix spans the restricted behaviour:  rank(H) = Lm+n =  26
Shape of Hankel (32, 693)
The Hankel matrix spans the restricted behaviour:  rank(H) = Lm+n =  26
Shape of Hankel (32, 693)
The Hankel matrix spans the restricted behaviour:  rank(H) = Lm+n =  26
Shape of Hankel (32, 693)
The Hankel matrix spans the restricted behaviour:  rank(H) = Lm+n =  26
Shape of Hankel (32, 693)
The Hankel matrix spans the restricted behaviour:  rank(H) = Lm+n =  26
Shape of Hankel (32, 693)
The Hankel matrix spans the restricted behaviour:  rank(H) = Lm+n =  26
Shape of Hankel (32, 693)
The Hankel matrix spans the restricted behaviour:  rank(H) = Lm+n =  26
Shape of Hankel (32, 693)
The Hankel matrix spans the restricted behaviour:  rank(H) = Lm+n =  26
Shape of Hankel (32, 693)
The Hankel matrix spans the restricted behaviour:  rank(H) = Lm+n =  26
Shape of Hankel (32, 693)
The Hankel matrix spans the restricted behaviour:  rank(H) = Lm+n =  26
Shape of Hankel (32, 693)
The Hankel matrix spans the restricted behaviour:  rank(H) = Lm+n =  26
Shape of Hankel (32, 693)
The Hankel matrix spans the restricted behaviour:  rank(H) = Lm+n =  26
Shape of Hankel (32, 693)
The Hankel matrix spans the restricted behaviour:  rank(H) = Lm+n =  26
Shape of Hankel (32, 693)
The Hankel matrix spans the restricted behaviour:  rank(H) = Lm+n =  26
Shape of Hankel (32, 693)
The Hankel matrix spans the restricted behaviour:  rank(H) = Lm+n =  26
Shape of Hankel (32, 693)
The Hankel matrix spans the restricted behaviour:  rank(H) = Lm+n =  26
Shape of Hankel (32, 693)
The Hankel matrix spans the restricted behaviour:  rank(H) = Lm+n =  26
Shape of Hankel (32, 693)
The Hankel matrix spans the restricted behaviour:  rank(H) = Lm+n =  26
Shape of Hankel (32, 693)
The Hankel matrix spans the restricted behaviour:  rank(H) = Lm+n =  26
Shape of Hankel (32, 693)
The Hankel matrix spans the restricted behaviour:  rank(H) = Lm+n =  26
Shape of Hankel (24, 693)
The Hankel matrix spans the restricted behaviour:  rank(H) = Lm+n =  18
rank 600
Running time of Alberto Algo with 100 iterations:  235.09442786199997
[100]
Running time of distributed Algo with 100 outer iter and 10 alternating projection:  260.2229161340001
Running time of Worst case distributed Algo with 100 outer iter and 10 alternating projection:  141.74541632603086
rank 600
Running time of Alberto Algo with 100 iterations:  238.1343767190001
[100]
Running time of distributed Algo with 100 outer iter and 10 alternating projection:  259.6546471019992
Running time of Worst case distributed Algo with 100 outer iter and 10 alternating projection:  145.02257490502325
rank 600
Running time of Alberto Algo with 100 iterations:  238.14178612500018
[100]
Running time of distributed Algo with 100 outer iter and 10 alternating projection:  266.57467177200033
Running time of Worst case distributed Algo with 100 outer iter and 10 alternating projection:  146.70466396896063
rank 600
Running time of Alberto Algo with 100 iterations:  237.11638380600016
[100]
Running time of distributed Algo with 100 outer iter and 10 alternating projection:  268.0339289049998
Running time of Worst case distributed Algo with 100 outer iter and 10 alternating projection:  147.76658747396596
rank 600
Running time of Alberto Algo with 100 iterations:  238.5603856180005
[100]
Running time of distributed Algo with 100 outer iter and 10 alternating projection:  268.36464388900004
Running time of Worst case distributed Algo with 100 outer iter and 10 alternating projection:  147.55201941999985
vertex connectivity: 1
edge connectivity: 1
max U: 9.999838179447867
max Y: 0.2558582722191957
max X: 27.436476565478227
(420, 1)
(834, 1)
Shape of Hankel (1120, 793)
The Hankel matrix spans the restricted behaviour:  rank(H) = Lm+n =  700
Shape of Hankel (2224, 793)
The Hankel matrix does NOT span the restricted behavior: rank(H) = 700 
 mL+n = 1804
Shape of Hankel (24, 793)
The Hankel matrix spans the restricted behaviour:  rank(H) = Lm+n =  18
Shape of Hankel (32, 793)
The Hankel matrix spans the restricted behaviour:  rank(H) = Lm+n =  26
Shape of Hankel (32, 793)
The Hankel matrix spans the restricted behaviour:  rank(H) = Lm+n =  26
Shape of Hankel (32, 793)
The Hankel matrix spans the restricted behaviour:  rank(H) = Lm+n =  26
Shape of Hankel (32, 793)
The Hankel matrix spans the restricted behaviour:  rank(H) = Lm+n =  26
Shape of Hankel (32, 793)
The Hankel matrix spans the restricted behaviour:  rank(H) = Lm+n =  26
Shape of Hankel (32, 793)
The Hankel matrix spans the restricted behaviour:  rank(H) = Lm+n =  26
Shape of Hankel (32, 793)
The Hankel matrix spans the restricted behaviour:  rank(H) = Lm+n =  26
Shape of Hankel (32, 793)
The Hankel matrix spans the restricted behaviour:  rank(H) = Lm+n =  26
Shape of Hankel (32, 793)
The Hankel matrix spans the restricted behaviour:  rank(H) = Lm+n =  26
Shape of Hankel (32, 793)
The Hankel matrix spans the restricted behaviour:  rank(H) = Lm+n =  26
Shape of Hankel (32, 793)
The Hankel matrix spans the restricted behaviour:  rank(H) = Lm+n =  26
Shape of Hankel (32, 793)
The Hankel matrix spans the restricted behaviour:  rank(H) = Lm+n =  26
Shape of Hankel (32, 793)
The Hankel matrix spans the restricted behaviour:  rank(H) = Lm+n =  26
Shape of Hankel (32, 793)
The Hankel matrix spans the restricted behaviour:  rank(H) = Lm+n =  26
Shape of Hankel (32, 793)
The Hankel matrix spans the restricted behaviour:  rank(H) = Lm+n =  26
Shape of Hankel (32, 793)
The Hankel matrix spans the restricted behaviour:  rank(H) = Lm+n =  26
Shape of Hankel (32, 793)
The Hankel matrix spans the restricted behaviour:  rank(H) = Lm+n =  26
Shape of Hankel (32, 793)
The Hankel matrix spans the restricted behaviour:  rank(H) = Lm+n =  26
Shape of Hankel (32, 793)
The Hankel matrix spans the restricted behaviour:  rank(H) = Lm+n =  26
Shape of Hankel (32, 793)
The Hankel matrix spans the restricted behaviour:  rank(H) = Lm+n =  26
Shape of Hankel (32, 793)
The Hankel matrix spans the restricted behaviour:  rank(H) = Lm+n =  26
Shape of Hankel (32, 793)
The Hankel matrix spans the restricted behaviour:  rank(H) = Lm+n =  26
Shape of Hankel (32, 793)
The Hankel matrix spans the restricted behaviour:  rank(H) = Lm+n =  26
Shape of Hankel (32, 793)
The Hankel matrix spans the restricted behaviour:  rank(H) = Lm+n =  26
Shape of Hankel (32, 793)
The Hankel matrix spans the restricted behaviour:  rank(H) = Lm+n =  26
Shape of Hankel (32, 793)
The Hankel matrix spans the restricted behaviour:  rank(H) = Lm+n =  26
Shape of Hankel (32, 793)
The Hankel matrix spans the restricted behaviour:  rank(H) = Lm+n =  26
Shape of Hankel (32, 793)
The Hankel matrix spans the restricted behaviour:  rank(H) = Lm+n =  26
Shape of Hankel (32, 793)
The Hankel matrix spans the restricted behaviour:  rank(H) = Lm+n =  26
Shape of Hankel (32, 793)
The Hankel matrix spans the restricted behaviour:  rank(H) = Lm+n =  26
Shape of Hankel (32, 793)
The Hankel matrix spans the restricted behaviour:  rank(H) = Lm+n =  26
Shape of Hankel (32, 793)
The Hankel matrix spans the restricted behaviour:  rank(H) = Lm+n =  26
Shape of Hankel (32, 793)
The Hankel matrix spans the restricted behaviour:  rank(H) = Lm+n =  26
Shape of Hankel (32, 793)
The Hankel matrix spans the restricted behaviour:  rank(H) = Lm+n =  26
Shape of Hankel (32, 793)
The Hankel matrix spans the restricted behaviour:  rank(H) = Lm+n =  26
Shape of Hankel (32, 793)
The Hankel matrix spans the restricted behaviour:  rank(H) = Lm+n =  26
Shape of Hankel (32, 793)
The Hankel matrix spans the restricted behaviour:  rank(H) = Lm+n =  26
Shape of Hankel (32, 793)
The Hankel matrix spans the restricted behaviour:  rank(H) = Lm+n =  26
Shape of Hankel (32, 793)
The Hankel matrix spans the restricted behaviour:  rank(H) = Lm+n =  26
Shape of Hankel (32, 793)
The Hankel matrix spans the restricted behaviour:  rank(H) = Lm+n =  26
Shape of Hankel (32, 793)
The Hankel matrix spans the restricted behaviour:  rank(H) = Lm+n =  26
Shape of Hankel (32, 793)
The Hankel matrix spans the restricted behaviour:  rank(H) = Lm+n =  26
Shape of Hankel (32, 793)
The Hankel matrix spans the restricted behaviour:  rank(H) = Lm+n =  26
Shape of Hankel (32, 793)
The Hankel matrix spans the restricted behaviour:  rank(H) = Lm+n =  26
Shape of Hankel (32, 793)
The Hankel matrix spans the restricted behaviour:  rank(H) = Lm+n =  26
Shape of Hankel (32, 793)
The Hankel matrix spans the restricted behaviour:  rank(H) = Lm+n =  26
Shape of Hankel (32, 793)
The Hankel matrix spans the restricted behaviour:  rank(H) = Lm+n =  26
Shape of Hankel (32, 793)
The Hankel matrix spans the restricted behaviour:  rank(H) = Lm+n =  26
Shape of Hankel (32, 793)
The Hankel matrix spans the restricted behaviour:  rank(H) = Lm+n =  26
Shape of Hankel (32, 793)
The Hankel matrix spans the restricted behaviour:  rank(H) = Lm+n =  26
Shape of Hankel (32, 793)
The Hankel matrix spans the restricted behaviour:  rank(H) = Lm+n =  26
Shape of Hankel (32, 793)
The Hankel matrix spans the restricted behaviour:  rank(H) = Lm+n =  26
Shape of Hankel (32, 793)
The Hankel matrix spans the restricted behaviour:  rank(H) = Lm+n =  26
Shape of Hankel (32, 793)
The Hankel matrix spans the restricted behaviour:  rank(H) = Lm+n =  26
Shape of Hankel (32, 793)
The Hankel matrix spans the restricted behaviour:  rank(H) = Lm+n =  26
Shape of Hankel (32, 793)
The Hankel matrix spans the restricted behaviour:  rank(H) = Lm+n =  26
Shape of Hankel (32, 793)
The Hankel matrix spans the restricted behaviour:  rank(H) = Lm+n =  26
Shape of Hankel (32, 793)
The Hankel matrix spans the restricted behaviour:  rank(H) = Lm+n =  26
Shape of Hankel (32, 793)
The Hankel matrix spans the restricted behaviour:  rank(H) = Lm+n =  26
Shape of Hankel (32, 793)
The Hankel matrix spans the restricted behaviour:  rank(H) = Lm+n =  26
Shape of Hankel (32, 793)
The Hankel matrix spans the restricted behaviour:  rank(H) = Lm+n =  26
Shape of Hankel (32, 793)
The Hankel matrix spans the restricted behaviour:  rank(H) = Lm+n =  26
Shape of Hankel (32, 793)
The Hankel matrix spans the restricted behaviour:  rank(H) = Lm+n =  26
Shape of Hankel (32, 793)
The Hankel matrix spans the restricted behaviour:  rank(H) = Lm+n =  26
Shape of Hankel (32, 793)
The Hankel matrix spans the restricted behaviour:  rank(H) = Lm+n =  26
Shape of Hankel (32, 793)
The Hankel matrix spans the restricted behaviour:  rank(H) = Lm+n =  26
Shape of Hankel (32, 793)
The Hankel matrix spans the restricted behaviour:  rank(H) = Lm+n =  26
Shape of Hankel (32, 793)
The Hankel matrix spans the restricted behaviour:  rank(H) = Lm+n =  26
Shape of Hankel (24, 793)
The Hankel matrix spans the restricted behaviour:  rank(H) = Lm+n =  18
rank 700
Running time of Alberto Algo with 100 iterations:  315.4594985470003
[100]
Running time of distributed Algo with 100 outer iter and 10 alternating projection:  294.94576306
Running time of Worst case distributed Algo with 100 outer iter and 10 alternating projection:  166.29760731996066
rank 700
Running time of Alberto Algo with 100 iterations:  320.83308084500004
[100]
Running time of distributed Algo with 100 outer iter and 10 alternating projection:  306.65752381699895
Running time of Worst case distributed Algo with 100 outer iter and 10 alternating projection:  170.88509871502902
rank 700
Running time of Alberto Algo with 100 iterations:  318.69716438400064
[100]
Running time of distributed Algo with 100 outer iter and 10 alternating projection:  298.6079346440001
Running time of Worst case distributed Algo with 100 outer iter and 10 alternating projection:  166.80559763394558
rank 700
Running time of Alberto Algo with 100 iterations:  320.3106271969991
[100]
Running time of distributed Algo with 100 outer iter and 10 alternating projection:  302.88730635200045
Running time of Worst case distributed Algo with 100 outer iter and 10 alternating projection:  170.55668841598526
rank 700
Running time of Alberto Algo with 100 iterations:  316.0804125809991
[100]
Running time of distributed Algo with 100 outer iter and 10 alternating projection:  289.26196444999914
Running time of Worst case distributed Algo with 100 outer iter and 10 alternating projection:  160.937278840016
vertex connectivity: 1
edge connectivity: 1
max U: 9.999878936319234
max Y: 0.2726653997551827
max X: 27.019341061112012
(480, 1)
(954, 1)
Shape of Hankel (1280, 893)
The Hankel matrix spans the restricted behaviour:  rank(H) = Lm+n =  800
Shape of Hankel (2544, 893)
The Hankel matrix does NOT span the restricted behavior: rank(H) = 800 
 mL+n = 2064
Shape of Hankel (24, 893)
The Hankel matrix spans the restricted behaviour:  rank(H) = Lm+n =  18
Shape of Hankel (32, 893)
The Hankel matrix spans the restricted behaviour:  rank(H) = Lm+n =  26
Shape of Hankel (32, 893)
The Hankel matrix spans the restricted behaviour:  rank(H) = Lm+n =  26
Shape of Hankel (32, 893)
The Hankel matrix spans the restricted behaviour:  rank(H) = Lm+n =  26
Shape of Hankel (32, 893)
The Hankel matrix spans the restricted behaviour:  rank(H) = Lm+n =  26
Shape of Hankel (32, 893)
The Hankel matrix spans the restricted behaviour:  rank(H) = Lm+n =  26
Shape of Hankel (32, 893)
The Hankel matrix spans the restricted behaviour:  rank(H) = Lm+n =  26
Shape of Hankel (32, 893)
The Hankel matrix spans the restricted behaviour:  rank(H) = Lm+n =  26
Shape of Hankel (32, 893)
The Hankel matrix spans the restricted behaviour:  rank(H) = Lm+n =  26
Shape of Hankel (32, 893)
The Hankel matrix spans the restricted behaviour:  rank(H) = Lm+n =  26
Shape of Hankel (32, 893)
The Hankel matrix spans the restricted behaviour:  rank(H) = Lm+n =  26
Shape of Hankel (32, 893)
The Hankel matrix spans the restricted behaviour:  rank(H) = Lm+n =  26
Shape of Hankel (32, 893)
The Hankel matrix spans the restricted behaviour:  rank(H) = Lm+n =  26
Shape of Hankel (32, 893)
The Hankel matrix spans the restricted behaviour:  rank(H) = Lm+n =  26
Shape of Hankel (32, 893)
The Hankel matrix spans the restricted behaviour:  rank(H) = Lm+n =  26
Shape of Hankel (32, 893)
The Hankel matrix spans the restricted behaviour:  rank(H) = Lm+n =  26
Shape of Hankel (32, 893)
The Hankel matrix spans the restricted behaviour:  rank(H) = Lm+n =  26
Shape of Hankel (32, 893)
The Hankel matrix spans the restricted behaviour:  rank(H) = Lm+n =  26
Shape of Hankel (32, 893)
The Hankel matrix spans the restricted behaviour:  rank(H) = Lm+n =  26
Shape of Hankel (32, 893)
The Hankel matrix spans the restricted behaviour:  rank(H) = Lm+n =  26
Shape of Hankel (32, 893)
The Hankel matrix spans the restricted behaviour:  rank(H) = Lm+n =  26
Shape of Hankel (32, 893)
The Hankel matrix spans the restricted behaviour:  rank(H) = Lm+n =  26
Shape of Hankel (32, 893)
The Hankel matrix spans the restricted behaviour:  rank(H) = Lm+n =  26
Shape of Hankel (32, 893)
The Hankel matrix spans the restricted behaviour:  rank(H) = Lm+n =  26
Shape of Hankel (32, 893)
The Hankel matrix spans the restricted behaviour:  rank(H) = Lm+n =  26
Shape of Hankel (32, 893)
The Hankel matrix spans the restricted behaviour:  rank(H) = Lm+n =  26
Shape of Hankel (32, 893)
The Hankel matrix spans the restricted behaviour:  rank(H) = Lm+n =  26
Shape of Hankel (32, 893)
The Hankel matrix spans the restricted behaviour:  rank(H) = Lm+n =  26
Shape of Hankel (32, 893)
The Hankel matrix spans the restricted behaviour:  rank(H) = Lm+n =  26
Shape of Hankel (32, 893)
The Hankel matrix spans the restricted behaviour:  rank(H) = Lm+n =  26
Shape of Hankel (32, 893)
The Hankel matrix spans the restricted behaviour:  rank(H) = Lm+n =  26
Shape of Hankel (32, 893)
The Hankel matrix spans the restricted behaviour:  rank(H) = Lm+n =  26
Shape of Hankel (32, 893)
The Hankel matrix spans the restricted behaviour:  rank(H) = Lm+n =  26
Shape of Hankel (32, 893)
The Hankel matrix spans the restricted behaviour:  rank(H) = Lm+n =  26
Shape of Hankel (32, 893)
The Hankel matrix spans the restricted behaviour:  rank(H) = Lm+n =  26
Shape of Hankel (32, 893)
The Hankel matrix spans the restricted behaviour:  rank(H) = Lm+n =  26
Shape of Hankel (32, 893)
The Hankel matrix spans the restricted behaviour:  rank(H) = Lm+n =  26
Shape of Hankel (32, 893)
The Hankel matrix spans the restricted behaviour:  rank(H) = Lm+n =  26
Shape of Hankel (32, 893)
The Hankel matrix spans the restricted behaviour:  rank(H) = Lm+n =  26
Shape of Hankel (32, 893)
The Hankel matrix spans the restricted behaviour:  rank(H) = Lm+n =  26
Shape of Hankel (32, 893)
The Hankel matrix spans the restricted behaviour:  rank(H) = Lm+n =  26
Shape of Hankel (32, 893)
The Hankel matrix spans the restricted behaviour:  rank(H) = Lm+n =  26
Shape of Hankel (32, 893)
The Hankel matrix spans the restricted behaviour:  rank(H) = Lm+n =  26
Shape of Hankel (32, 893)
The Hankel matrix spans the restricted behaviour:  rank(H) = Lm+n =  26
Shape of Hankel (32, 893)
The Hankel matrix spans the restricted behaviour:  rank(H) = Lm+n =  26
Shape of Hankel (32, 893)
The Hankel matrix spans the restricted behaviour:  rank(H) = Lm+n =  26
Shape of Hankel (32, 893)
The Hankel matrix spans the restricted behaviour:  rank(H) = Lm+n =  26
Shape of Hankel (32, 893)
The Hankel matrix spans the restricted behaviour:  rank(H) = Lm+n =  26
Shape of Hankel (32, 893)
The Hankel matrix spans the restricted behaviour:  rank(H) = Lm+n =  26
Shape of Hankel (32, 893)
The Hankel matrix spans the restricted behaviour:  rank(H) = Lm+n =  26
Shape of Hankel (32, 893)
The Hankel matrix spans the restricted behaviour:  rank(H) = Lm+n =  26
Shape of Hankel (32, 893)
The Hankel matrix spans the restricted behaviour:  rank(H) = Lm+n =  26
Shape of Hankel (32, 893)
The Hankel matrix spans the restricted behaviour:  rank(H) = Lm+n =  26
Shape of Hankel (32, 893)
The Hankel matrix spans the restricted behaviour:  rank(H) = Lm+n =  26
Shape of Hankel (32, 893)
The Hankel matrix spans the restricted behaviour:  rank(H) = Lm+n =  26
Shape of Hankel (32, 893)
The Hankel matrix spans the restricted behaviour:  rank(H) = Lm+n =  26
Shape of Hankel (32, 893)
The Hankel matrix spans the restricted behaviour:  rank(H) = Lm+n =  26
Shape of Hankel (32, 893)
The Hankel matrix spans the restricted behaviour:  rank(H) = Lm+n =  26
Shape of Hankel (32, 893)
The Hankel matrix spans the restricted behaviour:  rank(H) = Lm+n =  26
Shape of Hankel (32, 893)
The Hankel matrix spans the restricted behaviour:  rank(H) = Lm+n =  26
Shape of Hankel (32, 893)
The Hankel matrix spans the restricted behaviour:  rank(H) = Lm+n =  26
Shape of Hankel (32, 893)
The Hankel matrix spans the restricted behaviour:  rank(H) = Lm+n =  26
Shape of Hankel (32, 893)
The Hankel matrix spans the restricted behaviour:  rank(H) = Lm+n =  26
Shape of Hankel (32, 893)
The Hankel matrix spans the restricted behaviour:  rank(H) = Lm+n =  26
Shape of Hankel (32, 893)
The Hankel matrix spans the restricted behaviour:  rank(H) = Lm+n =  26
Shape of Hankel (32, 893)
The Hankel matrix spans the restricted behaviour:  rank(H) = Lm+n =  26
Shape of Hankel (32, 893)
The Hankel matrix spans the restricted behaviour:  rank(H) = Lm+n =  26
Shape of Hankel (32, 893)
The Hankel matrix spans the restricted behaviour:  rank(H) = Lm+n =  26
Shape of Hankel (32, 893)
The Hankel matrix spans the restricted behaviour:  rank(H) = Lm+n =  26
Shape of Hankel (32, 893)
The Hankel matrix spans the restricted behaviour:  rank(H) = Lm+n =  26
Shape of Hankel (32, 893)
The Hankel matrix spans the restricted behaviour:  rank(H) = Lm+n =  26
Shape of Hankel (32, 893)
The Hankel matrix spans the restricted behaviour:  rank(H) = Lm+n =  26
Shape of Hankel (32, 893)
The Hankel matrix spans the restricted behaviour:  rank(H) = Lm+n =  26
Shape of Hankel (32, 893)
The Hankel matrix spans the restricted behaviour:  rank(H) = Lm+n =  26
Shape of Hankel (32, 893)
The Hankel matrix spans the restricted behaviour:  rank(H) = Lm+n =  26
Shape of Hankel (32, 893)
The Hankel matrix spans the restricted behaviour:  rank(H) = Lm+n =  26
Shape of Hankel (32, 893)
The Hankel matrix spans the restricted behaviour:  rank(H) = Lm+n =  26
Shape of Hankel (32, 893)
The Hankel matrix spans the restricted behaviour:  rank(H) = Lm+n =  26
Shape of Hankel (32, 893)
The Hankel matrix spans the restricted behaviour:  rank(H) = Lm+n =  26
Shape of Hankel (24, 893)
The Hankel matrix spans the restricted behaviour:  rank(H) = Lm+n =  18
rank 800
Running time of Alberto Algo with 100 iterations:  421.6532138549992
[100]
Running time of distributed Algo with 100 outer iter and 10 alternating projection:  341.8459764320014
Running time of Worst case distributed Algo with 100 outer iter and 10 alternating projection:  182.12726069293785
rank 800
Running time of Alberto Algo with 100 iterations:  416.312910214001
[100]
Running time of distributed Algo with 100 outer iter and 10 alternating projection:  342.39843310300057
Running time of Worst case distributed Algo with 100 outer iter and 10 alternating projection:  184.03223937998882
rank 800
Running time of Alberto Algo with 100 iterations:  412.1149352699995
[100]
Running time of distributed Algo with 100 outer iter and 10 alternating projection:  342.85766273900117
Running time of Worst case distributed Algo with 100 outer iter and 10 alternating projection:  186.35261359600554
rank 800
Running time of Alberto Algo with 100 iterations:  412.62064990699946
[100]
Running time of distributed Algo with 100 outer iter and 10 alternating projection:  343.955705710001
Running time of Worst case distributed Algo with 100 outer iter and 10 alternating projection:  184.97310368500257
rank 800
Running time of Alberto Algo with 100 iterations:  415.73974289000034
[100]
Running time of distributed Algo with 100 outer iter and 10 alternating projection:  340.587289486999
Running time of Worst case distributed Algo with 100 outer iter and 10 alternating projection:  185.24762968804134
vertex connectivity: 1
edge connectivity: 1
max U: 9.999931794652422
max Y: 0.27788378422879906
max X: 27.674677788249024
(540, 1)
(1074, 1)
Shape of Hankel (1440, 993)
The Hankel matrix spans the restricted behaviour:  rank(H) = Lm+n =  900
Shape of Hankel (2864, 993)
The Hankel matrix does NOT span the restricted behavior: rank(H) = 900 
 mL+n = 2324
Shape of Hankel (24, 993)
The Hankel matrix spans the restricted behaviour:  rank(H) = Lm+n =  18
Shape of Hankel (32, 993)
The Hankel matrix spans the restricted behaviour:  rank(H) = Lm+n =  26
Shape of Hankel (32, 993)
The Hankel matrix spans the restricted behaviour:  rank(H) = Lm+n =  26
Shape of Hankel (32, 993)
The Hankel matrix spans the restricted behaviour:  rank(H) = Lm+n =  26
Shape of Hankel (32, 993)
The Hankel matrix spans the restricted behaviour:  rank(H) = Lm+n =  26
Shape of Hankel (32, 993)
The Hankel matrix spans the restricted behaviour:  rank(H) = Lm+n =  26
Shape of Hankel (32, 993)
The Hankel matrix spans the restricted behaviour:  rank(H) = Lm+n =  26
Shape of Hankel (32, 993)
The Hankel matrix spans the restricted behaviour:  rank(H) = Lm+n =  26
Shape of Hankel (32, 993)
The Hankel matrix spans the restricted behaviour:  rank(H) = Lm+n =  26
Shape of Hankel (32, 993)
The Hankel matrix spans the restricted behaviour:  rank(H) = Lm+n =  26
Shape of Hankel (32, 993)
The Hankel matrix spans the restricted behaviour:  rank(H) = Lm+n =  26
Shape of Hankel (32, 993)
The Hankel matrix spans the restricted behaviour:  rank(H) = Lm+n =  26
Shape of Hankel (32, 993)
The Hankel matrix spans the restricted behaviour:  rank(H) = Lm+n =  26
Shape of Hankel (32, 993)
The Hankel matrix spans the restricted behaviour:  rank(H) = Lm+n =  26
Shape of Hankel (32, 993)
The Hankel matrix spans the restricted behaviour:  rank(H) = Lm+n =  26
Shape of Hankel (32, 993)
The Hankel matrix spans the restricted behaviour:  rank(H) = Lm+n =  26
Shape of Hankel (32, 993)
The Hankel matrix spans the restricted behaviour:  rank(H) = Lm+n =  26
Shape of Hankel (32, 993)
The Hankel matrix spans the restricted behaviour:  rank(H) = Lm+n =  26
Shape of Hankel (32, 993)
The Hankel matrix spans the restricted behaviour:  rank(H) = Lm+n =  26
Shape of Hankel (32, 993)
The Hankel matrix spans the restricted behaviour:  rank(H) = Lm+n =  26
Shape of Hankel (32, 993)
The Hankel matrix spans the restricted behaviour:  rank(H) = Lm+n =  26
Shape of Hankel (32, 993)
The Hankel matrix spans the restricted behaviour:  rank(H) = Lm+n =  26
Shape of Hankel (32, 993)
The Hankel matrix spans the restricted behaviour:  rank(H) = Lm+n =  26
Shape of Hankel (32, 993)
The Hankel matrix spans the restricted behaviour:  rank(H) = Lm+n =  26
Shape of Hankel (32, 993)
The Hankel matrix spans the restricted behaviour:  rank(H) = Lm+n =  26
Shape of Hankel (32, 993)
The Hankel matrix spans the restricted behaviour:  rank(H) = Lm+n =  26
Shape of Hankel (32, 993)
The Hankel matrix spans the restricted behaviour:  rank(H) = Lm+n =  26
Shape of Hankel (32, 993)
The Hankel matrix spans the restricted behaviour:  rank(H) = Lm+n =  26
Shape of Hankel (32, 993)
The Hankel matrix spans the restricted behaviour:  rank(H) = Lm+n =  26
Shape of Hankel (32, 993)
The Hankel matrix spans the restricted behaviour:  rank(H) = Lm+n =  26
Shape of Hankel (32, 993)
The Hankel matrix spans the restricted behaviour:  rank(H) = Lm+n =  26
Shape of Hankel (32, 993)
The Hankel matrix spans the restricted behaviour:  rank(H) = Lm+n =  26
Shape of Hankel (32, 993)
The Hankel matrix spans the restricted behaviour:  rank(H) = Lm+n =  26
Shape of Hankel (32, 993)
The Hankel matrix spans the restricted behaviour:  rank(H) = Lm+n =  26
Shape of Hankel (32, 993)
The Hankel matrix spans the restricted behaviour:  rank(H) = Lm+n =  26
Shape of Hankel (32, 993)
The Hankel matrix spans the restricted behaviour:  rank(H) = Lm+n =  26
Shape of Hankel (32, 993)
The Hankel matrix spans the restricted behaviour:  rank(H) = Lm+n =  26
Shape of Hankel (32, 993)
The Hankel matrix spans the restricted behaviour:  rank(H) = Lm+n =  26
Shape of Hankel (32, 993)
The Hankel matrix spans the restricted behaviour:  rank(H) = Lm+n =  26
Shape of Hankel (32, 993)
The Hankel matrix spans the restricted behaviour:  rank(H) = Lm+n =  26
Shape of Hankel (32, 993)
The Hankel matrix spans the restricted behaviour:  rank(H) = Lm+n =  26
Shape of Hankel (32, 993)
The Hankel matrix spans the restricted behaviour:  rank(H) = Lm+n =  26
Shape of Hankel (32, 993)
The Hankel matrix spans the restricted behaviour:  rank(H) = Lm+n =  26
Shape of Hankel (32, 993)
The Hankel matrix spans the restricted behaviour:  rank(H) = Lm+n =  26
Shape of Hankel (32, 993)
The Hankel matrix spans the restricted behaviour:  rank(H) = Lm+n =  26
Shape of Hankel (32, 993)
The Hankel matrix spans the restricted behaviour:  rank(H) = Lm+n =  26
Shape of Hankel (32, 993)
The Hankel matrix spans the restricted behaviour:  rank(H) = Lm+n =  26
Shape of Hankel (32, 993)
The Hankel matrix spans the restricted behaviour:  rank(H) = Lm+n =  26
Shape of Hankel (32, 993)
The Hankel matrix spans the restricted behaviour:  rank(H) = Lm+n =  26
Shape of Hankel (32, 993)
The Hankel matrix spans the restricted behaviour:  rank(H) = Lm+n =  26
Shape of Hankel (32, 993)
The Hankel matrix spans the restricted behaviour:  rank(H) = Lm+n =  26
Shape of Hankel (32, 993)
The Hankel matrix spans the restricted behaviour:  rank(H) = Lm+n =  26
Shape of Hankel (32, 993)
The Hankel matrix spans the restricted behaviour:  rank(H) = Lm+n =  26
Shape of Hankel (32, 993)
The Hankel matrix spans the restricted behaviour:  rank(H) = Lm+n =  26
Shape of Hankel (32, 993)
The Hankel matrix spans the restricted behaviour:  rank(H) = Lm+n =  26
Shape of Hankel (32, 993)
The Hankel matrix spans the restricted behaviour:  rank(H) = Lm+n =  26
Shape of Hankel (32, 993)
The Hankel matrix spans the restricted behaviour:  rank(H) = Lm+n =  26
Shape of Hankel (32, 993)
The Hankel matrix spans the restricted behaviour:  rank(H) = Lm+n =  26
Shape of Hankel (32, 993)
The Hankel matrix spans the restricted behaviour:  rank(H) = Lm+n =  26
Shape of Hankel (32, 993)
The Hankel matrix spans the restricted behaviour:  rank(H) = Lm+n =  26
Shape of Hankel (32, 993)
The Hankel matrix spans the restricted behaviour:  rank(H) = Lm+n =  26
Shape of Hankel (32, 993)
The Hankel matrix spans the restricted behaviour:  rank(H) = Lm+n =  26
Shape of Hankel (32, 993)
The Hankel matrix spans the restricted behaviour:  rank(H) = Lm+n =  26
Shape of Hankel (32, 993)
The Hankel matrix spans the restricted behaviour:  rank(H) = Lm+n =  26
Shape of Hankel (32, 993)
The Hankel matrix spans the restricted behaviour:  rank(H) = Lm+n =  26
Shape of Hankel (32, 993)
The Hankel matrix spans the restricted behaviour:  rank(H) = Lm+n =  26
Shape of Hankel (32, 993)
The Hankel matrix spans the restricted behaviour:  rank(H) = Lm+n =  26
Shape of Hankel (32, 993)
The Hankel matrix spans the restricted behaviour:  rank(H) = Lm+n =  26
Shape of Hankel (32, 993)
The Hankel matrix spans the restricted behaviour:  rank(H) = Lm+n =  26
Shape of Hankel (32, 993)
The Hankel matrix spans the restricted behaviour:  rank(H) = Lm+n =  26
Shape of Hankel (32, 993)
The Hankel matrix spans the restricted behaviour:  rank(H) = Lm+n =  26
Shape of Hankel (32, 993)
The Hankel matrix spans the restricted behaviour:  rank(H) = Lm+n =  26
Shape of Hankel (32, 993)
The Hankel matrix spans the restricted behaviour:  rank(H) = Lm+n =  26
Shape of Hankel (32, 993)
The Hankel matrix spans the restricted behaviour:  rank(H) = Lm+n =  26
Shape of Hankel (32, 993)
The Hankel matrix spans the restricted behaviour:  rank(H) = Lm+n =  26
Shape of Hankel (32, 993)
The Hankel matrix spans the restricted behaviour:  rank(H) = Lm+n =  26
Shape of Hankel (32, 993)
The Hankel matrix spans the restricted behaviour:  rank(H) = Lm+n =  26
Shape of Hankel (32, 993)
The Hankel matrix spans the restricted behaviour:  rank(H) = Lm+n =  26
Shape of Hankel (32, 993)
The Hankel matrix spans the restricted behaviour:  rank(H) = Lm+n =  26
Shape of Hankel (32, 993)
The Hankel matrix spans the restricted behaviour:  rank(H) = Lm+n =  26
Shape of Hankel (32, 993)
The Hankel matrix spans the restricted behaviour:  rank(H) = Lm+n =  26
Shape of Hankel (32, 993)
The Hankel matrix spans the restricted behaviour:  rank(H) = Lm+n =  26
Shape of Hankel (32, 993)
The Hankel matrix spans the restricted behaviour:  rank(H) = Lm+n =  26
Shape of Hankel (32, 993)
The Hankel matrix spans the restricted behaviour:  rank(H) = Lm+n =  26
Shape of Hankel (32, 993)
The Hankel matrix spans the restricted behaviour:  rank(H) = Lm+n =  26
Shape of Hankel (32, 993)
The Hankel matrix spans the restricted behaviour:  rank(H) = Lm+n =  26
Shape of Hankel (32, 993)
The Hankel matrix spans the restricted behaviour:  rank(H) = Lm+n =  26
Shape of Hankel (32, 993)
The Hankel matrix spans the restricted behaviour:  rank(H) = Lm+n =  26
Shape of Hankel (32, 993)
The Hankel matrix spans the restricted behaviour:  rank(H) = Lm+n =  26
Shape of Hankel (24, 993)
The Hankel matrix spans the restricted behaviour:  rank(H) = Lm+n =  18
rank 900
Running time of Alberto Algo with 100 iterations:  516.0925411419994
[100]
Running time of distributed Algo with 100 outer iter and 10 alternating projection:  377.72227536399987
Running time of Worst case distributed Algo with 100 outer iter and 10 alternating projection:  197.43173354695136
rank 900
Running time of Alberto Algo with 100 iterations:  518.3398773890003
[100]
Running time of distributed Algo with 100 outer iter and 10 alternating projection:  384.77912332400047
Running time of Worst case distributed Algo with 100 outer iter and 10 alternating projection:  198.37020412599668
rank 900
Running time of Alberto Algo with 100 iterations:  515.253191451
[100]
Running time of distributed Algo with 100 outer iter and 10 alternating projection:  378.52166731299803
Running time of Worst case distributed Algo with 100 outer iter and 10 alternating projection:  196.16569604820688
rank 900
Running time of Alberto Algo with 100 iterations:  515.3490419700029
[100]
Running time of distributed Algo with 100 outer iter and 10 alternating projection:  382.3321072590006
Running time of Worst case distributed Algo with 100 outer iter and 10 alternating projection:  201.04332338387394
rank 900
Running time of Alberto Algo with 100 iterations:  516.0770810489994
[100]
Running time of distributed Algo with 100 outer iter and 10 alternating projection:  345.5756298499982
Running time of Worst case distributed Algo with 100 outer iter and 10 alternating projection:  179.83936972287847
vertex connectivity: 1
edge connectivity: 1
max U: 9.999991267521764
max Y: 0.23432904826104828
max X: 26.767792870628128
(600, 1)
(1194, 1)
Shape of Hankel (1600, 1093)
The Hankel matrix spans the restricted behaviour:  rank(H) = Lm+n =  1000
Shape of Hankel (3184, 1093)
The Hankel matrix does NOT span the restricted behavior: rank(H) = 1000 
 mL+n = 2584
Shape of Hankel (24, 1093)
The Hankel matrix spans the restricted behaviour:  rank(H) = Lm+n =  18
Shape of Hankel (32, 1093)
The Hankel matrix spans the restricted behaviour:  rank(H) = Lm+n =  26
Shape of Hankel (32, 1093)
The Hankel matrix spans the restricted behaviour:  rank(H) = Lm+n =  26
Shape of Hankel (32, 1093)
The Hankel matrix spans the restricted behaviour:  rank(H) = Lm+n =  26
Shape of Hankel (32, 1093)
The Hankel matrix spans the restricted behaviour:  rank(H) = Lm+n =  26
Shape of Hankel (32, 1093)
The Hankel matrix spans the restricted behaviour:  rank(H) = Lm+n =  26
Shape of Hankel (32, 1093)
The Hankel matrix spans the restricted behaviour:  rank(H) = Lm+n =  26
Shape of Hankel (32, 1093)
The Hankel matrix spans the restricted behaviour:  rank(H) = Lm+n =  26
Shape of Hankel (32, 1093)
The Hankel matrix spans the restricted behaviour:  rank(H) = Lm+n =  26
Shape of Hankel (32, 1093)
The Hankel matrix spans the restricted behaviour:  rank(H) = Lm+n =  26
Shape of Hankel (32, 1093)
The Hankel matrix spans the restricted behaviour:  rank(H) = Lm+n =  26
Shape of Hankel (32, 1093)
The Hankel matrix spans the restricted behaviour:  rank(H) = Lm+n =  26
Shape of Hankel (32, 1093)
The Hankel matrix spans the restricted behaviour:  rank(H) = Lm+n =  26
Shape of Hankel (32, 1093)
The Hankel matrix spans the restricted behaviour:  rank(H) = Lm+n =  26
Shape of Hankel (32, 1093)
The Hankel matrix spans the restricted behaviour:  rank(H) = Lm+n =  26
Shape of Hankel (32, 1093)
The Hankel matrix spans the restricted behaviour:  rank(H) = Lm+n =  26
Shape of Hankel (32, 1093)
The Hankel matrix spans the restricted behaviour:  rank(H) = Lm+n =  26
Shape of Hankel (32, 1093)
The Hankel matrix spans the restricted behaviour:  rank(H) = Lm+n =  26
Shape of Hankel (32, 1093)
The Hankel matrix spans the restricted behaviour:  rank(H) = Lm+n =  26
Shape of Hankel (32, 1093)
The Hankel matrix spans the restricted behaviour:  rank(H) = Lm+n =  26
Shape of Hankel (32, 1093)
The Hankel matrix spans the restricted behaviour:  rank(H) = Lm+n =  26
Shape of Hankel (32, 1093)
The Hankel matrix spans the restricted behaviour:  rank(H) = Lm+n =  26
Shape of Hankel (32, 1093)
The Hankel matrix spans the restricted behaviour:  rank(H) = Lm+n =  26
Shape of Hankel (32, 1093)
The Hankel matrix spans the restricted behaviour:  rank(H) = Lm+n =  26
Shape of Hankel (32, 1093)
The Hankel matrix spans the restricted behaviour:  rank(H) = Lm+n =  26
Shape of Hankel (32, 1093)
The Hankel matrix spans the restricted behaviour:  rank(H) = Lm+n =  26
Shape of Hankel (32, 1093)
The Hankel matrix spans the restricted behaviour:  rank(H) = Lm+n =  26
Shape of Hankel (32, 1093)
The Hankel matrix spans the restricted behaviour:  rank(H) = Lm+n =  26
Shape of Hankel (32, 1093)
The Hankel matrix spans the restricted behaviour:  rank(H) = Lm+n =  26
Shape of Hankel (32, 1093)
The Hankel matrix spans the restricted behaviour:  rank(H) = Lm+n =  26
Shape of Hankel (32, 1093)
The Hankel matrix spans the restricted behaviour:  rank(H) = Lm+n =  26
Shape of Hankel (32, 1093)
The Hankel matrix spans the restricted behaviour:  rank(H) = Lm+n =  26
Shape of Hankel (32, 1093)
The Hankel matrix spans the restricted behaviour:  rank(H) = Lm+n =  26
Shape of Hankel (32, 1093)
The Hankel matrix spans the restricted behaviour:  rank(H) = Lm+n =  26
Shape of Hankel (32, 1093)
The Hankel matrix spans the restricted behaviour:  rank(H) = Lm+n =  26
Shape of Hankel (32, 1093)
The Hankel matrix spans the restricted behaviour:  rank(H) = Lm+n =  26
Shape of Hankel (32, 1093)
The Hankel matrix spans the restricted behaviour:  rank(H) = Lm+n =  26
Shape of Hankel (32, 1093)
The Hankel matrix spans the restricted behaviour:  rank(H) = Lm+n =  26
Shape of Hankel (32, 1093)
The Hankel matrix spans the restricted behaviour:  rank(H) = Lm+n =  26
Shape of Hankel (32, 1093)
The Hankel matrix spans the restricted behaviour:  rank(H) = Lm+n =  26
Shape of Hankel (32, 1093)
The Hankel matrix spans the restricted behaviour:  rank(H) = Lm+n =  26
Shape of Hankel (32, 1093)
The Hankel matrix spans the restricted behaviour:  rank(H) = Lm+n =  26
Shape of Hankel (32, 1093)
The Hankel matrix spans the restricted behaviour:  rank(H) = Lm+n =  26
Shape of Hankel (32, 1093)
The Hankel matrix spans the restricted behaviour:  rank(H) = Lm+n =  26
Shape of Hankel (32, 1093)
The Hankel matrix spans the restricted behaviour:  rank(H) = Lm+n =  26
Shape of Hankel (32, 1093)
The Hankel matrix spans the restricted behaviour:  rank(H) = Lm+n =  26
Shape of Hankel (32, 1093)
The Hankel matrix spans the restricted behaviour:  rank(H) = Lm+n =  26
Shape of Hankel (32, 1093)
The Hankel matrix spans the restricted behaviour:  rank(H) = Lm+n =  26
Shape of Hankel (32, 1093)
The Hankel matrix spans the restricted behaviour:  rank(H) = Lm+n =  26
Shape of Hankel (32, 1093)
The Hankel matrix spans the restricted behaviour:  rank(H) = Lm+n =  26
Shape of Hankel (32, 1093)
The Hankel matrix spans the restricted behaviour:  rank(H) = Lm+n =  26
Shape of Hankel (32, 1093)
The Hankel matrix spans the restricted behaviour:  rank(H) = Lm+n =  26
Shape of Hankel (32, 1093)
The Hankel matrix spans the restricted behaviour:  rank(H) = Lm+n =  26
Shape of Hankel (32, 1093)
The Hankel matrix spans the restricted behaviour:  rank(H) = Lm+n =  26
Shape of Hankel (32, 1093)
The Hankel matrix spans the restricted behaviour:  rank(H) = Lm+n =  26
Shape of Hankel (32, 1093)
The Hankel matrix spans the restricted behaviour:  rank(H) = Lm+n =  26
Shape of Hankel (32, 1093)
The Hankel matrix spans the restricted behaviour:  rank(H) = Lm+n =  26
Shape of Hankel (32, 1093)
The Hankel matrix spans the restricted behaviour:  rank(H) = Lm+n =  26
Shape of Hankel (32, 1093)
The Hankel matrix spans the restricted behaviour:  rank(H) = Lm+n =  26
Shape of Hankel (32, 1093)
The Hankel matrix spans the restricted behaviour:  rank(H) = Lm+n =  26
Shape of Hankel (32, 1093)
The Hankel matrix spans the restricted behaviour:  rank(H) = Lm+n =  26
Shape of Hankel (32, 1093)
The Hankel matrix spans the restricted behaviour:  rank(H) = Lm+n =  26
Shape of Hankel (32, 1093)
The Hankel matrix spans the restricted behaviour:  rank(H) = Lm+n =  26
Shape of Hankel (32, 1093)
The Hankel matrix spans the restricted behaviour:  rank(H) = Lm+n =  26
Shape of Hankel (32, 1093)
The Hankel matrix spans the restricted behaviour:  rank(H) = Lm+n =  26
Shape of Hankel (32, 1093)
The Hankel matrix spans the restricted behaviour:  rank(H) = Lm+n =  26
Shape of Hankel (32, 1093)
The Hankel matrix spans the restricted behaviour:  rank(H) = Lm+n =  26
Shape of Hankel (32, 1093)
The Hankel matrix spans the restricted behaviour:  rank(H) = Lm+n =  26
Shape of Hankel (32, 1093)
The Hankel matrix spans the restricted behaviour:  rank(H) = Lm+n =  26
Shape of Hankel (32, 1093)
The Hankel matrix spans the restricted behaviour:  rank(H) = Lm+n =  26
Shape of Hankel (32, 1093)
The Hankel matrix spans the restricted behaviour:  rank(H) = Lm+n =  26
Shape of Hankel (32, 1093)
The Hankel matrix spans the restricted behaviour:  rank(H) = Lm+n =  26
Shape of Hankel (32, 1093)
The Hankel matrix spans the restricted behaviour:  rank(H) = Lm+n =  26
Shape of Hankel (32, 1093)
The Hankel matrix spans the restricted behaviour:  rank(H) = Lm+n =  26
Shape of Hankel (32, 1093)
The Hankel matrix spans the restricted behaviour:  rank(H) = Lm+n =  26
Shape of Hankel (32, 1093)
The Hankel matrix spans the restricted behaviour:  rank(H) = Lm+n =  26
Shape of Hankel (32, 1093)
The Hankel matrix spans the restricted behaviour:  rank(H) = Lm+n =  26
Shape of Hankel (32, 1093)
The Hankel matrix spans the restricted behaviour:  rank(H) = Lm+n =  26
Shape of Hankel (32, 1093)
The Hankel matrix spans the restricted behaviour:  rank(H) = Lm+n =  26
Shape of Hankel (32, 1093)
The Hankel matrix spans the restricted behaviour:  rank(H) = Lm+n =  26
Shape of Hankel (32, 1093)
The Hankel matrix spans the restricted behaviour:  rank(H) = Lm+n =  26
Shape of Hankel (32, 1093)
The Hankel matrix spans the restricted behaviour:  rank(H) = Lm+n =  26
Shape of Hankel (32, 1093)
The Hankel matrix spans the restricted behaviour:  rank(H) = Lm+n =  26
Shape of Hankel (32, 1093)
The Hankel matrix spans the restricted behaviour:  rank(H) = Lm+n =  26
Shape of Hankel (32, 1093)
The Hankel matrix spans the restricted behaviour:  rank(H) = Lm+n =  26
Shape of Hankel (32, 1093)
The Hankel matrix spans the restricted behaviour:  rank(H) = Lm+n =  26
Shape of Hankel (32, 1093)
The Hankel matrix spans the restricted behaviour:  rank(H) = Lm+n =  26
Shape of Hankel (32, 1093)
The Hankel matrix spans the restricted behaviour:  rank(H) = Lm+n =  26
Shape of Hankel (32, 1093)
The Hankel matrix spans the restricted behaviour:  rank(H) = Lm+n =  26
Shape of Hankel (32, 1093)
The Hankel matrix spans the restricted behaviour:  rank(H) = Lm+n =  26
Shape of Hankel (32, 1093)
The Hankel matrix spans the restricted behaviour:  rank(H) = Lm+n =  26
Shape of Hankel (32, 1093)
The Hankel matrix spans the restricted behaviour:  rank(H) = Lm+n =  26
Shape of Hankel (32, 1093)
The Hankel matrix spans the restricted behaviour:  rank(H) = Lm+n =  26
Shape of Hankel (32, 1093)
The Hankel matrix spans the restricted behaviour:  rank(H) = Lm+n =  26
Shape of Hankel (32, 1093)
The Hankel matrix spans the restricted behaviour:  rank(H) = Lm+n =  26
Shape of Hankel (32, 1093)
The Hankel matrix spans the restricted behaviour:  rank(H) = Lm+n =  26
Shape of Hankel (32, 1093)
The Hankel matrix spans the restricted behaviour:  rank(H) = Lm+n =  26
Shape of Hankel (32, 1093)
The Hankel matrix spans the restricted behaviour:  rank(H) = Lm+n =  26
Shape of Hankel (32, 1093)
The Hankel matrix spans the restricted behaviour:  rank(H) = Lm+n =  26
Shape of Hankel (24, 1093)
The Hankel matrix spans the restricted behaviour:  rank(H) = Lm+n =  18
rank 1000
Running time of Alberto Algo with 100 iterations:  652.6547276359997
[100]
Running time of distributed Algo with 100 outer iter and 10 alternating projection:  432.8771655470009
Running time of Worst case distributed Algo with 100 outer iter and 10 alternating projection:  218.89948595991154
rank 1000
Running time of Alberto Algo with 100 iterations:  636.151302590999
[100]
Running time of distributed Algo with 100 outer iter and 10 alternating projection:  436.25361051899745
Running time of Worst case distributed Algo with 100 outer iter and 10 alternating projection:  217.17227806305527
rank 1000
Running time of Alberto Algo with 100 iterations:  648.1274167289994
[100]
Running time of distributed Algo with 100 outer iter and 10 alternating projection:  424.8087179639988
Running time of Worst case distributed Algo with 100 outer iter and 10 alternating projection:  219.68889828690226
rank 1000
Running time of Alberto Algo with 100 iterations:  636.1900758590018
[100]
Running time of distributed Algo with 100 outer iter and 10 alternating projection:  435.53359686600015
Running time of Worst case distributed Algo with 100 outer iter and 10 alternating projection:  221.3856479809656
rank 1000
Running time of Alberto Algo with 100 iterations:  650.3143382800008
[100]
Running time of distributed Algo with 100 outer iter and 10 alternating projection:  430.8765346420005
Running time of Worst case distributed Algo with 100 outer iter and 10 alternating projection:  217.23663433201727
